Generating depth frames...
Generating depth frames...
Using device: cuda
../../video_processing/frames/phoHsw1-hy0/raw_frames
Running DepthAnythingV2 on extracted frames...
../../video_processing/frames/T6wqCJMrBkk/raw_frames
Running DepthAnythingV2 on extracted frames...
../../video_processing/frames/4JofAMHuDjk/raw_frames
Running DepthAnythingV2 on extracted frames...
../../video_processing/frames/TVNORdZFR4E/raw_frames
Running DepthAnythingV2 on extracted frames...
../../video_processing/frames/5AMejos2WmY/raw_frames
Running DepthAnythingV2 on extracted frames...
../../video_processing/frames/bxJiO3ZU22E/raw_frames
Running DepthAnythingV2 on extracted frames...
../../video_processing/frames/PGmKPK4yEYo/raw_frames
Running DepthAnythingV2 on extracted frames...
../../video_processing/frames/-H_yOuOWTRk/raw_frames
Running DepthAnythingV2 on extracted frames...
../../video_processing/frames/-__sBSuBzcA/raw_frames
Running DepthAnythingV2 on extracted frames...
../../video_processing/frames/NicweYnR8Ik/raw_frames
Running DepthAnythingV2 on extracted frames...
../../video_processing/frames/OmhDRLXkqS0/raw_frames
Running DepthAnythingV2 on extracted frames...
../../video_processing/frames/O_9Ha0i-WVc/raw_frames
Running DepthAnythingV2 on extracted frames...
../../video_processing/frames/fDZNiU-XFrY/raw_frames
Running DepthAnythingV2 on extracted frames...
../../video_processing/frames/TXHAmmjNj5s/raw_frames
Running DepthAnythingV2 on extracted frames...
../../video_processing/frames/9zmqN7IGsJc/raw_frames
Running DepthAnythingV2 on extracted frames...
../../video_processing/frames/GS6vmCG3BxI/raw_frames
Running DepthAnythingV2 on extracted frames...
../../video_processing/frames/dZe-5ZvODZ8/raw_frames
Running DepthAnythingV2 on extracted frames...
../../video_processing/frames/SXbhVl4wX_M/raw_frames
Running DepthAnythingV2 on extracted frames...
../../video_processing/frames/Hhxw8h4yJxQ/raw_frames
Running DepthAnythingV2 on extracted frames...
../../video_processing/frames/JIlvdxwRxec/raw_frames
Running DepthAnythingV2 on extracted frames...
../../video_processing/frames/ZBxlHyksDI8/raw_frames
Running DepthAnythingV2 on extracted frames...
../../video_processing/frames/EpKCFmPUgo0/raw_frames
Running DepthAnythingV2 on extracted frames...
../../video_processing/frames/YPqXEDMlwc0/raw_frames
Running DepthAnythingV2 on extracted frames...
../../video_processing/frames/vt6EVhbuS_A/raw_frames
Running DepthAnythingV2 on extracted frames...
../../video_processing/frames/0_QOTqYXNi0/raw_frames
Running DepthAnythingV2 on extracted frames...
../../video_processing/frames/aTNg8lsUGXA/raw_frames
Running DepthAnythingV2 on extracted frames...
../../video_processing/frames/GSASvZlQRHs/raw_frames
Running DepthAnythingV2 on extracted frames...
../../video_processing/frames/r5DHYU-jNQI/raw_frames
Running DepthAnythingV2 on extracted frames...
../../video_processing/frames/98pd9mxeYqM/raw_frames
Running DepthAnythingV2 on extracted frames...
../../video_processing/frames/9gE1nbfxYRg/raw_frames
../../video_processing/frames/22Tc7KW8oNM/raw_frames
Running DepthAnythingV2 on extracted frames...
../../video_processing/frames/n7riJLIteyE/raw_frames
Running DepthAnythingV2 on extracted frames...
../../video_processing/frames/_1k9XR8ZFTk/raw_frames
Running DepthAnythingV2 on extracted frames...
../../video_processing/frames/a9wCmcfARtY/raw_frames
Running DepthAnythingV2 on extracted frames...
../../video_processing/frames/TgXtgmnlW1A/raw_frames
Running DepthAnythingV2 on extracted frames...
../../video_processing/frames/T769hjGPGHw/raw_frames
Running DepthAnythingV2 on extracted frames...
../../video_processing/frames/dhTTXwFiH1A/raw_frames
Running DepthAnythingV2 on extracted frames...
../../video_processing/frames/o3-hxzkTwrQ/raw_frames
Running DepthAnythingV2 on extracted frames...
../../video_processing/frames/Jahpq5JGcw0/raw_frames
Running DepthAnythingV2 on extracted frames...
../../video_processing/frames/uNlISsZMfaw/raw_frames
Running DepthAnythingV2 on extracted frames...
../../video_processing/frames/wBTl4caU7wQ/raw_frames
Running DepthAnythingV2 on extracted frames...
../../video_processing/frames/xMKBxqHM87Q/raw_frames
Running DepthAnythingV2 on extracted frames...
../../video_processing/frames/aoBtR2wGOgg/raw_frames
../../video_processing/frames/y9sHzIMkelk/raw_frames
Running DepthAnythingV2 on extracted frames...
../../video_processing/frames/q2WOEQb-8v8/raw_frames
Running DepthAnythingV2 on extracted frames...
../../video_processing/frames/knpPY_rOw4A/raw_frames
Running DepthAnythingV2 on extracted frames...
../../video_processing/frames/VttqOLqEZvM/raw_frames
Running DepthAnythingV2 on extracted frames...
../../video_processing/frames/56dM7tLih1U/raw_frames
Running DepthAnythingV2 on extracted frames...
../../video_processing/frames/G8arsGW0kNo/raw_frames
Running DepthAnythingV2 on extracted frames...
../../video_processing/frames/amlqth7hQw0/raw_frames
Running DepthAnythingV2 on extracted frames...
../../video_processing/frames/9NZC_UCPhUo/raw_frames
Running DepthAnythingV2 on extracted frames...
../../video_processing/frames/3he8yFg7YX8/raw_frames
Running DepthAnythingV2 on extracted frames...
../../video_processing/frames/QL7uFaYtrWo/raw_frames
Running DepthAnythingV2 on extracted frames...
../../video_processing/frames/o7f1qDapOe8/raw_frames
Running DepthAnythingV2 on extracted frames...
../../video_processing/frames/E54QPR1u3Ik/raw_frames
Running DepthAnythingV2 on extracted frames...
../../video_processing/frames/90XUffl_tGc/raw_frames
Running DepthAnythingV2 on extracted frames...
../../video_processing/frames/whtCPLuDH5I/raw_frames
Running DepthAnythingV2 on extracted frames...
../../video_processing/frames/q-0aO51Y-3A/raw_frames
../../video_processing/frames/tH2tlgTF4uY/raw_frames
../../video_processing/frames/i9tdgZvBNm0/raw_frames
Running DepthAnythingV2 on extracted frames...
../../video_processing/frames/NDNXM9kq5RI/raw_frames
Running DepthAnythingV2 on extracted frames...
../../video_processing/frames/A7u7HYFuKes/raw_frames
Running DepthAnythingV2 on extracted frames...
../../video_processing/frames/p4d7tryXjd8/raw_frames
Running DepthAnythingV2 on extracted frames...
../../video_processing/frames/1JWRoLKb7bk/raw_frames
Running DepthAnythingV2 on extracted frames...
../../video_processing/frames/kgkSd-MWo5w/raw_frames
Running DepthAnythingV2 on extracted frames...
../../video_processing/frames/lBV1bB-ON_w/raw_frames
Running DepthAnythingV2 on extracted frames...
../../video_processing/frames/QR8FLc5kIfk/raw_frames
Running DepthAnythingV2 on extracted frames...
../../video_processing/frames/satMCvVd_B0/raw_frames
Running DepthAnythingV2 on extracted frames...
../../video_processing/frames/m_kXk4HQWEQ/raw_frames
Running DepthAnythingV2 on extracted frames...
../../video_processing/frames/cpI2_W680_w/raw_frames
Running DepthAnythingV2 on extracted frames...
../../video_processing/frames/e7CmKcfrqzQ/raw_frames
Running DepthAnythingV2 on extracted frames...
../../video_processing/frames/oOtZD1PlFuw/raw_frames
Running DepthAnythingV2 on extracted frames...
../../video_processing/frames/nB68I_084aA/raw_frames
Running DepthAnythingV2 on extracted frames...
../../video_processing/frames/FkSUCEfqifQ/raw_frames
Running DepthAnythingV2 on extracted frames...
../../video_processing/frames/30zAWSINOgs/raw_frames
Running DepthAnythingV2 on extracted frames...
../../video_processing/frames/oNwjMD5C29A/raw_frames
Running DepthAnythingV2 on extracted frames...
../../video_processing/frames/Z-k73GyMX9k/raw_frames
Running DepthAnythingV2 on extracted frames...
../../video_processing/frames/3zU6ON0wQtw/raw_frames
Running DepthAnythingV2 on extracted frames...
../../video_processing/frames/5WB1xnPjJ6A/raw_frames
Running DepthAnythingV2 on extracted frames...
../../video_processing/frames/DWeIRD0ylL0/raw_frames
Running DepthAnythingV2 on extracted frames...
../../video_processing/frames/aTO5NR2kIRo/raw_frames
Running DepthAnythingV2 on extracted frames...
../../video_processing/frames/uW2PEns7Uz8/raw_frames
Running DepthAnythingV2 on extracted frames...
../../video_processing/frames/mCnJgDk_xww/raw_frames
Running DepthAnythingV2 on extracted frames...
../../video_processing/frames/eEaEfgJuDQY/raw_frames
Running DepthAnythingV2 on extracted frames...
../../video_processing/frames/C6f4Nf0B1Qc/raw_frames
Running DepthAnythingV2 on extracted frames...
../../video_processing/frames/MW2ELdljsgo/raw_frames
Running DepthAnythingV2 on extracted frames...
../../video_processing/frames/dsa5hOIV2wc/raw_frames
Running DepthAnythingV2 on extracted frames...
../../video_processing/frames/UycL1soib04/raw_frames
Running DepthAnythingV2 on extracted frames...
../../video_processing/frames/qv25pKyYdxw/raw_frames
Running DepthAnythingV2 on extracted frames...
../../video_processing/frames/neDqy7Gjvk0/raw_frames
Running DepthAnythingV2 on extracted frames...
../../video_processing/frames/dGUmu_BBeWA/raw_frames
Running DepthAnythingV2 on extracted frames...
../../video_processing/frames/daB_bWu0KOw/raw_frames
Running DepthAnythingV2 on extracted frames...
../../video_processing/frames/jmd-TL6yrIU/raw_frames
Running DepthAnythingV2 on extracted frames...
../../video_processing/frames/lmg_z-24RIQ/raw_frames
Running DepthAnythingV2 on extracted frames...
../../video_processing/frames/--JPzgi_hlg/raw_frames
Running DepthAnythingV2 on extracted frames...
../../video_processing/frames/vkgEPd0A9t4/raw_frames
Running DepthAnythingV2 on extracted frames...
../../video_processing/frames/yNuQshqrD_I/raw_frames
Running DepthAnythingV2 on extracted frames...
../../video_processing/frames/9t_hqzgE6yY/raw_frames
Running DepthAnythingV2 on extracted frames...
../../video_processing/frames/tb4OiUS-vfY/raw_frames
Running DepthAnythingV2 on extracted frames...
Processing completed.

Using device: cuda
../../video_processing/frames/6I4CE4382Mc/raw_frames
Running DepthAnythingV2 on extracted frames...
../../video_processing/frames/3iH7QQYx2Xw/raw_frames
Running DepthAnythingV2 on extracted frames...
../../video_processing/frames/i7orLHQCOOc/raw_frames
Running DepthAnythingV2 on extracted frames...
../../video_processing/frames/HuZUX0aEhxA/raw_frames
Running DepthAnythingV2 on extracted frames...
../../video_processing/frames/TWkjgNkyi60/raw_frames
Running DepthAnythingV2 on extracted frames...
../../video_processing/frames/XSOCNzV1hhM/raw_frames
Running DepthAnythingV2 on extracted frames...
../../video_processing/frames/cbDVClciCSs/raw_frames
Running DepthAnythingV2 on extracted frames...
../../video_processing/frames/uiWBgpVFl-I/raw_frames
Running DepthAnythingV2 on extracted frames...
../../video_processing/frames/1VNr2AyJ71w/raw_frames
Running DepthAnythingV2 on extracted frames...
../../video_processing/frames/rYO3q1rUT_c/raw_frames
Running DepthAnythingV2 on extracted frames...
../../video_processing/frames/TP-sYhZMqCE/raw_frames
Running DepthAnythingV2 on extracted frames...
../../video_processing/frames/WDTFXjMH-7E/raw_frames
Running DepthAnythingV2 on extracted frames...
../../video_processing/frames/nNi-mWj1rpE/raw_frames
Running DepthAnythingV2 on extracted frames...
../../video_processing/frames/z2mCrBttkM4/raw_frames
Running DepthAnythingV2 on extracted frames...
../../video_processing/frames/JwlmFQ1npeY/raw_frames
Running DepthAnythingV2 on extracted frames...
../../video_processing/frames/AwIkdOiOD_E/raw_frames
Running DepthAnythingV2 on extracted frames...
../../video_processing/frames/k_G-2OTf-tY/raw_frames
Running DepthAnythingV2 on extracted frames...
../../video_processing/frames/xp5OMWZyZhk/raw_frames
Running DepthAnythingV2 on extracted frames...
../../video_processing/frames/TaooW-zT4b8/raw_frames
Running DepthAnythingV2 on extracted frames...
../../video_processing/frames/oe8DZEwyxvU/raw_frames
Running DepthAnythingV2 on extracted frames...
../../video_processing/frames/mgk3j14Vi0w/raw_frames
Running DepthAnythingV2 on extracted frames...
../../video_processing/frames/uNsLUH4kiiE/raw_frames
Running DepthAnythingV2 on extracted frames...
../../video_processing/frames/fIICl8s1nxs/raw_frames
Running DepthAnythingV2 on extracted frames...
../../video_processing/frames/VFdMKznk8CY/raw_frames
Running DepthAnythingV2 on extracted frames...
../../video_processing/frames/g_gEKg8FptE/raw_frames
Running DepthAnythingV2 on extracted frames...
../../video_processing/frames/v_u-8kJDkWQ/raw_frames
Running DepthAnythingV2 on extracted frames...
../../video_processing/frames/TORDtwgBt30/raw_frames
Running DepthAnythingV2 on extracted frames...
../../video_processing/frames/LK0yLEEq5lk/raw_frames
Running DepthAnythingV2 on extracted frames...
../../video_processing/frames/0e0cjhRC-RU/raw_frames
Running DepthAnythingV2 on extracted frames...
../../video_processing/frames/H995h_tDOHI/raw_frames
Running DepthAnythingV2 on extracted frames...
../../video_processing/frames/Hyru1bB9Cxk/raw_frames
Running DepthAnythingV2 on extracted frames...
../../video_processing/frames/q_ovvNLFzsk/raw_frames
Running DepthAnythingV2 on extracted frames...
../../video_processing/frames/ONLJqrpkvm0/raw_frames
Running DepthAnythingV2 on extracted frames...
../../video_processing/frames/ZHH0odgXBXI/raw_frames
../../video_processing/frames/ekx2XcYxVxQ/raw_frames
Running DepthAnythingV2 on extracted frames...
../../video_processing/frames/3Zadt1abGS0/raw_frames
Running DepthAnythingV2 on extracted frames...
../../video_processing/frames/ktCrc0URpCI/raw_frames
Running DepthAnythingV2 on extracted frames...
../../video_processing/frames/2q2Tba0sFTE/raw_frames
Running DepthAnythingV2 on extracted frames...
../../video_processing/frames/kYqahodYpvM/raw_frames
../../video_processing/frames/jZpJnBVKAi8/raw_frames
Running DepthAnythingV2 on extracted frames...
../../video_processing/frames/4m2ukTxaHek/raw_frames
Running DepthAnythingV2 on extracted frames...
../../video_processing/frames/6vhFpQTMGu4/raw_frames
Running DepthAnythingV2 on extracted frames...
../../video_processing/frames/ouZB47ZZHLc/raw_frames
Running DepthAnythingV2 on extracted frames...
../../video_processing/frames/grda19gbO0k/raw_frames
Running DepthAnythingV2 on extracted frames...
../../video_processing/frames/_Fk2UfqVySg/raw_frames
Running DepthAnythingV2 on extracted frames...
../../video_processing/frames/5LUPajxpIXM/raw_frames
Running DepthAnythingV2 on extracted frames...
../../video_processing/frames/2o-Iq3r_suA/raw_frames
Running DepthAnythingV2 on extracted frames...
../../video_processing/frames/--vP_LrXZwo/raw_frames
Running DepthAnythingV2 on extracted frames...
../../video_processing/frames/nyLKo7pEkG0/raw_frames
Running DepthAnythingV2 on extracted frames...
../../video_processing/frames/K-k_2k5YejI/raw_frames
Running DepthAnythingV2 on extracted frames...
../../video_processing/frames/LKcFEyco2lQ/raw_frames
Running DepthAnythingV2 on extracted frames...
../../video_processing/frames/tX3mfbPnJwM/raw_frames
Running DepthAnythingV2 on extracted frames...
../../video_processing/frames/ny8uMUPpo6I/raw_frames
Running DepthAnythingV2 on extracted frames...
../../video_processing/frames/Zm3a7nKmObE/raw_frames
Running DepthAnythingV2 on extracted frames...
../../video_processing/frames/Ia7E8capeyc/raw_frames
Running DepthAnythingV2 on extracted frames...
../../video_processing/frames/pMqJ3cSeFIo/raw_frames
Running DepthAnythingV2 on extracted frames...
../../video_processing/frames/8f9mADiLltQ/raw_frames
Running DepthAnythingV2 on extracted frames...
../../video_processing/frames/r4ThknEGQZg/raw_frames
Running DepthAnythingV2 on extracted frames...
../../video_processing/frames/5YYZkA3v5MY/raw_frames
Running DepthAnythingV2 on extracted frames...
../../video_processing/frames/CWpMhJmwqJ0/raw_frames
Running DepthAnythingV2 on extracted frames...
../../video_processing/frames/DjkAt8qciV0/raw_frames
Running DepthAnythingV2 on extracted frames...
../../video_processing/frames/cT-0oVHW6BU/raw_frames
Running DepthAnythingV2 on extracted frames...
../../video_processing/frames/Xq7f1yHbMSM/raw_frames
Running DepthAnythingV2 on extracted frames...
../../video_processing/frames/fKvfa0UvRuQ/raw_frames
Running DepthAnythingV2 on extracted frames...
../../video_processing/frames/5eaOlqOQ-vo/raw_frames
../../video_processing/frames/VQJsNvfwHpI/raw_frames
Running DepthAnythingV2 on extracted frames...
../../video_processing/frames/xvTUAtc0Smw/raw_frames
Running DepthAnythingV2 on extracted frames...
../../video_processing/frames/Q5d1vUz8ek8/raw_frames
Running DepthAnythingV2 on extracted frames...
../../video_processing/frames/E6VJXmkgdfc/raw_frames
Running DepthAnythingV2 on extracted frames...
../../video_processing/frames/oY63zAdUdVo/raw_frames
Running DepthAnythingV2 on extracted frames...
../../video_processing/frames/tfKWKfagfFs/raw_frames
Running DepthAnythingV2 on extracted frames...
../../video_processing/frames/A11SHsRWptY/raw_frames
Running DepthAnythingV2 on extracted frames...
../../video_processing/frames/zsMFF9wEKjE/raw_frames
Running DepthAnythingV2 on extracted frames...
../../video_processing/frames/1vK4rtprz6w/raw_frames
../../video_processing/frames/A8qTRBc8Bws/raw_frames
../../video_processing/frames/2YgkwKHJFBw/raw_frames
Running DepthAnythingV2 on extracted frames...
../../video_processing/frames/-ew-wjLp0UA/raw_frames
Running DepthAnythingV2 on extracted frames...
../../video_processing/frames/9q2_Sesns-0/raw_frames
Running DepthAnythingV2 on extracted frames...
../../video_processing/frames/LV85zcpPbjc/raw_frames
Running DepthAnythingV2 on extracted frames...
../../video_processing/frames/TaRa-OUUf3Q/raw_frames
Running DepthAnythingV2 on extracted frames...
../../video_processing/frames/Ee__0yuE6Lk/raw_frames
../../video_processing/frames/ehVwzKzpuEQ/raw_frames
Running DepthAnythingV2 on extracted frames...
../../video_processing/frames/tGavl99_rAM/raw_frames
Running DepthAnythingV2 on extracted frames...
../../video_processing/frames/7-GOF18RdL8/raw_frames
Running DepthAnythingV2 on extracted frames...
../../video_processing/frames/Gu5vXvzqL8o/raw_frames
Running DepthAnythingV2 on extracted frames...
../../video_processing/frames/tlPb6vvE01Q/raw_frames
Running DepthAnythingV2 on extracted frames...
../../video_processing/frames/HboGe9K0dAQ/raw_frames
Running DepthAnythingV2 on extracted frames...
../../video_processing/frames/AoA-IOn73PA/raw_frames
Running DepthAnythingV2 on extracted frames...
../../video_processing/frames/DxiBusMaqDE/raw_frames
Running DepthAnythingV2 on extracted frames...
../../video_processing/frames/a6gH3MSkhIk/raw_frames
Running DepthAnythingV2 on extracted frames...
../../video_processing/frames/JZiUxz0vpH8/raw_frames
Running DepthAnythingV2 on extracted frames...
../../video_processing/frames/l2Xr_uBTiEA/raw_frames
Running DepthAnythingV2 on extracted frames...
../../video_processing/frames/jttGx75xBTo/raw_frames
../../video_processing/frames/kaImmBDEvfU/raw_frames
Running DepthAnythingV2 on extracted frames...
../../video_processing/frames/kQcax3Rv4oA/raw_frames
Running DepthAnythingV2 on extracted frames...
../../video_processing/frames/81fWBMyLxz4/raw_frames
Running DepthAnythingV2 on extracted frames...
../../video_processing/frames/qKkdL5XRvbE/raw_frames
Running DepthAnythingV2 on extracted frames...
../../video_processing/frames/9n6o94ETbh8/raw_frames
Running DepthAnythingV2 on extracted frames...
../../video_processing/frames/zfNbC9p5zEI/raw_frames
Running DepthAnythingV2 on extracted frames...
Processing completed.

Using device: cuda
../../video_processing/frames/dX8oI5Pq4Jg/raw_frames
Running DepthAnythingV2 on extracted frames...
../../video_processing/frames/L7qGADzUwx8/raw_frames
Running DepthAnythingV2 on extracted frames...
../../video_processing/frames/Od7PWcMJDtw/raw_frames
Running DepthAnythingV2 on extracted frames...
../../video_processing/frames/__KlJrj-TcA/raw_frames
../../video_processing/frames/v1kQdCvqx9M/raw_frames
Running DepthAnythingV2 on extracted frames...
../../video_processing/frames/4YyiojlzF54/raw_frames
Running DepthAnythingV2 on extracted frames...
../../video_processing/frames/hUmxWiac1NE/raw_frames
Running DepthAnythingV2 on extracted frames...
../../video_processing/frames/kqFxX0W53sE/raw_frames
Running DepthAnythingV2 on extracted frames...
../../video_processing/frames/xkzkrlBrovc/raw_frames
Running DepthAnythingV2 on extracted frames...
../../video_processing/frames/YWK8yUVc5yk/raw_frames
Running DepthAnythingV2 on extracted frames...
../../video_processing/frames/WmrzzR5qKOs/raw_frames
Running DepthAnythingV2 on extracted frames...
../../video_processing/frames/VhmcP-ydDEI/raw_frames
Running DepthAnythingV2 on extracted frames...
../../video_processing/frames/VdhrQYdz4rM/raw_frames
Running DepthAnythingV2 on extracted frames...
../../video_processing/frames/fSEtiixgRJI/raw_frames
../../video_processing/frames/PFj6Be9LKBY/raw_frames
Running DepthAnythingV2 on extracted frames...
../../video_processing/frames/BRZp9Heepuk/raw_frames
Running DepthAnythingV2 on extracted frames...
../../video_processing/frames/Kxw6kgNXgho/raw_frames
../../video_processing/frames/hUyWBvmoch0/raw_frames
Running DepthAnythingV2 on extracted frames...
../../video_processing/frames/TverEFmJJN8/raw_frames
Running DepthAnythingV2 on extracted frames...
../../video_processing/frames/f3kuTkyTQiY/raw_frames
Running DepthAnythingV2 on extracted frames...
../../video_processing/frames/DxzL6CSktjk/raw_frames
Running DepthAnythingV2 on extracted frames...
../../video_processing/frames/rstUbflFTuE/raw_frames
Running DepthAnythingV2 on extracted frames...
../../video_processing/frames/2brOwfWSOEE/raw_frames
Running DepthAnythingV2 on extracted frames...
../../video_processing/frames/lUP7s9P_fjE/raw_frames
Running DepthAnythingV2 on extracted frames...
../../video_processing/frames/dmnBrbg3fvQ/raw_frames
../../video_processing/frames/K_wkWEuZ2a0/raw_frames
Running DepthAnythingV2 on extracted frames...
../../video_processing/frames/9V_2tO04ufQ/raw_frames
Running DepthAnythingV2 on extracted frames...
../../video_processing/frames/nKIgff84n3Y/raw_frames
Running DepthAnythingV2 on extracted frames...
../../video_processing/frames/Z2-8Nz3IOxs/raw_frames
Running DepthAnythingV2 on extracted frames...
../../video_processing/frames/XnqrMnNfupM/raw_frames
Running DepthAnythingV2 on extracted frames...
../../video_processing/frames/1YSbxtaE4cA/raw_frames
Running DepthAnythingV2 on extracted frames...
../../video_processing/frames/OBwGyIW8uGA/raw_frames
Running DepthAnythingV2 on extracted frames...
../../video_processing/frames/FM2T_2cB590/raw_frames
../../video_processing/frames/pD6RDuRMDv4/raw_frames
Running DepthAnythingV2 on extracted frames...
../../video_processing/frames/AxNvf5wyNNM/raw_frames
Running DepthAnythingV2 on extracted frames...
../../video_processing/frames/5D0L9WMW84c/raw_frames
Running DepthAnythingV2 on extracted frames...
../../video_processing/frames/qaY5jYmYIGE/raw_frames
Running DepthAnythingV2 on extracted frames...
../../video_processing/frames/JwyjISk0G3o/raw_frames
../../video_processing/frames/J1lYHTz5J6E/raw_frames
Running DepthAnythingV2 on extracted frames...
../../video_processing/frames/NxqDxIBmf4A/raw_frames
Running DepthAnythingV2 on extracted frames...
../../video_processing/frames/Uux9sxPl6Oo/raw_frames
Running DepthAnythingV2 on extracted frames...
../../video_processing/frames/iNVk0Pb8zMw/raw_frames
Running DepthAnythingV2 on extracted frames...
../../video_processing/frames/5xe03SHh8SE/raw_frames
Running DepthAnythingV2 on extracted frames...
../../video_processing/frames/hONwnF8guYs/raw_frames
Running DepthAnythingV2 on extracted frames...
../../video_processing/frames/hfFdtToCypo/raw_frames
Running DepthAnythingV2 on extracted frames...
../../video_processing/frames/KYaVIzvUKl4/raw_frames
Running DepthAnythingV2 on extracted frames...
../../video_processing/frames/TrvSPa8-Oro/raw_frames
Running DepthAnythingV2 on extracted frames...
../../video_processing/frames/Lws9_mrweYM/raw_frames
Running DepthAnythingV2 on extracted frames...
../../video_processing/frames/BjG5GveRr98/raw_frames
Running DepthAnythingV2 on extracted frames...
../../video_processing/frames/bNuQB_DwnXs/raw_frames
Running DepthAnythingV2 on extracted frames...
../../video_processing/frames/XjlrowuzAuY/raw_frames
Running DepthAnythingV2 on extracted frames...
../../video_processing/frames/tv2Q83lplG0/raw_frames
Running DepthAnythingV2 on extracted frames...
../../video_processing/frames/KyMzwu2cs3g/raw_frames
Running DepthAnythingV2 on extracted frames...
../../video_processing/frames/v9CPaL6vz7g/raw_frames
Running DepthAnythingV2 on extracted frames...
../../video_processing/frames/9MFJWkxJj7g/raw_frames
Running DepthAnythingV2 on extracted frames...
../../video_processing/frames/isZFehOBoEo/raw_frames
Running DepthAnythingV2 on extracted frames...
../../video_processing/frames/pB8BTqxDJdw/raw_frames
Running DepthAnythingV2 on extracted frames...
../../video_processing/frames/HeZUAPpKuBQ/raw_frames
Running DepthAnythingV2 on extracted frames...
../../video_processing/frames/-MKt3Eq3-s0/raw_frames
Running DepthAnythingV2 on extracted frames...
../../video_processing/frames/e2pJO_dSbnA/raw_frames
Running DepthAnythingV2 on extracted frames...
../../video_processing/frames/prT5NJgw1rU/raw_frames
Running DepthAnythingV2 on extracted frames...
../../video_processing/frames/j870IDAhxsk/raw_frames
Running DepthAnythingV2 on extracted frames...
../../video_processing/frames/-alkOUaAFwo/raw_frames
../../video_processing/frames/BLb1kFmtsLY/raw_frames
Running DepthAnythingV2 on extracted frames...
../../video_processing/frames/CAyRKq_C4eQ/raw_frames
Running DepthAnythingV2 on extracted frames...
../../video_processing/frames/F4_KCvcXw5k/raw_frames
Running DepthAnythingV2 on extracted frames...
../../video_processing/frames/RTbVw9GZfws/raw_frames
Running DepthAnythingV2 on extracted frames...
../../video_processing/frames/pg4vJ_fFw6M/raw_frames
Running DepthAnythingV2 on extracted frames...
../../video_processing/frames/Qs8OMOQ-UsI/raw_frames
Running DepthAnythingV2 on extracted frames...
../../video_processing/frames/itPKpXpIaL4/raw_frames
Running DepthAnythingV2 on extracted frames...
../../video_processing/frames/AWHS_aIzyHA/raw_frames
Running DepthAnythingV2 on extracted frames...
../../video_processing/frames/ZOIOIsDkKxk/raw_frames
Running DepthAnythingV2 on extracted frames...
../../video_processing/frames/GRE0avyjU0Q/raw_frames
Running DepthAnythingV2 on extracted frames...
../../video_processing/frames/w6LFUsW8nbw/raw_frames
Running DepthAnythingV2 on extracted frames...
../../video_processing/frames/lzS666BrwuM/raw_frames
Running DepthAnythingV2 on extracted frames...
../../video_processing/frames/E3LVDfV8sMg/raw_frames
Running DepthAnythingV2 on extracted frames...
../../video_processing/frames/AtxlK58wQfA/raw_frames
Running DepthAnythingV2 on extracted frames...
../../video_processing/frames/BUskYTgO4GM/raw_frames
Running DepthAnythingV2 on extracted frames...
../../video_processing/frames/u7E1Lgmbioc/raw_frames
../../video_processing/frames/e_vq0ZNDcb4/raw_frames
Running DepthAnythingV2 on extracted frames...
../../video_processing/frames/n3amNPpV-mA/raw_frames
Running DepthAnythingV2 on extracted frames...
../../video_processing/frames/hZffK2Z1EO0/raw_frames
Running DepthAnythingV2 on extracted frames...
../../video_processing/frames/T7jX41rjdXE/raw_frames
Running DepthAnythingV2 on extracted frames...
../../video_processing/frames/f-8OYBROKls/raw_frames
../../video_processing/frames/I_LG0YmXMsA/raw_frames
Running DepthAnythingV2 on extracted frames...
../../video_processing/frames/AC7GaBv3bYk/raw_frames
Could not open video file: ../../video_processing/relevant_videos/AC7GaBv3bYk.mp4
../../video_processing/frames/tXdM9yLoHLk/raw_frames
Running DepthAnythingV2 on extracted frames...
../../video_processing/frames/6mAhZqLnTts/raw_frames
Running DepthAnythingV2 on extracted frames...
../../video_processing/frames/XU9IGKlvOrc/raw_frames
Running DepthAnythingV2 on extracted frames...
../../video_processing/frames/ZpcjNMUmM9c/raw_frames
../../video_processing/frames/5Mx_5BXvWL4/raw_frames
Running DepthAnythingV2 on extracted frames...
../../video_processing/frames/43UWkFfZgsk/raw_frames
Running DepthAnythingV2 on extracted frames...
../../video_processing/frames/-yhWEkXqVR0/raw_frames
Running DepthAnythingV2 on extracted frames...
../../video_processing/frames/pgdDDM30ALw/raw_frames
Running DepthAnythingV2 on extracted frames...
../../video_processing/frames/6_AKq1_d6nw/raw_frames
Running DepthAnythingV2 on extracted frames...
../../video_processing/frames/fiy-LYv5ovM/raw_frames
Running DepthAnythingV2 on extracted frames...
../../video_processing/frames/am1Q2GWds0g/raw_frames
Running DepthAnythingV2 on extracted frames...
../../video_processing/frames/NvLJ2VPZUxg/raw_frames
Running DepthAnythingV2 on extracted frames...
../../video_processing/frames/8gKlXtWRbQ8/raw_frames
Running DepthAnythingV2 on extracted frames...
Processing completed.

Using device: cuda
../../video_processing/frames/lmhSv6-T7EQ/raw_frames
Running DepthAnythingV2 on extracted frames...
../../video_processing/frames/DD568ClG9gI/raw_frames
Running DepthAnythingV2 on extracted frames...
../../video_processing/frames/D-PG-GpJqo4/raw_frames
Running DepthAnythingV2 on extracted frames...
../../video_processing/frames/D4Cj8J-gdLs/raw_frames
Running DepthAnythingV2 on extracted frames...
../../video_processing/frames/y6P_FKqXzDA/raw_frames
Running DepthAnythingV2 on extracted frames...
../../video_processing/frames/LT4WYX0qxXg/raw_frames
Running DepthAnythingV2 on extracted frames...
../../video_processing/frames/xrOdem1ENvM/raw_frames
Running DepthAnythingV2 on extracted frames...
../../video_processing/frames/ilG9bIPoWEI/raw_frames
Running DepthAnythingV2 on extracted frames...
../../video_processing/frames/3-xjgCWMED0/raw_frames
Running DepthAnythingV2 on extracted frames...
../../video_processing/frames/9bwkWrghsOI/raw_frames
Running DepthAnythingV2 on extracted frames...
../../video_processing/frames/1t2rFGphDpI/raw_frames
Running DepthAnythingV2 on extracted frames...
../../video_processing/frames/I6xmfCYYygA/raw_frames
Running DepthAnythingV2 on extracted frames...
../../video_processing/frames/UyH70Hi7TEs/raw_frames
Running DepthAnythingV2 on extracted frames...
../../video_processing/frames/Bd4Sx8Be8EI/raw_frames
Running DepthAnythingV2 on extracted frames...
../../video_processing/frames/_vg9f9ijPIk/raw_frames
Running DepthAnythingV2 on extracted frames...
../../video_processing/frames/dinkoJSw5nQ/raw_frames
Running DepthAnythingV2 on extracted frames...
../../video_processing/frames/2mfXd4qr_K0/raw_frames
Running DepthAnythingV2 on extracted frames...
../../video_processing/frames/pwgC95JFqOY/raw_frames
Running DepthAnythingV2 on extracted frames...
../../video_processing/frames/HflbtKfhW_A/raw_frames
Running DepthAnythingV2 on extracted frames...
../../video_processing/frames/pCWKpzx0QmM/raw_frames
Running DepthAnythingV2 on extracted frames...
../../video_processing/frames/0UMM2almwRM/raw_frames
Running DepthAnythingV2 on extracted frames...
../../video_processing/frames/fomDWeV8i2Q/raw_frames
Running DepthAnythingV2 on extracted frames...
../../video_processing/frames/xKcNKrgoI0Q/raw_frames
Running DepthAnythingV2 on extracted frames...
../../video_processing/frames/vxHp3TUoisE/raw_frames
Running DepthAnythingV2 on extracted frames...
../../video_processing/frames/5am4ZjEZ4wc/raw_frames
Running DepthAnythingV2 on extracted frames...
../../video_processing/frames/CoI-rTft9X4/raw_frames
Running DepthAnythingV2 on extracted frames...
../../video_processing/frames/buKms5BT8kM/raw_frames
../../video_processing/frames/Gqacej37IrU/raw_frames
../../video_processing/frames/D0gjtP6Fwug/raw_frames
../../video_processing/frames/Qwcmw3DV_Mc/raw_frames
Running DepthAnythingV2 on extracted frames...
../../video_processing/frames/0T61OtYydXc/raw_frames
Running DepthAnythingV2 on extracted frames...
../../video_processing/frames/HZIsnzBnTKQ/raw_frames
Running DepthAnythingV2 on extracted frames...
../../video_processing/frames/M6K2jXiCyA8/raw_frames
Running DepthAnythingV2 on extracted frames...
../../video_processing/frames/X0WAbH4izeE/raw_frames
Running DepthAnythingV2 on extracted frames...
../../video_processing/frames/fU6S4kp1q1c/raw_frames
Running DepthAnythingV2 on extracted frames...
../../video_processing/frames/Q3GI9M0I4us/raw_frames
Running DepthAnythingV2 on extracted frames...
../../video_processing/frames/FoUqC-5Ycyg/raw_frames
Running DepthAnythingV2 on extracted frames...
../../video_processing/frames/o111KF3_y-4/raw_frames
Running DepthAnythingV2 on extracted frames...
../../video_processing/frames/nKMOYmQaH8o/raw_frames
Running DepthAnythingV2 on extracted frames...
../../video_processing/frames/blU9b3cQvoY/raw_frames
Running DepthAnythingV2 on extracted frames...
../../video_processing/frames/D8aqD6RUuQE/raw_frames
Running DepthAnythingV2 on extracted frames...
../../video_processing/frames/j8BPnSa32Co/raw_frames
Running DepthAnythingV2 on extracted frames...
../../video_processing/frames/J0MPWh15Q9s/raw_frames
Running DepthAnythingV2 on extracted frames...
../../video_processing/frames/CCSmD5cSn5I/raw_frames
Running DepthAnythingV2 on extracted frames...
../../video_processing/frames/B-SPAcVJAPE/raw_frames
Running DepthAnythingV2 on extracted frames...
../../video_processing/frames/rifXAuqEPcE/raw_frames
Running DepthAnythingV2 on extracted frames...
../../video_processing/frames/cYwyBM6CFVM/raw_frames
Running DepthAnythingV2 on extracted frames...
../../video_processing/frames/EaA-Wry8SsM/raw_frames
Running DepthAnythingV2 on extracted frames...
../../video_processing/frames/zI_lwy8KfHI/raw_frames
Running DepthAnythingV2 on extracted frames...
../../video_processing/frames/C7Mfp5Ax6d0/raw_frames
Running DepthAnythingV2 on extracted frames...
../../video_processing/frames/B0c4aBzkRxU/raw_frames
Running DepthAnythingV2 on extracted frames...
../../video_processing/frames/3IPKhHHaPXI/raw_frames
Running DepthAnythingV2 on extracted frames...
../../video_processing/frames/TXmpgeV35vI/raw_frames
Running DepthAnythingV2 on extracted frames...
../../video_processing/frames/0o28RI1i5_0/raw_frames
Running DepthAnythingV2 on extracted frames...
../../video_processing/frames/vs6h9ndpB6c/raw_frames
Running DepthAnythingV2 on extracted frames...
../../video_processing/frames/BvS_m8xKunI/raw_frames
Running DepthAnythingV2 on extracted frames...
../../video_processing/frames/V7r3QfDjKE4/raw_frames
Running DepthAnythingV2 on extracted frames...
../../video_processing/frames/b7LQvkW9YPk/raw_frames
Running DepthAnythingV2 on extracted frames...
../../video_processing/frames/OKfuHgiZpVw/raw_frames
Running DepthAnythingV2 on extracted frames...
../../video_processing/frames/vMiBC0LHF-w/raw_frames
Running DepthAnythingV2 on extracted frames...
../../video_processing/frames/wWRdidwFY50/raw_frames
Running DepthAnythingV2 on extracted frames...
../../video_processing/frames/s_k0FJyb3Eg/raw_frames
Running DepthAnythingV2 on extracted frames...
../../video_processing/frames/iqveen9btLI/raw_frames
Running DepthAnythingV2 on extracted frames...
../../video_processing/frames/p4XHzkWX7w0/raw_frames
Running DepthAnythingV2 on extracted frames...
../../video_processing/frames/sAlyB5E5kOU/raw_frames
Running DepthAnythingV2 on extracted frames...
../../video_processing/frames/yXAZqb291uQ/raw_frames
Running DepthAnythingV2 on extracted frames...
../../video_processing/frames/O-aJREbxoM0/raw_frames
Running DepthAnythingV2 on extracted frames...
../../video_processing/frames/fFCaMBQpBHY/raw_frames
Running DepthAnythingV2 on extracted frames...
../../video_processing/frames/teVmVMH-Ano/raw_frames
Running DepthAnythingV2 on extracted frames...
../../video_processing/frames/VPBovuhCdsc/raw_frames
Running DepthAnythingV2 on extracted frames...
../../video_processing/frames/yE7yCoOp-fo/raw_frames
Running DepthAnythingV2 on extracted frames...
../../video_processing/frames/Kipk5QgQKio/raw_frames
Running DepthAnythingV2 on extracted frames...
../../video_processing/frames/8lrdEJAsBlw/raw_frames
Running DepthAnythingV2 on extracted frames...
../../video_processing/frames/58nfmCPThVU/raw_frames
Running DepthAnythingV2 on extracted frames...
../../video_processing/frames/outbfQcvRyA/raw_frames
Running DepthAnythingV2 on extracted frames...
../../video_processing/frames/sGyXvVP7uHc/raw_frames
Running DepthAnythingV2 on extracted frames...
../../video_processing/frames/NeUvyRkahvI/raw_frames
Running DepthAnythingV2 on extracted frames...
../../video_processing/frames/HkbWdRTSLno/raw_frames
Running DepthAnythingV2 on extracted frames...
../../video_processing/frames/qf-igYEDohs/raw_frames
Running DepthAnythingV2 on extracted frames...
../../video_processing/frames/7LMbMld45KY/raw_frames
Running DepthAnythingV2 on extracted frames...
../../video_processing/frames/2ZP8FnzHlUg/raw_frames
../../video_processing/frames/F2wnNt8MHaI/raw_frames
Running DepthAnythingV2 on extracted frames...
../../video_processing/frames/8Q2aq83WeVY/raw_frames
Running DepthAnythingV2 on extracted frames...
../../video_processing/frames/NV0d0TI6Xx8/raw_frames
Running DepthAnythingV2 on extracted frames...
../../video_processing/frames/hEuHCKhk2cM/raw_frames
Running DepthAnythingV2 on extracted frames...
../../video_processing/frames/M-mUYXsXlyE/raw_frames
Running DepthAnythingV2 on extracted frames...
../../video_processing/frames/v9FYY6dCUoo/raw_frames
../../video_processing/frames/PP9dYoN8pTk/raw_frames
Running DepthAnythingV2 on extracted frames...
../../video_processing/frames/JTWB9SgdtUA/raw_frames
Running DepthAnythingV2 on extracted frames...
../../video_processing/frames/w-vw66CZNAo/raw_frames
Running DepthAnythingV2 on extracted frames...
../../video_processing/frames/QZ8piT7VHiA/raw_frames
Running DepthAnythingV2 on extracted frames...
../../video_processing/frames/wjjxwkpS-Hk/raw_frames
../../video_processing/frames/smwueWl2diA/raw_frames
Running DepthAnythingV2 on extracted frames...
../../video_processing/frames/tJnSPXgZEKY/raw_frames
Running DepthAnythingV2 on extracted frames...
../../video_processing/frames/7LEENnp02Lw/raw_frames
Running DepthAnythingV2 on extracted frames...
../../video_processing/frames/TkYOD5iXJ54/raw_frames
Running DepthAnythingV2 on extracted frames...
../../video_processing/frames/alVZPXGnzI4/raw_frames
Running DepthAnythingV2 on extracted frames...
../../video_processing/frames/Q9rMYq0t2I0/raw_frames
Running DepthAnythingV2 on extracted frames...
../../video_processing/frames/4egU7w1Nb_4/raw_frames
Running DepthAnythingV2 on extracted frames...
Processing completed.

Using device: cuda
../../video_processing/frames/kcZofqG0DPI/raw_frames
Running DepthAnythingV2 on extracted frames...
../../video_processing/frames/OK1_QQsSrfY/raw_frames
Running DepthAnythingV2 on extracted frames...
../../video_processing/frames/ewK612M7oSM/raw_frames
Running DepthAnythingV2 on extracted frames...
../../video_processing/frames/woGnJ2cNzzg/raw_frames
Running DepthAnythingV2 on extracted frames...
../../video_processing/frames/wKTrNtlNK_g/raw_frames
Running DepthAnythingV2 on extracted frames...
../../video_processing/frames/q6SyT3mqUHs/raw_frames
Running DepthAnythingV2 on extracted frames...
../../video_processing/frames/1eL4TTMRN-I/raw_frames
Running DepthAnythingV2 on extracted frames...
../../video_processing/frames/-E2m3rKcL24/raw_frames
Running DepthAnythingV2 on extracted frames...
../../video_processing/frames/VpvSBjdZPas/raw_frames
Running DepthAnythingV2 on extracted frames...
../../video_processing/frames/Wnmg_zgD59A/raw_frames
../../video_processing/frames/PIfoEas2zCY/raw_frames
../../video_processing/frames/rkvYtUcREls/raw_frames
Running DepthAnythingV2 on extracted frames...
../../video_processing/frames/57uglT-AuBg/raw_frames
Running DepthAnythingV2 on extracted frames...
../../video_processing/frames/4LCAtC1nwZY/raw_frames
Running DepthAnythingV2 on extracted frames...
../../video_processing/frames/O09n6loMiYU/raw_frames
Running DepthAnythingV2 on extracted frames...
../../video_processing/frames/JBZYowX_x0k/raw_frames
Running DepthAnythingV2 on extracted frames...
../../video_processing/frames/taIQdMcO7bg/raw_frames
Running DepthAnythingV2 on extracted frames...
../../video_processing/frames/wUc41OqWohM/raw_frames
Running DepthAnythingV2 on extracted frames...
../../video_processing/frames/Irww5EtoZl8/raw_frames
Running DepthAnythingV2 on extracted frames...
../../video_processing/frames/0qI3AwcaKdQ/raw_frames
Running DepthAnythingV2 on extracted frames...
../../video_processing/frames/eodkbhne1pE/raw_frames
Running DepthAnythingV2 on extracted frames...
../../video_processing/frames/EyPNNfye5gU/raw_frames
Running DepthAnythingV2 on extracted frames...
../../video_processing/frames/0XMI3OrmKHY/raw_frames
Running DepthAnythingV2 on extracted frames...
../../video_processing/frames/6Luvx14q_fU/raw_frames
Running DepthAnythingV2 on extracted frames...
../../video_processing/frames/P0hjMfoUpcY/raw_frames
Running DepthAnythingV2 on extracted frames...
../../video_processing/frames/PJ1JC6z1VdU/raw_frames
Running DepthAnythingV2 on extracted frames...
../../video_processing/frames/Yb0E4WpZ_q8/raw_frames
Running DepthAnythingV2 on extracted frames...
../../video_processing/frames/-WJhluODkxM/raw_frames
Running DepthAnythingV2 on extracted frames...
../../video_processing/frames/OC-JJFXiMck/raw_frames
Running DepthAnythingV2 on extracted frames...
../../video_processing/frames/CYE7VEzc1XE/raw_frames
Running DepthAnythingV2 on extracted frames...
../../video_processing/frames/J0hNbKaIOXY/raw_frames
Running DepthAnythingV2 on extracted frames...
../../video_processing/frames/W5urBg1MB50/raw_frames
Running DepthAnythingV2 on extracted frames...
../../video_processing/frames/mdetGOwNnJo/raw_frames
Running DepthAnythingV2 on extracted frames...
../../video_processing/frames/PlOak_Rinag/raw_frames
Running DepthAnythingV2 on extracted frames...
../../video_processing/frames/r-p7DeOPtgU/raw_frames
Running DepthAnythingV2 on extracted frames...
../../video_processing/frames/ekxaCJicQRc/raw_frames
Running DepthAnythingV2 on extracted frames...
../../video_processing/frames/uZk8j1Lhi6I/raw_frames
Running DepthAnythingV2 on extracted frames...
../../video_processing/frames/EpA7VxIzUY8/raw_frames
Running DepthAnythingV2 on extracted frames...
../../video_processing/frames/a4w8_M5uHag/raw_frames
Running DepthAnythingV2 on extracted frames...
../../video_processing/frames/wsNLMs6nVPA/raw_frames
Running DepthAnythingV2 on extracted frames...
../../video_processing/frames/sXbcNlX3kTQ/raw_frames
Running DepthAnythingV2 on extracted frames...
../../video_processing/frames/vt1DXyNaqFk/raw_frames
Running DepthAnythingV2 on extracted frames...
../../video_processing/frames/DjPUrPl12A4/raw_frames
Running DepthAnythingV2 on extracted frames...
../../video_processing/frames/l0JHLO80B4E/raw_frames
Running DepthAnythingV2 on extracted frames...
../../video_processing/frames/PirEfB13c4E/raw_frames
Running DepthAnythingV2 on extracted frames...
../../video_processing/frames/0wflNdDDbSc/raw_frames
Running DepthAnythingV2 on extracted frames...
../../video_processing/frames/hftMbH5LyKU/raw_frames
Running DepthAnythingV2 on extracted frames...
../../video_processing/frames/oPAX0a2S1e0/raw_frames
../../video_processing/frames/6TGJXv8rj3k/raw_frames
Running DepthAnythingV2 on extracted frames...
../../video_processing/frames/inHRltqNWtk/raw_frames
Running DepthAnythingV2 on extracted frames...
../../video_processing/frames/ggBdH1aBcvg/raw_frames
Running DepthAnythingV2 on extracted frames...
../../video_processing/frames/MVZzYhjb-lA/raw_frames
Running DepthAnythingV2 on extracted frames...
../../video_processing/frames/xT1x2zzJl44/raw_frames
Running DepthAnythingV2 on extracted frames...
../../video_processing/frames/7BRD9IVFu_o/raw_frames
Running DepthAnythingV2 on extracted frames...
../../video_processing/frames/uSCBZMbWNIg/raw_frames
Running DepthAnythingV2 on extracted frames...
../../video_processing/frames/2NAZkKoZLpo/raw_frames
Running DepthAnythingV2 on extracted frames...
../../video_processing/frames/VnnmlLB6DtM/raw_frames
Running DepthAnythingV2 on extracted frames...
../../video_processing/frames/TRfxae99JoE/raw_frames
Running DepthAnythingV2 on extracted frames...
../../video_processing/frames/xnUZKWLh5XM/raw_frames
Running DepthAnythingV2 on extracted frames...
../../video_processing/frames/pA5w8cMvL3Q/raw_frames
Running DepthAnythingV2 on extracted frames...
../../video_processing/frames/NBEekaIQPd4/raw_frames
Running DepthAnythingV2 on extracted frames...
../../video_processing/frames/RLUSj3eBAoM/raw_frames
Running DepthAnythingV2 on extracted frames...
../../video_processing/frames/wwS8otySCO8/raw_frames
Running DepthAnythingV2 on extracted frames...
../../video_processing/frames/5cpOCO1Yglw/raw_frames
Running DepthAnythingV2 on extracted frames...
../../video_processing/frames/qoqK3RQMDiE/raw_frames
Running DepthAnythingV2 on extracted frames...
../../video_processing/frames/7mKJMZiWs8M/raw_frames
Running DepthAnythingV2 on extracted frames...
../../video_processing/frames/BOrOcnI1bvA/raw_frames
Running DepthAnythingV2 on extracted frames...
../../video_processing/frames/5z71_iYeRsA/raw_frames
Running DepthAnythingV2 on extracted frames...
../../video_processing/frames/IDmqBTKNNZw/raw_frames
Running DepthAnythingV2 on extracted frames...
../../video_processing/frames/tpA2xGQiAlY/raw_frames
Running DepthAnythingV2 on extracted frames...
../../video_processing/frames/icA_N1AXyr4/raw_frames
../../video_processing/frames/NIIBubn7HFU/raw_frames
Running DepthAnythingV2 on extracted frames...
../../video_processing/frames/bq2hrWcrY6g/raw_frames
Could not open video file: ../../video_processing/relevant_videos/bq2hrWcrY6g.mp4
../../video_processing/frames/4DPYSeR2NeY/raw_frames
Running DepthAnythingV2 on extracted frames...
../../video_processing/frames/1bqPPXFS00U/raw_frames
Running DepthAnythingV2 on extracted frames...
../../video_processing/frames/evXb_rnR81c/raw_frames
Running DepthAnythingV2 on extracted frames...
../../video_processing/frames/1p5wIwCfUmM/raw_frames
Running DepthAnythingV2 on extracted frames...
../../video_processing/frames/bnjiYnza5NQ/raw_frames
Running DepthAnythingV2 on extracted frames...
../../video_processing/frames/no7tc2LV3Y4/raw_frames
Running DepthAnythingV2 on extracted frames...
../../video_processing/frames/5lQqweLho9Y/raw_frames
Running DepthAnythingV2 on extracted frames...
../../video_processing/frames/Cnk4RbhQ8kg/raw_frames
Running DepthAnythingV2 on extracted frames...
../../video_processing/frames/MNGjWVerCFo/raw_frames
Running DepthAnythingV2 on extracted frames...
../../video_processing/frames/ZRB9aqIVsIY/raw_frames
Running DepthAnythingV2 on extracted frames...
../../video_processing/frames/jckM1lCKFnE/raw_frames
Running DepthAnythingV2 on extracted frames...
../../video_processing/frames/JfQ-wekRB6Q/raw_frames
Running DepthAnythingV2 on extracted frames...
../../video_processing/frames/ELP1ylYJxco/raw_frames
Running DepthAnythingV2 on extracted frames...
../../video_processing/frames/nsR0PEPiLEc/raw_frames
Running DepthAnythingV2 on extracted frames...
../../video_processing/frames/i0TKewA7cZQ/raw_frames
Running DepthAnythingV2 on extracted frames...
../../video_processing/frames/CkDkeS5mwkg/raw_frames
Running DepthAnythingV2 on extracted frames...
../../video_processing/frames/irTDYTwXSqk/raw_frames
Running DepthAnythingV2 on extracted frames...
../../video_processing/frames/Yx-PW4qYEHY/raw_frames
../../video_processing/frames/YfBWbU4rSxo/raw_frames
Running DepthAnythingV2 on extracted frames...
../../video_processing/frames/QmM2Q5oGRnw/raw_frames
Running DepthAnythingV2 on extracted frames...
../../video_processing/frames/asscF9W9tqQ/raw_frames
Running DepthAnythingV2 on extracted frames...
../../video_processing/frames/ScdRSxPl-j8/raw_frames
Running DepthAnythingV2 on extracted frames...
../../video_processing/frames/AlZQoLTsaqo/raw_frames
Running DepthAnythingV2 on extracted frames...
../../video_processing/frames/2LwkOWsrIGY/raw_frames
Running DepthAnythingV2 on extracted frames...
../../video_processing/frames/-vcPuEp-k48/raw_frames
Running DepthAnythingV2 on extracted frames...
../../video_processing/frames/o5jXDE2zqp0/raw_frames
Running DepthAnythingV2 on extracted frames...
Processing completed.

Using device: cuda
../../video_processing/frames/0cQCiqc1X5o/raw_frames
Running DepthAnythingV2 on extracted frames...
../../video_processing/frames/uDKpRSWoICw/raw_frames
Running DepthAnythingV2 on extracted frames...
../../video_processing/frames/bff54zrpyOE/raw_frames
Running DepthAnythingV2 on extracted frames...
../../video_processing/frames/u9JfsYqHub8/raw_frames
Running DepthAnythingV2 on extracted frames...
../../video_processing/frames/S0fpQekokPM/raw_frames
Running DepthAnythingV2 on extracted frames...
../../video_processing/frames/FCqSs4bTqTs/raw_frames
Running DepthAnythingV2 on extracted frames...
../../video_processing/frames/kLUx6WwmQX0/raw_frames
Running DepthAnythingV2 on extracted frames...
../../video_processing/frames/llnmeGL5EzY/raw_frames
Running DepthAnythingV2 on extracted frames...
../../video_processing/frames/xNqv4qRYcyo/raw_frames
Running DepthAnythingV2 on extracted frames...
../../video_processing/frames/JgvKll2T5PA/raw_frames
Running DepthAnythingV2 on extracted frames...
../../video_processing/frames/tk0dd8lqtw8/raw_frames
Running DepthAnythingV2 on extracted frames...
../../video_processing/frames/hAi3gTgy3qM/raw_frames
Running DepthAnythingV2 on extracted frames...
../../video_processing/frames/eks_viqfWrY/raw_frames
Running DepthAnythingV2 on extracted frames...
../../video_processing/frames/ILONBHqq-iU/raw_frames
Running DepthAnythingV2 on extracted frames...
../../video_processing/frames/UPo2O_pZjpg/raw_frames
Running DepthAnythingV2 on extracted frames...
../../video_processing/frames/j86Eu4pPMqc/raw_frames
Running DepthAnythingV2 on extracted frames...
../../video_processing/frames/MaN8azNNvGM/raw_frames
Running DepthAnythingV2 on extracted frames...
../../video_processing/frames/tgXZvBfh1Vc/raw_frames
Running DepthAnythingV2 on extracted frames...
../../video_processing/frames/DJ4iN6RTGDc/raw_frames
Running DepthAnythingV2 on extracted frames...
../../video_processing/frames/LXQVDLUzNis/raw_frames
Running DepthAnythingV2 on extracted frames...
../../video_processing/frames/9QiSWN7Tubo/raw_frames
Running DepthAnythingV2 on extracted frames...
../../video_processing/frames/OTU0yLbSm44/raw_frames
Running DepthAnythingV2 on extracted frames...
../../video_processing/frames/9UUISYWXWP0/raw_frames
Running DepthAnythingV2 on extracted frames...
../../video_processing/frames/ws__Wh5Wt0k/raw_frames
Running DepthAnythingV2 on extracted frames...
../../video_processing/frames/lEsjL0gdX9I/raw_frames
Running DepthAnythingV2 on extracted frames...
../../video_processing/frames/6Dl3_V1XfnM/raw_frames
Running DepthAnythingV2 on extracted frames...
../../video_processing/frames/xAt40DqLmac/raw_frames
Running DepthAnythingV2 on extracted frames...
../../video_processing/frames/6Reh7c2-ewI/raw_frames
Running DepthAnythingV2 on extracted frames...
../../video_processing/frames/Kp_ijL_6u7s/raw_frames
Running DepthAnythingV2 on extracted frames...
../../video_processing/frames/VRQiPquTfS8/raw_frames
Running DepthAnythingV2 on extracted frames...
../../video_processing/frames/6-hf0L5CaWE/raw_frames
Running DepthAnythingV2 on extracted frames...
../../video_processing/frames/epxc7NRy55Y/raw_frames
Running DepthAnythingV2 on extracted frames...
../../video_processing/frames/IRtD-6fWLZY/raw_frames
../../video_processing/frames/jG_8wIY-VUw/raw_frames
Running DepthAnythingV2 on extracted frames...
../../video_processing/frames/Zk_SPAtCd8g/raw_frames
Running DepthAnythingV2 on extracted frames...
../../video_processing/frames/lrZnobPgGPE/raw_frames
Running DepthAnythingV2 on extracted frames...
../../video_processing/frames/vysZMyvDF1Y/raw_frames
Running DepthAnythingV2 on extracted frames...
../../video_processing/frames/kOql5DuxAls/raw_frames
Running DepthAnythingV2 on extracted frames...
../../video_processing/frames/A0ZQL3U60qw/raw_frames
Running DepthAnythingV2 on extracted frames...
../../video_processing/frames/cvl4WAXSdig/raw_frames
Running DepthAnythingV2 on extracted frames...
../../video_processing/frames/Z01dfV0B2ZU/raw_frames
Running DepthAnythingV2 on extracted frames...
../../video_processing/frames/EV2kCEapzCc/raw_frames
Running DepthAnythingV2 on extracted frames...
../../video_processing/frames/6Y0Q4W2M7bg/raw_frames
Running DepthAnythingV2 on extracted frames...
../../video_processing/frames/b4jnabT3Vf0/raw_frames
Running DepthAnythingV2 on extracted frames...
../../video_processing/frames/spDJNIig6zY/raw_frames
Running DepthAnythingV2 on extracted frames...
../../video_processing/frames/6RvuDzfcuKc/raw_frames
Running DepthAnythingV2 on extracted frames...
../../video_processing/frames/GxD_VtR3-HM/raw_frames
Running DepthAnythingV2 on extracted frames...
../../video_processing/frames/KUesjAxQgSw/raw_frames
Running DepthAnythingV2 on extracted frames...
../../video_processing/frames/RtIc8t9R3yY/raw_frames
Running DepthAnythingV2 on extracted frames...
../../video_processing/frames/1nvbxchVv_I/raw_frames
Running DepthAnythingV2 on extracted frames...
../../video_processing/frames/7ikyo370D4Q/raw_frames
Running DepthAnythingV2 on extracted frames...
../../video_processing/frames/hNmp-mt3L8U/raw_frames
Running DepthAnythingV2 on extracted frames...
../../video_processing/frames/3r-YSMX76wI/raw_frames
Running DepthAnythingV2 on extracted frames...
../../video_processing/frames/G-WCoZa53xk/raw_frames
Running DepthAnythingV2 on extracted frames...
../../video_processing/frames/QFmZW4BkHGo/raw_frames
Running DepthAnythingV2 on extracted frames...
../../video_processing/frames/KczMCDPJkks/raw_frames
Running DepthAnythingV2 on extracted frames...
../../video_processing/frames/lSM9BedUtN0/raw_frames
Running DepthAnythingV2 on extracted frames...
../../video_processing/frames/IA0WPd0TMPs/raw_frames
Running DepthAnythingV2 on extracted frames...
../../video_processing/frames/NoBveFNQ4LU/raw_frames
Running DepthAnythingV2 on extracted frames...
../../video_processing/frames/xh9BPx8uvqs/raw_frames
Running DepthAnythingV2 on extracted frames...
../../video_processing/frames/sV3XQNjBNxM/raw_frames
Running DepthAnythingV2 on extracted frames...
../../video_processing/frames/eKuf0fLpCos/raw_frames
Running DepthAnythingV2 on extracted frames...
../../video_processing/frames/bMlplARAjdQ/raw_frames
Running DepthAnythingV2 on extracted frames...
../../video_processing/frames/melP6QGp3lk/raw_frames
Running DepthAnythingV2 on extracted frames...
../../video_processing/frames/4WxZUseQRRA/raw_frames
Running DepthAnythingV2 on extracted frames...
../../video_processing/frames/Lcp0jlJNxXs/raw_frames
Running DepthAnythingV2 on extracted frames...
../../video_processing/frames/SdE6AaTZ9IQ/raw_frames
Running DepthAnythingV2 on extracted frames...
../../video_processing/frames/3yPD-w6Ubhk/raw_frames
Running DepthAnythingV2 on extracted frames...
../../video_processing/frames/YiIPn9S8u8o/raw_frames
Running DepthAnythingV2 on extracted frames...
../../video_processing/frames/OeUiGkk1ccA/raw_frames
Running DepthAnythingV2 on extracted frames...
../../video_processing/frames/quqH4VjCddY/raw_frames
Running DepthAnythingV2 on extracted frames...
../../video_processing/frames/2cl7f6fluKE/raw_frames
Running DepthAnythingV2 on extracted frames...
../../video_processing/frames/dp4ercv0Cq0/raw_frames
Running DepthAnythingV2 on extracted frames...
../../video_processing/frames/itVLE86mHmI/raw_frames
Running DepthAnythingV2 on extracted frames...
../../video_processing/frames/sJCgXsT0ha4/raw_frames
Running DepthAnythingV2 on extracted frames...
../../video_processing/frames/dUUG_BgEhiw/raw_frames
Running DepthAnythingV2 on extracted frames...
../../video_processing/frames/wmbeZjwD77w/raw_frames
Running DepthAnythingV2 on extracted frames...
../../video_processing/frames/DaGciRZooRs/raw_frames
Running DepthAnythingV2 on extracted frames...
../../video_processing/frames/774-NJlceJQ/raw_frames
Running DepthAnythingV2 on extracted frames...
../../video_processing/frames/B5heMtaWC9g/raw_frames
Running DepthAnythingV2 on extracted frames...
../../video_processing/frames/UR3d2JRuTA4/raw_frames
Running DepthAnythingV2 on extracted frames...
../../video_processing/frames/s4M9DXEj_Uw/raw_frames
Running DepthAnythingV2 on extracted frames...
../../video_processing/frames/oNTEmxF09qQ/raw_frames
Running DepthAnythingV2 on extracted frames...
../../video_processing/frames/bI6CBnQVHMU/raw_frames
Running DepthAnythingV2 on extracted frames...
../../video_processing/frames/QWzaZ5QRJwo/raw_frames
Running DepthAnythingV2 on extracted frames...
../../video_processing/frames/c_iYv3eGLY4/raw_frames
../../video_processing/frames/lH78XP8knMA/raw_frames
Running DepthAnythingV2 on extracted frames...
../../video_processing/frames/4Vonm8SfMi4/raw_frames
Running DepthAnythingV2 on extracted frames...
../../video_processing/frames/pEkzJCcF_9E/raw_frames
Running DepthAnythingV2 on extracted frames...
../../video_processing/frames/OOAA97eQcBM/raw_frames
Running DepthAnythingV2 on extracted frames...
../../video_processing/frames/vl30tK6SpTo/raw_frames
Running DepthAnythingV2 on extracted frames...
../../video_processing/frames/AJtBYkGtXF8/raw_frames
Running DepthAnythingV2 on extracted frames...
../../video_processing/frames/317cg2Gl4Ng/raw_frames
Running DepthAnythingV2 on extracted frames...
../../video_processing/frames/QYhTkwfnnhY/raw_frames
Running DepthAnythingV2 on extracted frames...
../../video_processing/frames/8E2pe2z7ErQ/raw_frames
Running DepthAnythingV2 on extracted frames...
../../video_processing/frames/nutmH74t_tM/raw_frames
Running DepthAnythingV2 on extracted frames...
../../video_processing/frames/yI7KhSKclTM/raw_frames
Running DepthAnythingV2 on extracted frames...
../../video_processing/frames/ycj-B3F7xn4/raw_frames
Running DepthAnythingV2 on extracted frames...
../../video_processing/frames/MBcnaRmbANA/raw_frames
Running DepthAnythingV2 on extracted frames...
../../video_processing/frames/X6JkQB87cnc/raw_frames
Running DepthAnythingV2 on extracted frames...
Processing completed.

