Using device: cuda
../../video_processing/frames/G-WCoZa53xk/raw_frames
Running DepthAnythingV2 on extracted frames...
../../video_processing/frames/hyTdFiBLu6E/raw_frames
Running DepthAnythingV2 on extracted frames...
../../video_processing/frames/LKYS3LiHXxI/raw_frames
Running DepthAnythingV2 on extracted frames...
../../video_processing/frames/HasxZvVgdA8/raw_frames
Running DepthAnythingV2 on extracted frames...
../../video_processing/frames/QFmZW4BkHGo/raw_frames
Running DepthAnythingV2 on extracted frames...
../../video_processing/frames/vRGQuoCuC8o/raw_frames
Running DepthAnythingV2 on extracted frames...
../../video_processing/frames/KczMCDPJkks/raw_frames
Running DepthAnythingV2 on extracted frames...
../../video_processing/frames/lSM9BedUtN0/raw_frames
Running DepthAnythingV2 on extracted frames...
../../video_processing/frames/2oTTY4hBhp0/raw_frames
Running DepthAnythingV2 on extracted frames...
../../video_processing/frames/LdkkKCaMKrs/raw_frames
Running DepthAnythingV2 on extracted frames...
../../video_processing/frames/IA0WPd0TMPs/raw_frames
Running DepthAnythingV2 on extracted frames...
../../video_processing/frames/bKvPe7iXxGM/raw_frames
Running DepthAnythingV2 on extracted frames...
../../video_processing/frames/Q4aFlYWU288/raw_frames
Running DepthAnythingV2 on extracted frames...
../../video_processing/frames/NoBveFNQ4LU/raw_frames
Running DepthAnythingV2 on extracted frames...
../../video_processing/frames/xh9BPx8uvqs/raw_frames
Running DepthAnythingV2 on extracted frames...
../../video_processing/frames/drEdyqWug6s/raw_frames
Running DepthAnythingV2 on extracted frames...
../../video_processing/frames/sV3XQNjBNxM/raw_frames
Running DepthAnythingV2 on extracted frames...
../../video_processing/frames/eKuf0fLpCos/raw_frames
Running DepthAnythingV2 on extracted frames...
../../video_processing/frames/nsEgFqNR8vA/raw_frames
Running DepthAnythingV2 on extracted frames...
../../video_processing/frames/vombiPhexmo/raw_frames
Running DepthAnythingV2 on extracted frames...
../../video_processing/frames/bMlplARAjdQ/raw_frames
Running DepthAnythingV2 on extracted frames...
../../video_processing/frames/melP6QGp3lk/raw_frames
Running DepthAnythingV2 on extracted frames...
../../video_processing/frames/4WxZUseQRRA/raw_frames
Running DepthAnythingV2 on extracted frames...
../../video_processing/frames/Lcp0jlJNxXs/raw_frames
Running DepthAnythingV2 on extracted frames...
../../video_processing/frames/SdE6AaTZ9IQ/raw_frames
Running DepthAnythingV2 on extracted frames...
../../video_processing/frames/3yPD-w6Ubhk/raw_frames
Running DepthAnythingV2 on extracted frames...
../../video_processing/frames/YiIPn9S8u8o/raw_frames
Running DepthAnythingV2 on extracted frames...
../../video_processing/frames/OeUiGkk1ccA/raw_frames
Running DepthAnythingV2 on extracted frames...
../../video_processing/frames/K2WFI0UqYh4/raw_frames
Running DepthAnythingV2 on extracted frames...
../../video_processing/frames/VuOfofigkCE/raw_frames
Running DepthAnythingV2 on extracted frames...
../../video_processing/frames/quqH4VjCddY/raw_frames
Running DepthAnythingV2 on extracted frames...
../../video_processing/frames/2cl7f6fluKE/raw_frames
Running DepthAnythingV2 on extracted frames...
../../video_processing/frames/4DM9DJjzk4M/raw_frames
Running DepthAnythingV2 on extracted frames...
../../video_processing/frames/dp4ercv0Cq0/raw_frames
Running DepthAnythingV2 on extracted frames...
../../video_processing/frames/3zF4R47zvEk/raw_frames
Running DepthAnythingV2 on extracted frames...
../../video_processing/frames/fFrDNwzT6OY/raw_frames
Running DepthAnythingV2 on extracted frames...
../../video_processing/frames/itVLE86mHmI/raw_frames
Running DepthAnythingV2 on extracted frames...
../../video_processing/frames/sJCgXsT0ha4/raw_frames
Running DepthAnythingV2 on extracted frames...
../../video_processing/frames/dUUG_BgEhiw/raw_frames
Running DepthAnythingV2 on extracted frames...
../../video_processing/frames/wmbeZjwD77w/raw_frames
Running DepthAnythingV2 on extracted frames...
../../video_processing/frames/2d_kM7W6E9M/raw_frames
Running DepthAnythingV2 on extracted frames...
../../video_processing/frames/_wG23grj0yY/raw_frames
Running DepthAnythingV2 on extracted frames...
../../video_processing/frames/DaGciRZooRs/raw_frames
Running DepthAnythingV2 on extracted frames...
../../video_processing/frames/R68dEmNWDiQ/raw_frames
Running DepthAnythingV2 on extracted frames...
../../video_processing/frames/g14WA43Lb5g/raw_frames
Running DepthAnythingV2 on extracted frames...
../../video_processing/frames/774-NJlceJQ/raw_frames
Running DepthAnythingV2 on extracted frames...
../../video_processing/frames/B5heMtaWC9g/raw_frames
Running DepthAnythingV2 on extracted frames...
../../video_processing/frames/JpFbcnOan6I/raw_frames
Running DepthAnythingV2 on extracted frames...
../../video_processing/frames/UR3d2JRuTA4/raw_frames
Running DepthAnythingV2 on extracted frames...
../../video_processing/frames/zmJ0pS8HRdA/raw_frames
Running DepthAnythingV2 on extracted frames...
../../video_processing/frames/s4M9DXEj_Uw/raw_frames
Running DepthAnythingV2 on extracted frames...
../../video_processing/frames/zo1szuKPj3M/raw_frames
Running DepthAnythingV2 on extracted frames...
../../video_processing/frames/Z09_x7GgDnk/raw_frames
Running DepthAnythingV2 on extracted frames...
../../video_processing/frames/lNZsT_sHcA8/raw_frames
Running DepthAnythingV2 on extracted frames...
../../video_processing/frames/oNTEmxF09qQ/raw_frames
Running DepthAnythingV2 on extracted frames...
../../video_processing/frames/WtLYme-Lzms/raw_frames
Running DepthAnythingV2 on extracted frames...
../../video_processing/frames/bI6CBnQVHMU/raw_frames
Running DepthAnythingV2 on extracted frames...
../../video_processing/frames/QWzaZ5QRJwo/raw_frames
Running DepthAnythingV2 on extracted frames...
../../video_processing/frames/8zrFUVhGWtw/raw_frames
Running DepthAnythingV2 on extracted frames...
../../video_processing/frames/ReuCVUwThtU/raw_frames
Running DepthAnythingV2 on extracted frames...
../../video_processing/frames/OeQdGGr8eRE/raw_frames
Running DepthAnythingV2 on extracted frames...
../../video_processing/frames/c_iYv3eGLY4/raw_frames
../../video_processing/frames/lH78XP8knMA/raw_frames
Running DepthAnythingV2 on extracted frames...
../../video_processing/frames/dKyysTb3Phk/raw_frames
Running DepthAnythingV2 on extracted frames...
../../video_processing/frames/5ZqqXHz_xyo/raw_frames
Running DepthAnythingV2 on extracted frames...
../../video_processing/frames/70TnMGufZSs/raw_frames
Running DepthAnythingV2 on extracted frames...
../../video_processing/frames/ucqa1MNbi6k/raw_frames
Running DepthAnythingV2 on extracted frames...
../../video_processing/frames/tGONxVK-Ri8/raw_frames
Running DepthAnythingV2 on extracted frames...
../../video_processing/frames/0N0n5rkz6P4/raw_frames
Running DepthAnythingV2 on extracted frames...
../../video_processing/frames/p4l4ipDHscU/raw_frames
Running DepthAnythingV2 on extracted frames...
../../video_processing/frames/4Vonm8SfMi4/raw_frames
Running DepthAnythingV2 on extracted frames...
../../video_processing/frames/pEkzJCcF_9E/raw_frames
Running DepthAnythingV2 on extracted frames...
../../video_processing/frames/OOAA97eQcBM/raw_frames
Running DepthAnythingV2 on extracted frames...
../../video_processing/frames/CTxJSLWehzY/raw_frames
Running DepthAnythingV2 on extracted frames...
../../video_processing/frames/vl30tK6SpTo/raw_frames
Running DepthAnythingV2 on extracted frames...
../../video_processing/frames/AJtBYkGtXF8/raw_frames
Running DepthAnythingV2 on extracted frames...
../../video_processing/frames/317cg2Gl4Ng/raw_frames
Running DepthAnythingV2 on extracted frames...
../../video_processing/frames/QYhTkwfnnhY/raw_frames
Running DepthAnythingV2 on extracted frames...
../../video_processing/frames/8MZ70B6C4tM/raw_frames
Running DepthAnythingV2 on extracted frames...
../../video_processing/frames/8E2pe2z7ErQ/raw_frames
Running DepthAnythingV2 on extracted frames...
../../video_processing/frames/nl38LpNqtA8/raw_frames
Running DepthAnythingV2 on extracted frames...
../../video_processing/frames/nutmH74t_tM/raw_frames
Running DepthAnythingV2 on extracted frames...
../../video_processing/frames/VQqq76JuDYE/raw_frames
Running DepthAnythingV2 on extracted frames...
../../video_processing/frames/5eNa57uL59g/raw_frames
Running DepthAnythingV2 on extracted frames...
../../video_processing/frames/med63uGKXmI/raw_frames
Running DepthAnythingV2 on extracted frames...
../../video_processing/frames/o5RqwRJsDG0/raw_frames
Running DepthAnythingV2 on extracted frames...
../../video_processing/frames/yI7KhSKclTM/raw_frames
Running DepthAnythingV2 on extracted frames...
../../video_processing/frames/UjQQsNBPVUY/raw_frames
Running DepthAnythingV2 on extracted frames...
../../video_processing/frames/Ou4EIle6Zg4/raw_frames
Running DepthAnythingV2 on extracted frames...
../../video_processing/frames/PcCgg6zPal0/raw_frames
Running DepthAnythingV2 on extracted frames...
../../video_processing/frames/LjyNtv5zc2c/raw_frames
Running DepthAnythingV2 on extracted frames...
../../video_processing/frames/2rVUd9YsGi4/raw_frames
Running DepthAnythingV2 on extracted frames...
../../video_processing/frames/busgz138Wyo/raw_frames
../../video_processing/frames/7T05G1x-srg/raw_frames
Running DepthAnythingV2 on extracted frames...
../../video_processing/frames/ycj-B3F7xn4/raw_frames
Running DepthAnythingV2 on extracted frames...
../../video_processing/frames/lCx7vNuAn0w/raw_frames
Running DepthAnythingV2 on extracted frames...
../../video_processing/frames/MBcnaRmbANA/raw_frames
Running DepthAnythingV2 on extracted frames...
../../video_processing/frames/X6JkQB87cnc/raw_frames
Running DepthAnythingV2 on extracted frames...
../../video_processing/frames/JnF6Bmfr5Is/raw_frames
Running DepthAnythingV2 on extracted frames...
Processing completed.

hingV2 on extracted frames...
Processing completed.

