+ cd /ocean/projects/cis240145p/byler
+ cd PSCCode/s1_baseline/
+ conda run -n s1 python s1.py

Loading safetensors checkpoint shards:   0% Completed | 0/7 [00:00<?, ?it/s]

Loading safetensors checkpoint shards:  14% Completed | 1/7 [00:32<03:12, 32.12s/it]

Loading safetensors checkpoint shards:  29% Completed | 2/7 [00:44<01:42, 20.44s/it]

Loading safetensors checkpoint shards:  43% Completed | 3/7 [01:16<01:43, 25.98s/it]

Loading safetensors checkpoint shards:  57% Completed | 4/7 [01:38<01:12, 24.12s/it]

Loading safetensors checkpoint shards:  71% Completed | 5/7 [02:11<00:54, 27.43s/it]

Loading safetensors checkpoint shards:  86% Completed | 6/7 [02:37<00:26, 26.80s/it]

Loading safetensors checkpoint shards: 100% Completed | 7/7 [03:07<00:00, 27.95s/it]

Loading safetensors checkpoint shards: 100% Completed | 7/7 [03:07<00:00, 26.78s/it]


Processed prompts:   0%|          | 0/1 [00:00<?, ?it/s, est. speed input: 0.00 toks/s, output: 0.00 toks/s]
Processed prompts: 100%|██████████| 1/1 [00:00<00:00,  1.23it/s, est. speed input: 440.38 toks/s, output: 78.72 toks/s]
Processed prompts: 100%|██████████| 1/1 [00:00<00:00,  1.23it/s, est. speed input: 440.38 toks/s, output: 78.72 toks/s]

Processed prompts:   0%|          | 0/1 [00:00<?, ?it/s, est. speed input: 0.00 toks/s, output: 0.00 toks/s]
Processed prompts: 100%|██████████| 1/1 [00:12<00:00, 12.66s/it, est. speed input: 17.13 toks/s, output: 97.36 toks/s]
Processed prompts: 100%|██████████| 1/1 [00:12<00:00, 12.66s/it, est. speed input: 17.13 toks/s, output: 97.36 toks/s]

Processed prompts:   0%|          | 0/1 [00:00<?, ?it/s, est. speed input: 0.00 toks/s, output: 0.00 toks/s]
Processed prompts: 100%|██████████| 1/1 [00:01<00:00,  1.33s/it, est. speed input: 865.97 toks/s, output: 91.27 toks/s]
Processed prompts: 100%|██████████| 1/1 [00:01<00:00,  1.33s/it, est. speed input: 865.97 toks/s, output: 91.27 toks/s]

Processed prompts:   0%|          | 0/1 [00:00<?, ?it/s, est. speed input: 0.00 toks/s, output: 0.00 toks/s]
Processed prompts: 100%|██████████| 1/1 [00:00<00:00,  1.32it/s, est. speed input: 496.30 toks/s, output: 93.71 toks/s]
Processed prompts: 100%|██████████| 1/1 [00:00<00:00,  1.32it/s, est. speed input: 496.30 toks/s, output: 93.71 toks/s]

Processed prompts:   0%|          | 0/1 [00:00<?, ?it/s, est. speed input: 0.00 toks/s, output: 0.00 toks/s]
Processed prompts: 100%|██████████| 1/1 [00:02<00:00,  2.12s/it, est. speed input: 311.52 toks/s, output: 95.01 toks/s]
Processed prompts: 100%|██████████| 1/1 [00:02<00:00,  2.12s/it, est. speed input: 311.52 toks/s, output: 95.01 toks/s]

Processed prompts:   0%|          | 0/1 [00:00<?, ?it/s, est. speed input: 0.00 toks/s, output: 0.00 toks/s]
Processed prompts: 100%|██████████| 1/1 [00:02<00:00,  2.04s/it, est. speed input: 565.00 toks/s, output: 93.59 toks/s]
Processed prompts: 100%|██████████| 1/1 [00:02<00:00,  2.04s/it, est. speed input: 565.00 toks/s, output: 93.59 toks/s]

Processed prompts:   0%|          | 0/1 [00:00<?, ?it/s, est. speed input: 0.00 toks/s, output: 0.00 toks/s]
Processed prompts: 100%|██████████| 1/1 [00:01<00:00,  1.94s/it, est. speed input: 684.98 toks/s, output: 92.77 toks/s]
Processed prompts: 100%|██████████| 1/1 [00:01<00:00,  1.94s/it, est. speed input: 684.98 toks/s, output: 92.77 toks/s]

Processed prompts:   0%|          | 0/1 [00:00<?, ?it/s, est. speed input: 0.00 toks/s, output: 0.00 toks/s]
Processed prompts: 100%|██████████| 1/1 [00:00<00:00,  1.79it/s, est. speed input: 1207.44 toks/s, output: 87.78 toks/s]
Processed prompts: 100%|██████████| 1/1 [00:00<00:00,  1.79it/s, est. speed input: 1207.44 toks/s, output: 87.78 toks/s]

Processed prompts:   0%|          | 0/1 [00:00<?, ?it/s, est. speed input: 0.00 toks/s, output: 0.00 toks/s]
Processed prompts: 100%|██████████| 1/1 [00:10<00:00, 10.85s/it, est. speed input: 77.79 toks/s, output: 96.68 toks/s]
Processed prompts: 100%|██████████| 1/1 [00:10<00:00, 10.85s/it, est. speed input: 77.79 toks/s, output: 96.68 toks/s]

Processed prompts:   0%|          | 0/1 [00:00<?, ?it/s, est. speed input: 0.00 toks/s, output: 0.00 toks/s]
Processed prompts: 100%|██████████| 1/1 [00:00<00:00,  1.01it/s, est. speed input: 3092.30 toks/s, output: 77.78 toks/s]
Processed prompts: 100%|██████████| 1/1 [00:00<00:00,  1.01it/s, est. speed input: 3092.30 toks/s, output: 77.78 toks/s]

Processed prompts:   0%|          | 0/1 [00:00<?, ?it/s, est. speed input: 0.00 toks/s, output: 0.00 toks/s]
Processed prompts: 100%|██████████| 1/1 [00:27<00:00, 27.22s/it, est. speed input: 13.77 toks/s, output: 97.05 toks/s]
Processed prompts: 100%|██████████| 1/1 [00:27<00:00, 27.22s/it, est. speed input: 13.77 toks/s, output: 97.05 toks/s]

Processed prompts:   0%|          | 0/1 [00:00<?, ?it/s, est. speed input: 0.00 toks/s, output: 0.00 toks/s]
Processed prompts: 100%|██████████| 1/1 [00:01<00:00,  1.16s/it, est. speed input: 438.22 toks/s, output: 93.84 toks/s]
Processed prompts: 100%|██████████| 1/1 [00:01<00:00,  1.16s/it, est. speed input: 438.22 toks/s, output: 93.84 toks/s]

Processed prompts:   0%|          | 0/1 [00:00<?, ?it/s, est. speed input: 0.00 toks/s, output: 0.00 toks/s]
Processed prompts: 100%|██████████| 1/1 [00:01<00:00,  1.16s/it, est. speed input: 1946.09 toks/s, output: 84.72 toks/s]
Processed prompts: 100%|██████████| 1/1 [00:01<00:00,  1.16s/it, est. speed input: 1946.09 toks/s, output: 84.72 toks/s]

Processed prompts:   0%|          | 0/1 [00:00<?, ?it/s, est. speed input: 0.00 toks/s, output: 0.00 toks/s]
Processed prompts: 100%|██████████| 1/1 [00:02<00:00,  2.04s/it, est. speed input: 273.79 toks/s, output: 95.19 toks/s]
Processed prompts: 100%|██████████| 1/1 [00:02<00:00,  2.04s/it, est. speed input: 273.79 toks/s, output: 95.19 toks/s]

Processed prompts:   0%|          | 0/1 [00:00<?, ?it/s, est. speed input: 0.00 toks/s, output: 0.00 toks/s]
Processed prompts: 100%|██████████| 1/1 [00:00<00:00,  1.48it/s, est. speed input: 2249.69 toks/s, output: 82.61 toks/s]
Processed prompts: 100%|██████████| 1/1 [00:00<00:00,  1.47it/s, est. speed input: 2249.69 toks/s, output: 82.61 toks/s]

Processed prompts:   0%|          | 0/1 [00:00<?, ?it/s, est. speed input: 0.00 toks/s, output: 0.00 toks/s]
Processed prompts: 100%|██████████| 1/1 [00:03<00:00,  3.00s/it, est. speed input: 858.95 toks/s, output: 91.63 toks/s]
Processed prompts: 100%|██████████| 1/1 [00:03<00:00,  3.00s/it, est. speed input: 858.95 toks/s, output: 91.63 toks/s]

Processed prompts:   0%|          | 0/1 [00:00<?, ?it/s, est. speed input: 0.00 toks/s, output: 0.00 toks/s]
Processed prompts: 100%|██████████| 1/1 [00:01<00:00,  1.60s/it, est. speed input: 778.01 toks/s, output: 92.26 toks/s]
Processed prompts: 100%|██████████| 1/1 [00:01<00:00,  1.60s/it, est. speed input: 778.01 toks/s, output: 92.26 toks/s]

Processed prompts:   0%|          | 0/1 [00:00<?, ?it/s, est. speed input: 0.00 toks/s, output: 0.00 toks/s]
Processed prompts: 100%|██████████| 1/1 [00:02<00:00,  2.15s/it, est. speed input: 550.91 toks/s, output: 93.60 toks/s]
Processed prompts: 100%|██████████| 1/1 [00:02<00:00,  2.15s/it, est. speed input: 550.91 toks/s, output: 93.60 toks/s]

Processed prompts:   0%|          | 0/1 [00:00<?, ?it/s, est. speed input: 0.00 toks/s, output: 0.00 toks/s]
Processed prompts: 100%|██████████| 1/1 [09:34<00:00, 574.39s/it, est. speed input: 1.38 toks/s, output: 55.67 toks/s]
Processed prompts: 100%|██████████| 1/1 [09:34<00:00, 574.39s/it, est. speed input: 1.38 toks/s, output: 55.67 toks/s]

Processed prompts:   0%|          | 0/1 [00:00<?, ?it/s, est. speed input: 0.00 toks/s, output: 0.00 toks/s]
Processed prompts: 100%|██████████| 1/1 [00:00<00:00,  1.09it/s, est. speed input: 531.25 toks/s, output: 93.43 toks/s]
Processed prompts: 100%|██████████| 1/1 [00:00<00:00,  1.09it/s, est. speed input: 531.25 toks/s, output: 93.43 toks/s]

Processed prompts:   0%|          | 0/1 [00:00<?, ?it/s, est. speed input: 0.00 toks/s, output: 0.00 toks/s]
Processed prompts: 100%|██████████| 1/1 [00:11<00:00, 11.67s/it, est. speed input: 18.51 toks/s, output: 97.71 toks/s]
Processed prompts: 100%|██████████| 1/1 [00:11<00:00, 11.67s/it, est. speed input: 18.51 toks/s, output: 97.71 toks/s]

Processed prompts:   0%|          | 0/1 [00:00<?, ?it/s, est. speed input: 0.00 toks/s, output: 0.00 toks/s]
Processed prompts: 100%|██████████| 1/1 [00:04<00:00,  4.80s/it, est. speed input: 36.07 toks/s, output: 97.99 toks/s]
Processed prompts: 100%|██████████| 1/1 [00:04<00:00,  4.80s/it, est. speed input: 36.07 toks/s, output: 97.99 toks/s]
[rank0]: Traceback (most recent call last):
[rank0]:   File "/ocean/projects/cis240145p/byler/PSCCode/s1_baseline/s1.py", line 81, in <module>
[rank0]:     outputInfoString += str(i) + ", " + filenames[i] + ", " + tasks[i] + "\n"
[rank0]: IndexError: list index out of range
[rank0]:[W422 16:10:06.943651508 ProcessGroupNCCL.cpp:1250] Warning: WARNING: process group has NOT been destroyed before we destruct ProcessGroupNCCL. On normal program exit, the application should call destroy_process_group to ensure that any pending NCCL operations have finished in this process. In rare cases this process can exit before this point and block the progress of another member of the process group. This constraint has always been present,  but this warning has only been added since PyTorch 2.4 (function operator())
/jet/home/byler/miniconda3/envs/s1/lib/python3.10/multiprocessing/resource_tracker.py:224: UserWarning: resource_tracker: There appear to be 1 leaked shared_memory objects to clean up at shutdown
  warnings.warn('resource_tracker: There appear to be %d '

ERROR conda.cli.main_run:execute(125): `conda run python s1.py` failed. (See above for error)
