+ cd ../../minicpm_baseline/scripts
+ echo 'Generating captions...'
+ conda run -n minicpm python generate_captions.py --start 0 --end 1
+ local cmd=run
+ case "$cmd" in
+ __conda_exe run -n minicpm python generate_captions.py --start 0 --end 1
+ '[' -n '' ']'
+ /jet/home/byler/miniconda3/bin/conda run -n minicpm python generate_captions.py --start 0 --end 1
/jet/home/byler/miniconda3/envs/minicpm/lib/python3.10/site-packages/huggingface_hub/file_download.py:943: FutureWarning: `resume_download` is deprecated and will be removed in version 1.0.0. Downloads always resume when possible. If you want to force a new download, use `force_download=True`.
  warnings.warn(

Loading checkpoint shards:   0%|          | 0/2 [00:00<?, ?it/s]
Loading checkpoint shards:  50%|█████     | 1/2 [00:39<00:39, 39.98s/it]
Loading checkpoint shards: 100%|██████████| 2/2 [00:55<00:00, 25.59s/it]
Loading checkpoint shards: 100%|██████████| 2/2 [00:55<00:00, 27.75s/it]
/jet/home/byler/miniconda3/envs/minicpm/lib/python3.10/site-packages/huggingface_hub/file_download.py:943: FutureWarning: `resume_download` is deprecated and will be removed in version 1.0.0. Downloads always resume when possible. If you want to force a new download, use `force_download=True`.
  warnings.warn(

Loading checkpoint shards:   0%|          | 0/2 [00:00<?, ?it/s]
Loading checkpoint shards:  50%|█████     | 1/2 [00:01<00:01,  1.90s/it]
Loading checkpoint shards: 100%|██████████| 2/2 [00:02<00:00,  1.22s/it]
Loading checkpoint shards: 100%|██████████| 2/2 [00:02<00:00,  1.32s/it]

Loading checkpoint shards:   0%|          | 0/2 [00:00<?, ?it/s]
Loading checkpoint shards:  50%|█████     | 1/2 [00:01<00:01,  1.58s/it]
Loading checkpoint shards: 100%|██████████| 2/2 [00:02<00:00,  1.03s/it]
Loading checkpoint shards: 100%|██████████| 2/2 [00:02<00:00,  1.11s/it]

Loading checkpoint shards:   0%|          | 0/2 [00:00<?, ?it/s]
Loading checkpoint shards:  50%|█████     | 1/2 [00:01<00:01,  1.35s/it]
Loading checkpoint shards: 100%|██████████| 2/2 [00:01<00:00,  1.09it/s]
Loading checkpoint shards: 100%|██████████| 2/2 [00:01<00:00,  1.02it/s]

Loading checkpoint shards:   0%|          | 0/2 [00:00<?, ?it/s]
Loading checkpoint shards:  50%|█████     | 1/2 [00:01<00:01,  1.06s/it]
Loading checkpoint shards: 100%|██████████| 2/2 [00:01<00:00,  1.22it/s]
Loading checkpoint shards: 100%|██████████| 2/2 [00:01<00:00,  1.17it/s]

Loading checkpoint shards:   0%|          | 0/2 [00:00<?, ?it/s]
Loading checkpoint shards:  50%|█████     | 1/2 [00:01<00:01,  1.26s/it]
Loading checkpoint shards: 100%|██████████| 2/2 [00:01<00:00,  1.12it/s]
Loading checkpoint shards: 100%|██████████| 2/2 [00:01<00:00,  1.05it/s]

Loading checkpoint shards:   0%|          | 0/2 [00:00<?, ?it/s]
Loading checkpoint shards:  50%|█████     | 1/2 [00:01<00:01,  1.27s/it]
Loading checkpoint shards: 100%|██████████| 2/2 [00:01<00:00,  1.12it/s]
Loading checkpoint shards: 100%|██████████| 2/2 [00:01<00:00,  1.06it/s]

Loading checkpoint shards:   0%|          | 0/2 [00:00<?, ?it/s]
Loading checkpoint shards:  50%|█████     | 1/2 [00:01<00:01,  1.28s/it]
Loading checkpoint shards: 100%|██████████| 2/2 [00:01<00:00,  1.11it/s]
Loading checkpoint shards: 100%|██████████| 2/2 [00:01<00:00,  1.05it/s]

Loading checkpoint shards:   0%|          | 0/2 [00:00<?, ?it/s]
Loading checkpoint shards:  50%|█████     | 1/2 [00:01<00:01,  1.29s/it]
Loading checkpoint shards: 100%|██████████| 2/2 [00:01<00:00,  1.11it/s]
Loading checkpoint shards: 100%|██████████| 2/2 [00:01<00:00,  1.04it/s]

Loading checkpoint shards:   0%|          | 0/2 [00:00<?, ?it/s]
Loading checkpoint shards:  50%|█████     | 1/2 [00:01<00:01,  1.26s/it]
Loading checkpoint shards: 100%|██████████| 2/2 [00:01<00:00,  1.13it/s]
Loading checkpoint shards: 100%|██████████| 2/2 [00:01<00:00,  1.06it/s]

Loading checkpoint shards:   0%|          | 0/2 [00:00<?, ?it/s]
Loading checkpoint shards:  50%|█████     | 1/2 [00:01<00:01,  1.29s/it]
Loading checkpoint shards: 100%|██████████| 2/2 [00:01<00:00,  1.11it/s]
Loading checkpoint shards: 100%|██████████| 2/2 [00:01<00:00,  1.04it/s]

Loading checkpoint shards:   0%|          | 0/2 [00:00<?, ?it/s]
Loading checkpoint shards:  50%|█████     | 1/2 [00:01<00:01,  1.83s/it]
Loading checkpoint shards: 100%|██████████| 2/2 [00:02<00:00,  1.24s/it]
Loading checkpoint shards: 100%|██████████| 2/2 [00:02<00:00,  1.33s/it]

Loading checkpoint shards:   0%|          | 0/2 [00:00<?, ?it/s]
Loading checkpoint shards:  50%|█████     | 1/2 [00:01<00:01,  1.42s/it]
Loading checkpoint shards: 100%|██████████| 2/2 [00:02<00:00,  1.01it/s]
Loading checkpoint shards: 100%|██████████| 2/2 [00:02<00:00,  1.06s/it]

Loading checkpoint shards:   0%|          | 0/2 [00:00<?, ?it/s]
Loading checkpoint shards:  50%|█████     | 1/2 [00:01<00:01,  1.32s/it]
Loading checkpoint shards: 100%|██████████| 2/2 [00:01<00:00,  1.08it/s]
Loading checkpoint shards: 100%|██████████| 2/2 [00:01<00:00,  1.01it/s]

Loading checkpoint shards:   0%|          | 0/2 [00:00<?, ?it/s]
Loading checkpoint shards:  50%|█████     | 1/2 [00:01<00:01,  1.28s/it]
Loading checkpoint shards: 100%|██████████| 2/2 [00:01<00:00,  1.09it/s]
Loading checkpoint shards: 100%|██████████| 2/2 [00:01<00:00,  1.03it/s]

Loading checkpoint shards:   0%|          | 0/2 [00:00<?, ?it/s]
Loading checkpoint shards:  50%|█████     | 1/2 [00:01<00:01,  1.36s/it]
Loading checkpoint shards: 100%|██████████| 2/2 [00:01<00:00,  1.07it/s]
Loading checkpoint shards: 100%|██████████| 2/2 [00:01<00:00,  1.00it/s]

Loading checkpoint shards:   0%|          | 0/2 [00:00<?, ?it/s]
Loading checkpoint shards:  50%|█████     | 1/2 [00:01<00:01,  1.33s/it]
Loading checkpoint shards: 100%|██████████| 2/2 [00:01<00:00,  1.06it/s]
Loading checkpoint shards: 100%|██████████| 2/2 [00:01<00:00,  1.00it/s]

Loading checkpoint shards:   0%|          | 0/2 [00:00<?, ?it/s]
Loading checkpoint shards:  50%|█████     | 1/2 [00:01<00:01,  1.55s/it]
Loading checkpoint shards: 100%|██████████| 2/2 [00:02<00:00,  1.09s/it]
Loading checkpoint shards: 100%|██████████| 2/2 [00:02<00:00,  1.16s/it]

Loading checkpoint shards:   0%|          | 0/2 [00:00<?, ?it/s]
Loading checkpoint shards:  50%|█████     | 1/2 [00:01<00:01,  1.08s/it]
Loading checkpoint shards: 100%|██████████| 2/2 [00:01<00:00,  1.34it/s]
Loading checkpoint shards: 100%|██████████| 2/2 [00:01<00:00,  1.25it/s]

Loading checkpoint shards:   0%|          | 0/2 [00:00<?, ?it/s]
Loading checkpoint shards:  50%|█████     | 1/2 [00:01<00:01,  1.08s/it]
Loading checkpoint shards: 100%|██████████| 2/2 [00:01<00:00,  1.33it/s]
Loading checkpoint shards: 100%|██████████| 2/2 [00:01<00:00,  1.25it/s]

Loading checkpoint shards:   0%|          | 0/2 [00:00<?, ?it/s]
Loading checkpoint shards:  50%|█████     | 1/2 [00:01<00:01,  1.05s/it]
Loading checkpoint shards: 100%|██████████| 2/2 [00:01<00:00,  1.36it/s]
Loading checkpoint shards: 100%|██████████| 2/2 [00:01<00:00,  1.28it/s]

Loading checkpoint shards:   0%|          | 0/2 [00:00<?, ?it/s]
Loading checkpoint shards:  50%|█████     | 1/2 [00:01<00:01,  1.01s/it]
Loading checkpoint shards: 100%|██████████| 2/2 [00:01<00:00,  1.40it/s]
Loading checkpoint shards: 100%|██████████| 2/2 [00:01<00:00,  1.32it/s]

Loading checkpoint shards:   0%|          | 0/2 [00:00<?, ?it/s]
Loading checkpoint shards:  50%|█████     | 1/2 [00:01<00:01,  1.01s/it]
Loading checkpoint shards: 100%|██████████| 2/2 [00:01<00:00,  1.35it/s]
Loading checkpoint shards: 100%|██████████| 2/2 [00:01<00:00,  1.28it/s]

Loading checkpoint shards:   0%|          | 0/2 [00:00<?, ?it/s]
Loading checkpoint shards:  50%|█████     | 1/2 [00:01<00:01,  1.00s/it]
Loading checkpoint shards: 100%|██████████| 2/2 [00:01<00:00,  1.38it/s]
Loading checkpoint shards: 100%|██████████| 2/2 [00:01<00:00,  1.30it/s]

Loading checkpoint shards:   0%|          | 0/2 [00:00<?, ?it/s]
Loading checkpoint shards:  50%|█████     | 1/2 [00:01<00:01,  1.01s/it]
Loading checkpoint shards: 100%|██████████| 2/2 [00:01<00:00,  1.39it/s]
Loading checkpoint shards: 100%|██████████| 2/2 [00:01<00:00,  1.31it/s]

Loading checkpoint shards:   0%|          | 0/2 [00:00<?, ?it/s]
Loading checkpoint shards:  50%|█████     | 1/2 [00:00<00:00,  1.01it/s]
Loading checkpoint shards: 100%|██████████| 2/2 [00:01<00:00,  1.42it/s]
Loading checkpoint shards: 100%|██████████| 2/2 [00:01<00:00,  1.33it/s]

/jet/home/byler/miniconda3/envs/minicpm/lib/python3.10/site-packages/huggingface_hub/file_download.py:943: FutureWarning: `resume_download` is deprecated and will be removed in version 1.0.0. Downloads always resume when possible. If you want to force a new download, use `force_download=True`.
  warnings.warn(

Loading checkpoint shards:   0%|          | 0/2 [00:00<?, ?it/s]
Loading checkpoint shards:  50%|█████     | 1/2 [00:02<00:02,  2.29s/it]
Loading checkpoint shards: 100%|██████████| 2/2 [00:03<00:00,  1.49s/it]
Loading checkpoint shards: 100%|██████████| 2/2 [00:03<00:00,  1.61s/it]
/jet/home/byler/miniconda3/envs/minicpm/lib/python3.10/site-packages/huggingface_hub/file_download.py:943: FutureWarning: `resume_download` is deprecated and will be removed in version 1.0.0. Downloads always resume when possible. If you want to force a new download, use `force_download=True`.
  warnings.warn(

Loading checkpoint shards:   0%|          | 0/2 [00:00<?, ?it/s]
Loading checkpoint shards:  50%|█████     | 1/2 [00:01<00:01,  1.87s/it]
Loading checkpoint shards: 100%|██████████| 2/2 [00:02<00:00,  1.27s/it]
Loading checkpoint shards: 100%|██████████| 2/2 [00:02<00:00,  1.36s/it]

Loading checkpoint shards:   0%|          | 0/2 [00:00<?, ?it/s]
Loading checkpoint shards:  50%|█████     | 1/2 [00:01<00:01,  1.68s/it]
Loading checkpoint shards: 100%|██████████| 2/2 [00:02<00:00,  1.11s/it]
Loading checkpoint shards: 100%|██████████| 2/2 [00:02<00:00,  1.19s/it]

Loading checkpoint shards:   0%|          | 0/2 [00:00<?, ?it/s]
Loading checkpoint shards:  50%|█████     | 1/2 [00:01<00:01,  1.45s/it]
Loading checkpoint shards: 100%|██████████| 2/2 [00:02<00:00,  1.03it/s]
Loading checkpoint shards: 100%|██████████| 2/2 [00:02<00:00,  1.04s/it]

Loading checkpoint shards:   0%|          | 0/2 [00:00<?, ?it/s]
Loading checkpoint shards:  50%|█████     | 1/2 [00:01<00:01,  1.41s/it]
Loading checkpoint shards: 100%|██████████| 2/2 [00:02<00:00,  1.02it/s]
Loading checkpoint shards: 100%|██████████| 2/2 [00:02<00:00,  1.04s/it]

Loading checkpoint shards:   0%|          | 0/2 [00:00<?, ?it/s]
Loading checkpoint shards:  50%|█████     | 1/2 [00:01<00:01,  1.40s/it]
Loading checkpoint shards: 100%|██████████| 2/2 [00:02<00:00,  1.01it/s]
Loading checkpoint shards: 100%|██████████| 2/2 [00:02<00:00,  1.05s/it]

Loading checkpoint shards:   0%|          | 0/2 [00:00<?, ?it/s]
Loading checkpoint shards:  50%|█████     | 1/2 [00:01<00:01,  1.60s/it]
Loading checkpoint shards: 100%|██████████| 2/2 [00:02<00:00,  1.07s/it]
Loading checkpoint shards: 100%|██████████| 2/2 [00:02<00:00,  1.15s/it]

Loading checkpoint shards:   0%|          | 0/2 [00:00<?, ?it/s]
Loading checkpoint shards:  50%|█████     | 1/2 [00:01<00:01,  1.30s/it]
Loading checkpoint shards: 100%|██████████| 2/2 [00:01<00:00,  1.16it/s]
Loading checkpoint shards: 100%|██████████| 2/2 [00:01<00:00,  1.07it/s]

Loading checkpoint shards:   0%|          | 0/2 [00:00<?, ?it/s]
Loading checkpoint shards:  50%|█████     | 1/2 [00:01<00:01,  1.09s/it]
Loading checkpoint shards: 100%|██████████| 2/2 [00:01<00:00,  1.30it/s]
Loading checkpoint shards: 100%|██████████| 2/2 [00:01<00:00,  1.22it/s]

Loading checkpoint shards:   0%|          | 0/2 [00:00<?, ?it/s]
Loading checkpoint shards:  50%|█████     | 1/2 [00:01<00:01,  1.04s/it]
Loading checkpoint shards: 100%|██████████| 2/2 [00:01<00:00,  1.33it/s]
Loading checkpoint shards: 100%|██████████| 2/2 [00:01<00:00,  1.26it/s]

Loading checkpoint shards:   0%|          | 0/2 [00:00<?, ?it/s]
Loading checkpoint shards:  50%|█████     | 1/2 [00:01<00:01,  1.03s/it]
Loading checkpoint shards: 100%|██████████| 2/2 [00:01<00:00,  1.39it/s]
Loading checkpoint shards: 100%|██████████| 2/2 [00:01<00:00,  1.31it/s]

Loading checkpoint shards:   0%|          | 0/2 [00:00<?, ?it/s]
Loading checkpoint shards:  50%|█████     | 1/2 [00:01<00:01,  1.05s/it]
Loading checkpoint shards: 100%|██████████| 2/2 [00:01<00:00,  1.37it/s]
Loading checkpoint shards: 100%|██████████| 2/2 [00:01<00:00,  1.29it/s]

Loading checkpoint shards:   0%|          | 0/2 [00:00<?, ?it/s]
Loading checkpoint shards:  50%|█████     | 1/2 [00:01<00:01,  1.04s/it]
Loading checkpoint shards: 100%|██████████| 2/2 [00:01<00:00,  1.38it/s]
Loading checkpoint shards: 100%|██████████| 2/2 [00:01<00:00,  1.30it/s]

Loading checkpoint shards:   0%|          | 0/2 [00:00<?, ?it/s]
Loading checkpoint shards:  50%|█████     | 1/2 [00:01<00:01,  1.02s/it]
Loading checkpoint shards: 100%|██████████| 2/2 [00:01<00:00,  1.40it/s]
Loading checkpoint shards: 100%|██████████| 2/2 [00:01<00:00,  1.32it/s]

Loading checkpoint shards:   0%|          | 0/2 [00:00<?, ?it/s]
Loading checkpoint shards:  50%|█████     | 1/2 [00:01<00:01,  1.02s/it]
Loading checkpoint shards: 100%|██████████| 2/2 [00:01<00:00,  1.42it/s]
Loading checkpoint shards: 100%|██████████| 2/2 [00:01<00:00,  1.33it/s]

Loading checkpoint shards:   0%|          | 0/2 [00:00<?, ?it/s]
Loading checkpoint shards:  50%|█████     | 1/2 [00:00<00:00,  1.01it/s]
Loading checkpoint shards: 100%|██████████| 2/2 [00:01<00:00,  1.42it/s]
Loading checkpoint shards: 100%|██████████| 2/2 [00:01<00:00,  1.34it/s]

Loading checkpoint shards:   0%|          | 0/2 [00:00<?, ?it/s]
Loading checkpoint shards:  50%|█████     | 1/2 [00:26<00:26, 26.77s/it]
Loading checkpoint shards: 100%|██████████| 2/2 [00:27<00:00, 11.31s/it]
Loading checkpoint shards: 100%|██████████| 2/2 [00:27<00:00, 13.63s/it]

Loading checkpoint shards:   0%|          | 0/2 [00:00<?, ?it/s]
Loading checkpoint shards:  50%|█████     | 1/2 [00:01<00:01,  1.10s/it]
Loading checkpoint shards: 100%|██████████| 2/2 [00:01<00:00,  1.35it/s]
Loading checkpoint shards: 100%|██████████| 2/2 [00:01<00:00,  1.26it/s]

Loading checkpoint shards:   0%|          | 0/2 [00:00<?, ?it/s]
Loading checkpoint shards:  50%|█████     | 1/2 [00:01<00:01,  1.00s/it]
Loading checkpoint shards: 100%|██████████| 2/2 [00:01<00:00,  1.44it/s]
Loading checkpoint shards: 100%|██████████| 2/2 [00:01<00:00,  1.35it/s]

Loading checkpoint shards:   0%|          | 0/2 [00:00<?, ?it/s]
Loading checkpoint shards:  50%|█████     | 1/2 [00:00<00:00,  1.01it/s]
Loading checkpoint shards: 100%|██████████| 2/2 [00:01<00:00,  1.45it/s]
Loading checkpoint shards: 100%|██████████| 2/2 [00:01<00:00,  1.36it/s]

Loading checkpoint shards:   0%|          | 0/2 [00:00<?, ?it/s]
Loading checkpoint shards:  50%|█████     | 1/2 [00:00<00:00,  1.01it/s]
Loading checkpoint shards: 100%|██████████| 2/2 [00:01<00:00,  1.43it/s]
Loading checkpoint shards: 100%|██████████| 2/2 [00:01<00:00,  1.35it/s]

Loading checkpoint shards:   0%|          | 0/2 [00:00<?, ?it/s]
Loading checkpoint shards:  50%|█████     | 1/2 [00:00<00:00,  1.01it/s]
Loading checkpoint shards: 100%|██████████| 2/2 [00:01<00:00,  1.44it/s]
Loading checkpoint shards: 100%|██████████| 2/2 [00:01<00:00,  1.36it/s]

Loading checkpoint shards:   0%|          | 0/2 [00:00<?, ?it/s]
Loading checkpoint shards:  50%|█████     | 1/2 [00:00<00:00,  1.01it/s]
Loading checkpoint shards: 100%|██████████| 2/2 [00:01<00:00,  1.45it/s]
Loading checkpoint shards: 100%|██████████| 2/2 [00:01<00:00,  1.36it/s]

Loading checkpoint shards:   0%|          | 0/2 [00:00<?, ?it/s]
Loading checkpoint shards:  50%|█████     | 1/2 [00:00<00:00,  1.01it/s]
Loading checkpoint shards: 100%|██████████| 2/2 [00:01<00:00,  1.44it/s]
Loading checkpoint shards: 100%|██████████| 2/2 [00:01<00:00,  1.35it/s]

Loading checkpoint shards:   0%|          | 0/2 [00:00<?, ?it/s]
Loading checkpoint shards:  50%|█████     | 1/2 [00:00<00:00,  1.02it/s]
Loading checkpoint shards: 100%|██████████| 2/2 [00:01<00:00,  1.46it/s]
Loading checkpoint shards: 100%|██████████| 2/2 [00:01<00:00,  1.37it/s]

Loading checkpoint shards:   0%|          | 0/2 [00:00<?, ?it/s]
Loading checkpoint shards:  50%|█████     | 1/2 [00:00<00:00,  1.02it/s]
Loading checkpoint shards: 100%|██████████| 2/2 [00:01<00:00,  1.44it/s]
Loading checkpoint shards: 100%|██████████| 2/2 [00:01<00:00,  1.35it/s]

