Skipping FPfnT0E92Xc...
Skipping ewnCILrjsMQ...
Skipping phoHsw1-hy0...
Skipping T6wqCJMrBkk...
Skipping isNZtqjeLRg...
Skipping 4JofAMHuDjk...
Skipping TVNORdZFR4E...
Skipping TQvrZqlEjHQ...
Skipping 5AMejos2WmY...
Skipping bxJiO3ZU22E...
Skipping RF40ePD0tkU...
Skipping DPkc5xD9FVw...
Skipping x9AL-LVlfII...
Skipping PGmKPK4yEYo...
Skipping -H_yOuOWTRk...
Skipping jK4U5YVq6-k...
Skipping -__sBSuBzcA...
Skipping aqv10H3x1us...
Skipping lyjM_G3qtuA...
Skipping K1F-hG165g4...
Skipping NicweYnR8Ik...
Skipping OmhDRLXkqS0...
Skipping CM5CA-iudH4...
Transcribing file: p6XaKkcS014.mp4
Error reading CSV: 
Error reading CSV: 
Error reading CSV: 

