+ cd /ocean/projects/cis240145p/byler/PSCCode/video_processing
+ echo 'Transcribing videos...'
+ conda run -n whisper python masswhisper.py
+ cd /ocean/projects/cis240145p/byler/PSCCode/s1_baseline
+ echo 'Generating tasks...'
+ conda run -n s1 python s1.py --start 900 --end 1000

Loading safetensors checkpoint shards:   0% Completed | 0/7 [00:00<?, ?it/s]

Loading safetensors checkpoint shards:  14% Completed | 1/7 [00:30<03:01, 30.30s/it]

Loading safetensors checkpoint shards:  29% Completed | 2/7 [00:58<02:24, 28.81s/it]

Loading safetensors checkpoint shards:  43% Completed | 3/7 [01:19<01:40, 25.22s/it]

Loading safetensors checkpoint shards:  57% Completed | 4/7 [01:49<01:21, 27.21s/it]

Loading safetensors checkpoint shards:  71% Completed | 5/7 [02:14<00:53, 26.66s/it]

Loading safetensors checkpoint shards:  86% Completed | 6/7 [02:39<00:26, 26.08s/it]

Loading safetensors checkpoint shards: 100% Completed | 7/7 [03:01<00:00, 24.50s/it]

Loading safetensors checkpoint shards: 100% Completed | 7/7 [03:01<00:00, 25.88s/it]


Processed prompts:   0%|          | 0/1 [00:00<?, ?it/s, est. speed input: 0.00 toks/s, output: 0.00 toks/s]
Processed prompts: 100%|██████████| 1/1 [00:02<00:00,  2.04s/it, est. speed input: 202.11 toks/s, output: 91.73 toks/s]
Processed prompts: 100%|██████████| 1/1 [00:02<00:00,  2.06s/it, est. speed input: 202.11 toks/s, output: 91.73 toks/s]

Processed prompts:   0%|          | 0/1 [00:00<?, ?it/s, est. speed input: 0.00 toks/s, output: 0.00 toks/s]
Processed prompts: 100%|██████████| 1/1 [00:55<00:00, 55.57s/it, est. speed input: 15.96 toks/s, output: 96.21 toks/s]
Processed prompts: 100%|██████████| 1/1 [00:55<00:00, 55.57s/it, est. speed input: 15.96 toks/s, output: 96.21 toks/s]

Processed prompts:   0%|          | 0/1 [00:00<?, ?it/s, est. speed input: 0.00 toks/s, output: 0.00 toks/s]
Processed prompts: 100%|██████████| 1/1 [00:04<00:00,  4.46s/it, est. speed input: 464.74 toks/s, output: 93.17 toks/s]
Processed prompts: 100%|██████████| 1/1 [00:04<00:00,  4.47s/it, est. speed input: 464.74 toks/s, output: 93.17 toks/s]

Processed prompts:   0%|          | 0/1 [00:00<?, ?it/s, est. speed input: 0.00 toks/s, output: 0.00 toks/s]
Processed prompts: 100%|██████████| 1/1 [00:11<00:00, 11.31s/it, est. speed input: 803.05 toks/s, output: 42.95 toks/s]
Processed prompts: 100%|██████████| 1/1 [00:11<00:00, 11.31s/it, est. speed input: 803.05 toks/s, output: 42.95 toks/s]

Processed prompts:   0%|          | 0/1 [00:00<?, ?it/s, est. speed input: 0.00 toks/s, output: 0.00 toks/s]
Processed prompts: 100%|██████████| 1/1 [00:02<00:00,  2.77s/it, est. speed input: 143.73 toks/s, output: 95.34 toks/s]
Processed prompts: 100%|██████████| 1/1 [00:02<00:00,  2.77s/it, est. speed input: 143.73 toks/s, output: 95.34 toks/s]

Processed prompts:   0%|          | 0/1 [00:00<?, ?it/s, est. speed input: 0.00 toks/s, output: 0.00 toks/s]
Processed prompts: 100%|██████████| 1/1 [00:04<00:00,  4.44s/it, est. speed input: 107.95 toks/s, output: 95.56 toks/s]
Processed prompts: 100%|██████████| 1/1 [00:04<00:00,  4.44s/it, est. speed input: 107.95 toks/s, output: 95.56 toks/s]

Processed prompts:   0%|          | 0/1 [00:00<?, ?it/s, est. speed input: 0.00 toks/s, output: 0.00 toks/s]
Processed prompts: 100%|██████████| 1/1 [00:38<00:00, 38.80s/it, est. speed input: 10.21 toks/s, output: 96.24 toks/s]
Processed prompts: 100%|██████████| 1/1 [00:38<00:00, 38.80s/it, est. speed input: 10.21 toks/s, output: 96.24 toks/s]

Processed prompts:   0%|          | 0/1 [00:00<?, ?it/s, est. speed input: 0.00 toks/s, output: 0.00 toks/s]
Processed prompts: 100%|██████████| 1/1 [00:10<00:00, 11.00s/it, est. speed input: 35.64 toks/s, output: 96.18 toks/s]
Processed prompts: 100%|██████████| 1/1 [00:11<00:00, 11.00s/it, est. speed input: 35.64 toks/s, output: 96.18 toks/s]

Processed prompts:   0%|          | 0/1 [00:00<?, ?it/s, est. speed input: 0.00 toks/s, output: 0.00 toks/s]
Processed prompts: 100%|██████████| 1/1 [00:02<00:00,  2.29s/it, est. speed input: 550.94 toks/s, output: 92.33 toks/s]
Processed prompts: 100%|██████████| 1/1 [00:02<00:00,  2.29s/it, est. speed input: 550.94 toks/s, output: 92.33 toks/s]

Processed prompts:   0%|          | 0/1 [00:00<?, ?it/s, est. speed input: 0.00 toks/s, output: 0.00 toks/s]
Processed prompts: 100%|██████████| 1/1 [00:23<00:00, 23.53s/it, est. speed input: 149.77 toks/s, output: 96.18 toks/s]
Processed prompts: 100%|██████████| 1/1 [00:23<00:00, 23.53s/it, est. speed input: 149.77 toks/s, output: 96.18 toks/s]

Processed prompts:   0%|          | 0/1 [00:00<?, ?it/s, est. speed input: 0.00 toks/s, output: 0.00 toks/s]
Processed prompts: 100%|██████████| 1/1 [00:06<00:00,  6.95s/it, est. speed input: 56.56 toks/s, output: 97.15 toks/s]
Processed prompts: 100%|██████████| 1/1 [00:06<00:00,  6.95s/it, est. speed input: 56.56 toks/s, output: 97.15 toks/s]

Processed prompts:   0%|          | 0/1 [00:00<?, ?it/s, est. speed input: 0.00 toks/s, output: 0.00 toks/s]
Processed prompts: 100%|██████████| 1/1 [00:03<00:00,  3.82s/it, est. speed input: 134.45 toks/s, output: 96.18 toks/s]
Processed prompts: 100%|██████████| 1/1 [00:03<00:00,  3.82s/it, est. speed input: 134.45 toks/s, output: 96.18 toks/s]

Processed prompts:   0%|          | 0/1 [00:00<?, ?it/s, est. speed input: 0.00 toks/s, output: 0.00 toks/s]
Processed prompts: 100%|██████████| 1/1 [00:06<00:00,  6.78s/it, est. speed input: 152.30 toks/s, output: 96.13 toks/s]
Processed prompts: 100%|██████████| 1/1 [00:06<00:00,  6.78s/it, est. speed input: 152.30 toks/s, output: 96.13 toks/s]

Processed prompts:   0%|          | 0/1 [00:00<?, ?it/s, est. speed input: 0.00 toks/s, output: 0.00 toks/s]
Processed prompts: 100%|██████████| 1/1 [00:04<00:00,  4.07s/it, est. speed input: 789.57 toks/s, output: 91.58 toks/s]
Processed prompts: 100%|██████████| 1/1 [00:04<00:00,  4.07s/it, est. speed input: 789.57 toks/s, output: 91.58 toks/s]

Processed prompts:   0%|          | 0/1 [00:00<?, ?it/s, est. speed input: 0.00 toks/s, output: 0.00 toks/s]
Processed prompts: 100%|██████████| 1/1 [00:08<00:00,  8.23s/it, est. speed input: 51.28 toks/s, output: 97.09 toks/s]
Processed prompts: 100%|██████████| 1/1 [00:08<00:00,  8.23s/it, est. speed input: 51.28 toks/s, output: 97.09 toks/s]

Processed prompts:   0%|          | 0/1 [00:00<?, ?it/s, est. speed input: 0.00 toks/s, output: 0.00 toks/s]
Processed prompts: 100%|██████████| 1/1 [00:02<00:00,  2.66s/it, est. speed input: 190.35 toks/s, output: 95.74 toks/s]
Processed prompts: 100%|██████████| 1/1 [00:02<00:00,  2.66s/it, est. speed input: 190.35 toks/s, output: 95.74 toks/s]

Processed prompts:   0%|          | 0/1 [00:00<?, ?it/s, est. speed input: 0.00 toks/s, output: 0.00 toks/s]
Processed prompts: 100%|██████████| 1/1 [00:17<00:00, 17.01s/it, est. speed input: 193.33 toks/s, output: 94.76 toks/s]
Processed prompts: 100%|██████████| 1/1 [00:17<00:00, 17.01s/it, est. speed input: 193.33 toks/s, output: 94.76 toks/s]

Processed prompts:   0%|          | 0/1 [00:00<?, ?it/s, est. speed input: 0.00 toks/s, output: 0.00 toks/s]
Processed prompts: 100%|██████████| 1/1 [00:12<00:00, 12.56s/it, est. speed input: 68.93 toks/s, output: 95.68 toks/s]
Processed prompts: 100%|██████████| 1/1 [00:12<00:00, 12.56s/it, est. speed input: 68.93 toks/s, output: 95.68 toks/s]

Processed prompts:   0%|          | 0/1 [00:00<?, ?it/s, est. speed input: 0.00 toks/s, output: 0.00 toks/s]
Processed prompts: 100%|██████████| 1/1 [00:05<00:00,  5.04s/it, est. speed input: 1050.18 toks/s, output: 88.54 toks/s]
Processed prompts: 100%|██████████| 1/1 [00:05<00:00,  5.04s/it, est. speed input: 1050.18 toks/s, output: 88.54 toks/s]

Processed prompts:   0%|          | 0/1 [00:00<?, ?it/s, est. speed input: 0.00 toks/s, output: 0.00 toks/s]
Processed prompts: 100%|██████████| 1/1 [00:01<00:00,  1.65s/it, est. speed input: 283.01 toks/s, output: 93.93 toks/s]
Processed prompts: 100%|██████████| 1/1 [00:01<00:00,  1.65s/it, est. speed input: 283.01 toks/s, output: 93.93 toks/s]

Processed prompts:   0%|          | 0/1 [00:00<?, ?it/s, est. speed input: 0.00 toks/s, output: 0.00 toks/s]
Processed prompts: 100%|██████████| 1/1 [00:36<00:00, 36.79s/it, est. speed input: 10.60 toks/s, output: 96.13 toks/s]
Processed prompts: 100%|██████████| 1/1 [00:36<00:00, 36.79s/it, est. speed input: 10.60 toks/s, output: 96.13 toks/s]

Processed prompts:   0%|          | 0/1 [00:00<?, ?it/s, est. speed input: 0.00 toks/s, output: 0.00 toks/s]
Processed prompts: 100%|██████████| 1/1 [00:01<00:00,  1.93s/it, est. speed input: 283.22 toks/s, output: 93.72 toks/s]
Processed prompts: 100%|██████████| 1/1 [00:01<00:00,  1.93s/it, est. speed input: 283.22 toks/s, output: 93.72 toks/s]

Processed prompts:   0%|          | 0/1 [00:00<?, ?it/s, est. speed input: 0.00 toks/s, output: 0.00 toks/s]
Processed prompts: 100%|██████████| 1/1 [00:01<00:00,  1.02s/it, est. speed input: 598.42 toks/s, output: 91.23 toks/s]
Processed prompts: 100%|██████████| 1/1 [00:01<00:00,  1.02s/it, est. speed input: 598.42 toks/s, output: 91.23 toks/s]

Processed prompts:   0%|          | 0/1 [00:00<?, ?it/s, est. speed input: 0.00 toks/s, output: 0.00 toks/s]
Processed prompts: 100%|██████████| 1/1 [00:04<00:00,  4.08s/it, est. speed input: 107.33 toks/s, output: 95.57 toks/s]
Processed prompts: 100%|██████████| 1/1 [00:04<00:00,  4.08s/it, est. speed input: 107.33 toks/s, output: 95.57 toks/s]

Processed prompts:   0%|          | 0/1 [00:00<?, ?it/s, est. speed input: 0.00 toks/s, output: 0.00 toks/s]
Processed prompts: 100%|██████████| 1/1 [00:16<00:00, 16.49s/it, est. speed input: 24.74 toks/s, output: 95.92 toks/s]
Processed prompts: 100%|██████████| 1/1 [00:16<00:00, 16.49s/it, est. speed input: 24.74 toks/s, output: 95.92 toks/s]

Processed prompts:   0%|          | 0/1 [00:00<?, ?it/s, est. speed input: 0.00 toks/s, output: 0.00 toks/s]
Processed prompts: 100%|██████████| 1/1 [00:01<00:00,  1.46s/it, est. speed input: 541.56 toks/s, output: 91.62 toks/s]
Processed prompts: 100%|██████████| 1/1 [00:01<00:00,  1.46s/it, est. speed input: 541.56 toks/s, output: 91.62 toks/s]

Processed prompts:   0%|          | 0/1 [00:00<?, ?it/s, est. speed input: 0.00 toks/s, output: 0.00 toks/s]
Processed prompts: 100%|██████████| 1/1 [00:34<00:00, 34.05s/it, est. speed input: 80.29 toks/s, output: 95.45 toks/s]
Processed prompts: 100%|██████████| 1/1 [00:34<00:00, 34.05s/it, est. speed input: 80.29 toks/s, output: 95.45 toks/s]

Processed prompts:   0%|          | 0/1 [00:00<?, ?it/s, est. speed input: 0.00 toks/s, output: 0.00 toks/s]
Processed prompts: 100%|██████████| 1/1 [00:03<00:00,  3.19s/it, est. speed input: 911.40 toks/s, output: 89.63 toks/s]
Processed prompts: 100%|██████████| 1/1 [00:03<00:00,  3.19s/it, est. speed input: 911.40 toks/s, output: 89.63 toks/s]

Processed prompts:   0%|          | 0/1 [00:00<?, ?it/s, est. speed input: 0.00 toks/s, output: 0.00 toks/s]
Processed prompts: 100%|██████████| 1/1 [00:37<00:00, 37.16s/it, est. speed input: 31.70 toks/s, output: 95.50 toks/s]
Processed prompts: 100%|██████████| 1/1 [00:37<00:00, 37.16s/it, est. speed input: 31.70 toks/s, output: 95.50 toks/s]

Processed prompts:   0%|          | 0/1 [00:00<?, ?it/s, est. speed input: 0.00 toks/s, output: 0.00 toks/s]
Processed prompts: 100%|██████████| 1/1 [00:17<00:00, 17.63s/it, est. speed input: 166.28 toks/s, output: 94.94 toks/s]
Processed prompts: 100%|██████████| 1/1 [00:17<00:00, 17.63s/it, est. speed input: 166.28 toks/s, output: 94.94 toks/s]

Processed prompts:   0%|          | 0/1 [00:00<?, ?it/s, est. speed input: 0.00 toks/s, output: 0.00 toks/s]
Processed prompts: 100%|██████████| 1/1 [00:02<00:00,  2.41s/it, est. speed input: 424.72 toks/s, output: 94.15 toks/s]
Processed prompts: 100%|██████████| 1/1 [00:02<00:00,  2.41s/it, est. speed input: 424.72 toks/s, output: 94.15 toks/s]

Processed prompts:   0%|          | 0/1 [00:00<?, ?it/s, est. speed input: 0.00 toks/s, output: 0.00 toks/s]
Processed prompts: 100%|██████████| 1/1 [00:04<00:00,  4.70s/it, est. speed input: 227.62 toks/s, output: 95.52 toks/s]
Processed prompts: 100%|██████████| 1/1 [00:04<00:00,  4.70s/it, est. speed input: 227.62 toks/s, output: 95.52 toks/s]

Processed prompts:   0%|          | 0/1 [00:00<?, ?it/s, est. speed input: 0.00 toks/s, output: 0.00 toks/s]
Processed prompts: 100%|██████████| 1/1 [00:14<00:00, 14.68s/it, est. speed input: 112.20 toks/s, output: 96.19 toks/s]
Processed prompts: 100%|██████████| 1/1 [00:14<00:00, 14.68s/it, est. speed input: 112.20 toks/s, output: 96.19 toks/s]

Processed prompts:   0%|          | 0/1 [00:00<?, ?it/s, est. speed input: 0.00 toks/s, output: 0.00 toks/s]
Processed prompts: 100%|██████████| 1/1 [00:12<00:00, 12.99s/it, est. speed input: 458.29 toks/s, output: 93.35 toks/s]
Processed prompts: 100%|██████████| 1/1 [00:12<00:00, 12.99s/it, est. speed input: 458.29 toks/s, output: 93.35 toks/s]

Processed prompts:   0%|          | 0/1 [00:00<?, ?it/s, est. speed input: 0.00 toks/s, output: 0.00 toks/s]
Processed prompts: 100%|██████████| 1/1 [00:03<00:00,  3.31s/it, est. speed input: 492.15 toks/s, output: 93.54 toks/s]
Processed prompts: 100%|██████████| 1/1 [00:03<00:00,  3.31s/it, est. speed input: 492.15 toks/s, output: 93.54 toks/s]

Processed prompts:   0%|          | 0/1 [00:00<?, ?it/s, est. speed input: 0.00 toks/s, output: 0.00 toks/s]
Processed prompts: 100%|██████████| 1/1 [00:08<00:00,  8.05s/it, est. speed input: 114.48 toks/s, output: 95.96 toks/s]
Processed prompts: 100%|██████████| 1/1 [00:08<00:00,  8.05s/it, est. speed input: 114.48 toks/s, output: 95.96 toks/s]

Processed prompts:   0%|          | 0/1 [00:00<?, ?it/s, est. speed input: 0.00 toks/s, output: 0.00 toks/s]
Processed prompts: 100%|██████████| 1/1 [00:06<00:00,  6.52s/it, est. speed input: 864.46 toks/s, output: 89.44 toks/s]
Processed prompts: 100%|██████████| 1/1 [00:06<00:00,  6.52s/it, est. speed input: 864.46 toks/s, output: 89.44 toks/s]

Processed prompts:   0%|          | 0/1 [00:00<?, ?it/s, est. speed input: 0.00 toks/s, output: 0.00 toks/s]
Processed prompts: 100%|██████████| 1/1 [00:04<00:00,  4.28s/it, est. speed input: 96.33 toks/s, output: 94.92 toks/s]
Processed prompts: 100%|██████████| 1/1 [00:04<00:00,  4.28s/it, est. speed input: 96.33 toks/s, output: 94.92 toks/s]

Processed prompts:   0%|          | 0/1 [00:00<?, ?it/s, est. speed input: 0.00 toks/s, output: 0.00 toks/s]
Processed prompts: 100%|██████████| 1/1 [00:18<00:00, 18.89s/it, est. speed input: 52.47 toks/s, output: 95.20 toks/s]
Processed prompts: 100%|██████████| 1/1 [00:18<00:00, 18.89s/it, est. speed input: 52.47 toks/s, output: 95.20 toks/s]

Processed prompts:   0%|          | 0/1 [00:00<?, ?it/s, est. speed input: 0.00 toks/s, output: 0.00 toks/s]
Processed prompts: 100%|██████████| 1/1 [00:02<00:00,  2.40s/it, est. speed input: 409.05 toks/s, output: 93.08 toks/s]
Processed prompts: 100%|██████████| 1/1 [00:02<00:00,  2.40s/it, est. speed input: 409.05 toks/s, output: 93.08 toks/s]

Processed prompts:   0%|          | 0/1 [00:00<?, ?it/s, est. speed input: 0.00 toks/s, output: 0.00 toks/s]
Processed prompts: 100%|██████████| 1/1 [00:04<00:00,  4.17s/it, est. speed input: 613.59 toks/s, output: 91.67 toks/s]
Processed prompts: 100%|██████████| 1/1 [00:04<00:00,  4.17s/it, est. speed input: 613.59 toks/s, output: 91.67 toks/s]

Processed prompts:   0%|          | 0/1 [00:00<?, ?it/s, est. speed input: 0.00 toks/s, output: 0.00 toks/s]
Processed prompts: 100%|██████████| 1/1 [00:02<00:00,  2.76s/it, est. speed input: 1023.06 toks/s, output: 88.88 toks/s]
Processed prompts: 100%|██████████| 1/1 [00:02<00:00,  2.76s/it, est. speed input: 1023.06 toks/s, output: 88.88 toks/s]

Processed prompts:   0%|          | 0/1 [00:00<?, ?it/s, est. speed input: 0.00 toks/s, output: 0.00 toks/s]
Processed prompts: 100%|██████████| 1/1 [00:02<00:00,  2.28s/it, est. speed input: 222.78 toks/s, output: 94.03 toks/s]
Processed prompts: 100%|██████████| 1/1 [00:02<00:00,  2.28s/it, est. speed input: 222.78 toks/s, output: 94.03 toks/s]

Processed prompts:   0%|          | 0/1 [00:00<?, ?it/s, est. speed input: 0.00 toks/s, output: 0.00 toks/s]
Processed prompts: 100%|██████████| 1/1 [00:23<00:00, 23.04s/it, est. speed input: 401.64 toks/s, output: 44.19 toks/s]
Processed prompts: 100%|██████████| 1/1 [00:23<00:00, 23.04s/it, est. speed input: 401.64 toks/s, output: 44.19 toks/s]

Processed prompts:   0%|          | 0/1 [00:00<?, ?it/s, est. speed input: 0.00 toks/s, output: 0.00 toks/s]
Processed prompts: 100%|██████████| 1/1 [00:03<00:00,  3.90s/it, est. speed input: 296.92 toks/s, output: 93.93 toks/s]
Processed prompts: 100%|██████████| 1/1 [00:03<00:00,  3.90s/it, est. speed input: 296.92 toks/s, output: 93.93 toks/s]

Processed prompts:   0%|          | 0/1 [00:00<?, ?it/s, est. speed input: 0.00 toks/s, output: 0.00 toks/s]
Processed prompts: 100%|██████████| 1/1 [00:05<00:00,  5.11s/it, est. speed input: 652.62 toks/s, output: 91.41 toks/s]
Processed prompts: 100%|██████████| 1/1 [00:05<00:00,  5.11s/it, est. speed input: 652.62 toks/s, output: 91.41 toks/s]

Processed prompts:   0%|          | 0/1 [00:00<?, ?it/s, est. speed input: 0.00 toks/s, output: 0.00 toks/s]
Processed prompts: 100%|██████████| 1/1 [00:11<00:00, 11.00s/it, est. speed input: 1037.92 toks/s, output: 41.80 toks/s]
Processed prompts: 100%|██████████| 1/1 [00:11<00:00, 11.01s/it, est. speed input: 1037.92 toks/s, output: 41.80 toks/s]

Processed prompts:   0%|          | 0/1 [00:00<?, ?it/s, est. speed input: 0.00 toks/s, output: 0.00 toks/s]
Processed prompts: 100%|██████████| 1/1 [00:40<00:00, 40.05s/it, est. speed input: 10.49 toks/s, output: 96.01 toks/s]
Processed prompts: 100%|██████████| 1/1 [00:40<00:00, 40.05s/it, est. speed input: 10.49 toks/s, output: 96.01 toks/s]

Processed prompts:   0%|          | 0/1 [00:00<?, ?it/s, est. speed input: 0.00 toks/s, output: 0.00 toks/s]
Processed prompts: 100%|██████████| 1/1 [00:00<00:00,  1.04it/s, est. speed input: 424.28 toks/s, output: 91.73 toks/s]
Processed prompts: 100%|██████████| 1/1 [00:00<00:00,  1.04it/s, est. speed input: 424.28 toks/s, output: 91.73 toks/s]

Processed prompts:   0%|          | 0/1 [00:00<?, ?it/s, est. speed input: 0.00 toks/s, output: 0.00 toks/s]
Processed prompts: 100%|██████████| 1/1 [00:08<00:00,  8.00s/it, est. speed input: 589.43 toks/s, output: 91.86 toks/s]
Processed prompts: 100%|██████████| 1/1 [00:08<00:00,  8.00s/it, est. speed input: 589.43 toks/s, output: 91.86 toks/s]

Processed prompts:   0%|          | 0/1 [00:00<?, ?it/s, est. speed input: 0.00 toks/s, output: 0.00 toks/s]
Processed prompts: 100%|██████████| 1/1 [00:02<00:00,  2.86s/it, est. speed input: 272.30 toks/s, output: 93.91 toks/s]
Processed prompts: 100%|██████████| 1/1 [00:02<00:00,  2.86s/it, est. speed input: 272.30 toks/s, output: 93.91 toks/s]

Processed prompts:   0%|          | 0/1 [00:00<?, ?it/s, est. speed input: 0.00 toks/s, output: 0.00 toks/s]
Processed prompts: 100%|██████████| 1/1 [00:02<00:00,  2.65s/it, est. speed input: 647.24 toks/s, output: 91.60 toks/s]
Processed prompts: 100%|██████████| 1/1 [00:02<00:00,  2.65s/it, est. speed input: 647.24 toks/s, output: 91.60 toks/s]

Processed prompts:   0%|          | 0/1 [00:00<?, ?it/s, est. speed input: 0.00 toks/s, output: 0.00 toks/s]
Processed prompts: 100%|██████████| 1/1 [00:03<00:00,  3.61s/it, est. speed input: 108.77 toks/s, output: 95.20 toks/s]
Processed prompts: 100%|██████████| 1/1 [00:03<00:00,  3.61s/it, est. speed input: 108.77 toks/s, output: 95.20 toks/s]

Processed prompts:   0%|          | 0/1 [00:00<?, ?it/s, est. speed input: 0.00 toks/s, output: 0.00 toks/s]
Processed prompts: 100%|██████████| 1/1 [00:02<00:00,  2.90s/it, est. speed input: 795.62 toks/s, output: 90.43 toks/s]
Processed prompts: 100%|██████████| 1/1 [00:02<00:00,  2.90s/it, est. speed input: 795.62 toks/s, output: 90.43 toks/s]

Processed prompts:   0%|          | 0/1 [00:00<?, ?it/s, est. speed input: 0.00 toks/s, output: 0.00 toks/s]
Processed prompts: 100%|██████████| 1/1 [00:24<00:00, 24.32s/it, est. speed input: 69.36 toks/s, output: 95.51 toks/s]
Processed prompts: 100%|██████████| 1/1 [00:24<00:00, 24.32s/it, est. speed input: 69.36 toks/s, output: 95.51 toks/s]

Processed prompts:   0%|          | 0/1 [00:00<?, ?it/s, est. speed input: 0.00 toks/s, output: 0.00 toks/s]
Processed prompts: 100%|██████████| 1/1 [00:06<00:00,  6.78s/it, est. speed input: 254.96 toks/s, output: 94.13 toks/s]
Processed prompts: 100%|██████████| 1/1 [00:06<00:00,  6.78s/it, est. speed input: 254.96 toks/s, output: 94.13 toks/s]

Processed prompts:   0%|          | 0/1 [00:00<?, ?it/s, est. speed input: 0.00 toks/s, output: 0.00 toks/s]
Processed prompts: 100%|██████████| 1/1 [00:11<00:00, 11.63s/it, est. speed input: 1884.37 toks/s, output: 37.50 toks/s]
Processed prompts: 100%|██████████| 1/1 [00:11<00:00, 11.63s/it, est. speed input: 1884.37 toks/s, output: 37.50 toks/s]

Processed prompts:   0%|          | 0/1 [00:00<?, ?it/s, est. speed input: 0.00 toks/s, output: 0.00 toks/s]
Processed prompts: 100%|██████████| 1/1 [00:09<00:00,  9.65s/it, est. speed input: 440.31 toks/s, output: 93.89 toks/s]
Processed prompts: 100%|██████████| 1/1 [00:09<00:00,  9.65s/it, est. speed input: 440.31 toks/s, output: 93.89 toks/s]

Processed prompts:   0%|          | 0/1 [00:00<?, ?it/s, est. speed input: 0.00 toks/s, output: 0.00 toks/s]
Processed prompts: 100%|██████████| 1/1 [00:01<00:00,  1.91s/it, est. speed input: 1636.23 toks/s, output: 85.79 toks/s]
Processed prompts: 100%|██████████| 1/1 [00:01<00:00,  1.91s/it, est. speed input: 1636.23 toks/s, output: 85.79 toks/s]

Processed prompts:   0%|          | 0/1 [00:00<?, ?it/s, est. speed input: 0.00 toks/s, output: 0.00 toks/s]
Processed prompts: 100%|██████████| 1/1 [00:25<00:00, 25.35s/it, est. speed input: 15.50 toks/s, output: 97.07 toks/s]
Processed prompts: 100%|██████████| 1/1 [00:25<00:00, 25.35s/it, est. speed input: 15.50 toks/s, output: 97.07 toks/s]

Processed prompts:   0%|          | 0/1 [00:00<?, ?it/s, est. speed input: 0.00 toks/s, output: 0.00 toks/s]
Processed prompts: 100%|██████████| 1/1 [00:09<00:00,  9.51s/it, est. speed input: 45.94 toks/s, output: 97.03 toks/s]
Processed prompts: 100%|██████████| 1/1 [00:09<00:00,  9.51s/it, est. speed input: 45.94 toks/s, output: 97.03 toks/s]

Processed prompts:   0%|          | 0/1 [00:00<?, ?it/s, est. speed input: 0.00 toks/s, output: 0.00 toks/s]
Processed prompts: 100%|██████████| 1/1 [00:08<00:00,  8.31s/it, est. speed input: 344.93 toks/s, output: 93.60 toks/s]
Processed prompts: 100%|██████████| 1/1 [00:08<00:00,  8.31s/it, est. speed input: 344.93 toks/s, output: 93.60 toks/s]

Processed prompts:   0%|          | 0/1 [00:00<?, ?it/s, est. speed input: 0.00 toks/s, output: 0.00 toks/s]
Processed prompts: 100%|██████████| 1/1 [10:24<00:00, 624.52s/it, est. speed input: 1.41 toks/s, output: 51.06 toks/s]
Processed prompts: 100%|██████████| 1/1 [10:24<00:00, 624.52s/it, est. speed input: 1.41 toks/s, output: 51.06 toks/s]

Processed prompts:   0%|          | 0/1 [00:00<?, ?it/s, est. speed input: 0.00 toks/s, output: 0.00 toks/s]
Processed prompts: 100%|██████████| 1/1 [00:23<00:00, 23.33s/it, est. speed input: 34.08 toks/s, output: 95.97 toks/s]
Processed prompts: 100%|██████████| 1/1 [00:23<00:00, 23.33s/it, est. speed input: 34.08 toks/s, output: 95.97 toks/s]

Processed prompts:   0%|          | 0/1 [00:00<?, ?it/s, est. speed input: 0.00 toks/s, output: 0.00 toks/s]
Processed prompts: 100%|██████████| 1/1 [00:03<00:00,  3.76s/it, est. speed input: 608.51 toks/s, output: 92.82 toks/s]
Processed prompts: 100%|██████████| 1/1 [00:03<00:00,  3.76s/it, est. speed input: 608.51 toks/s, output: 92.82 toks/s]

Processed prompts:   0%|          | 0/1 [00:00<?, ?it/s, est. speed input: 0.00 toks/s, output: 0.00 toks/s]
Processed prompts: 100%|██████████| 1/1 [00:01<00:00,  1.54s/it, est. speed input: 275.82 toks/s, output: 94.75 toks/s]
Processed prompts: 100%|██████████| 1/1 [00:01<00:00,  1.54s/it, est. speed input: 275.82 toks/s, output: 94.75 toks/s]

Processed prompts:   0%|          | 0/1 [00:00<?, ?it/s, est. speed input: 0.00 toks/s, output: 0.00 toks/s]
Processed prompts: 100%|██████████| 1/1 [00:21<00:00, 21.90s/it, est. speed input: 27.72 toks/s, output: 96.95 toks/s]
Processed prompts: 100%|██████████| 1/1 [00:21<00:00, 21.90s/it, est. speed input: 27.72 toks/s, output: 96.95 toks/s]

Processed prompts:   0%|          | 0/1 [00:00<?, ?it/s, est. speed input: 0.00 toks/s, output: 0.00 toks/s]
Processed prompts: 100%|██████████| 1/1 [00:31<00:00, 31.41s/it, est. speed input: 27.32 toks/s, output: 96.80 toks/s]
Processed prompts: 100%|██████████| 1/1 [00:31<00:00, 31.41s/it, est. speed input: 27.32 toks/s, output: 96.80 toks/s]

Processed prompts:   0%|          | 0/1 [00:00<?, ?it/s, est. speed input: 0.00 toks/s, output: 0.00 toks/s]
Processed prompts: 100%|██████████| 1/1 [00:22<00:00, 22.65s/it, est. speed input: 74.64 toks/s, output: 95.39 toks/s]
Processed prompts: 100%|██████████| 1/1 [00:22<00:00, 22.65s/it, est. speed input: 74.64 toks/s, output: 95.39 toks/s]

Processed prompts:   0%|          | 0/1 [00:00<?, ?it/s, est. speed input: 0.00 toks/s, output: 0.00 toks/s]
Processed prompts: 100%|██████████| 1/1 [09:38<00:00, 578.59s/it, est. speed input: 8.95 toks/s, output: 47.68 toks/s]
Processed prompts: 100%|██████████| 1/1 [09:38<00:00, 578.59s/it, est. speed input: 8.95 toks/s, output: 47.68 toks/s]

Processed prompts:   0%|          | 0/1 [00:00<?, ?it/s, est. speed input: 0.00 toks/s, output: 0.00 toks/s]
Processed prompts: 100%|██████████| 1/1 [00:06<00:00,  6.08s/it, est. speed input: 135.76 toks/s, output: 95.11 toks/s]
Processed prompts: 100%|██████████| 1/1 [00:06<00:00,  6.08s/it, est. speed input: 135.76 toks/s, output: 95.11 toks/s]

Processed prompts:   0%|          | 0/1 [00:00<?, ?it/s, est. speed input: 0.00 toks/s, output: 0.00 toks/s]
Processed prompts: 100%|██████████| 1/1 [00:11<00:00, 11.96s/it, est. speed input: 35.54 toks/s, output: 95.66 toks/s]
Processed prompts: 100%|██████████| 1/1 [00:11<00:00, 11.96s/it, est. speed input: 35.54 toks/s, output: 95.66 toks/s]

Processed prompts:   0%|          | 0/1 [00:00<?, ?it/s, est. speed input: 0.00 toks/s, output: 0.00 toks/s]
Processed prompts: 100%|██████████| 1/1 [00:25<00:00, 25.08s/it, est. speed input: 327.02 toks/s, output: 44.38 toks/s]
Processed prompts: 100%|██████████| 1/1 [00:25<00:00, 25.08s/it, est. speed input: 327.02 toks/s, output: 44.38 toks/s]

Processed prompts:   0%|          | 0/1 [00:00<?, ?it/s, est. speed input: 0.00 toks/s, output: 0.00 toks/s]
Processed prompts: 100%|██████████| 1/1 [00:05<00:00,  5.93s/it, est. speed input: 918.20 toks/s, output: 90.50 toks/s]
Processed prompts: 100%|██████████| 1/1 [00:05<00:00,  5.93s/it, est. speed input: 918.20 toks/s, output: 90.50 toks/s]

Processed prompts:   0%|          | 0/1 [00:00<?, ?it/s, est. speed input: 0.00 toks/s, output: 0.00 toks/s]
Processed prompts: 100%|██████████| 1/1 [00:12<00:00, 12.65s/it, est. speed input: 30.83 toks/s, output: 96.82 toks/s]
Processed prompts: 100%|██████████| 1/1 [00:12<00:00, 12.65s/it, est. speed input: 30.83 toks/s, output: 96.82 toks/s]

Processed prompts:   0%|          | 0/1 [00:00<?, ?it/s, est. speed input: 0.00 toks/s, output: 0.00 toks/s]
Processed prompts: 100%|██████████| 1/1 [00:02<00:00,  2.81s/it, est. speed input: 902.42 toks/s, output: 90.60 toks/s]
Processed prompts: 100%|██████████| 1/1 [00:02<00:00,  2.81s/it, est. speed input: 902.42 toks/s, output: 90.60 toks/s]

Processed prompts:   0%|          | 0/1 [00:00<?, ?it/s, est. speed input: 0.00 toks/s, output: 0.00 toks/s]
Processed prompts: 100%|██████████| 1/1 [00:04<00:00,  4.58s/it, est. speed input: 440.91 toks/s, output: 93.95 toks/s]
Processed prompts: 100%|██████████| 1/1 [00:04<00:00,  4.58s/it, est. speed input: 440.91 toks/s, output: 93.95 toks/s]

Processed prompts:   0%|          | 0/1 [00:00<?, ?it/s, est. speed input: 0.00 toks/s, output: 0.00 toks/s]
Processed prompts: 100%|██████████| 1/1 [00:26<00:00, 26.11s/it, est. speed input: 51.97 toks/s, output: 96.51 toks/s]
Processed prompts: 100%|██████████| 1/1 [00:26<00:00, 26.11s/it, est. speed input: 51.97 toks/s, output: 96.51 toks/s]

Processed prompts:   0%|          | 0/1 [00:00<?, ?it/s, est. speed input: 0.00 toks/s, output: 0.00 toks/s]
Processed prompts: 100%|██████████| 1/1 [00:05<00:00,  5.27s/it, est. speed input: 1035.72 toks/s, output: 88.73 toks/s]
Processed prompts: 100%|██████████| 1/1 [00:05<00:00,  5.27s/it, est. speed input: 1035.72 toks/s, output: 88.73 toks/s]

Processed prompts:   0%|          | 0/1 [00:00<?, ?it/s, est. speed input: 0.00 toks/s, output: 0.00 toks/s]
Processed prompts: 100%|██████████| 1/1 [00:03<00:00,  3.31s/it, est. speed input: 119.30 toks/s, output: 95.14 toks/s]
Processed prompts: 100%|██████████| 1/1 [00:03<00:00,  3.31s/it, est. speed input: 119.30 toks/s, output: 95.14 toks/s]

Processed prompts:   0%|          | 0/1 [00:00<?, ?it/s, est. speed input: 0.00 toks/s, output: 0.00 toks/s]
Processed prompts: 100%|██████████| 1/1 [00:13<00:00, 13.45s/it, est. speed input: 29.82 toks/s, output: 95.92 toks/s]
Processed prompts: 100%|██████████| 1/1 [00:13<00:00, 13.45s/it, est. speed input: 29.82 toks/s, output: 95.92 toks/s]

Processed prompts:   0%|          | 0/1 [00:00<?, ?it/s, est. speed input: 0.00 toks/s, output: 0.00 toks/s]
Processed prompts: 100%|██████████| 1/1 [00:03<00:00,  3.26s/it, est. speed input: 415.39 toks/s, output: 93.03 toks/s]
Processed prompts: 100%|██████████| 1/1 [00:03<00:00,  3.26s/it, est. speed input: 415.39 toks/s, output: 93.03 toks/s]

Processed prompts:   0%|          | 0/1 [00:00<?, ?it/s, est. speed input: 0.00 toks/s, output: 0.00 toks/s]
Processed prompts: 100%|██████████| 1/1 [00:17<00:00, 17.84s/it, est. speed input: 69.95 toks/s, output: 95.56 toks/s]
Processed prompts: 100%|██████████| 1/1 [00:17<00:00, 17.84s/it, est. speed input: 69.95 toks/s, output: 95.56 toks/s]

Processed prompts:   0%|          | 0/1 [00:00<?, ?it/s, est. speed input: 0.00 toks/s, output: 0.00 toks/s]
Processed prompts: 100%|██████████| 1/1 [00:08<00:00,  8.19s/it, est. speed input: 402.62 toks/s, output: 93.15 toks/s]
Processed prompts: 100%|██████████| 1/1 [00:08<00:00,  8.19s/it, est. speed input: 402.62 toks/s, output: 93.15 toks/s]

Processed prompts:   0%|          | 0/1 [00:00<?, ?it/s, est. speed input: 0.00 toks/s, output: 0.00 toks/s]
Processed prompts: 100%|██████████| 1/1 [00:03<00:00,  3.24s/it, est. speed input: 126.41 toks/s, output: 95.19 toks/s]
Processed prompts: 100%|██████████| 1/1 [00:03<00:00,  3.24s/it, est. speed input: 126.41 toks/s, output: 95.19 toks/s]

Processed prompts:   0%|          | 0/1 [00:00<?, ?it/s, est. speed input: 0.00 toks/s, output: 0.00 toks/s]
Processed prompts: 100%|██████████| 1/1 [00:27<00:00, 27.71s/it, est. speed input: 14.14 toks/s, output: 95.87 toks/s]
Processed prompts: 100%|██████████| 1/1 [00:27<00:00, 27.71s/it, est. speed input: 14.14 toks/s, output: 95.87 toks/s]

Processed prompts:   0%|          | 0/1 [00:00<?, ?it/s, est. speed input: 0.00 toks/s, output: 0.00 toks/s]
Processed prompts: 100%|██████████| 1/1 [00:04<00:00,  4.29s/it, est. speed input: 169.89 toks/s, output: 94.62 toks/s]
Processed prompts: 100%|██████████| 1/1 [00:04<00:00,  4.29s/it, est. speed input: 169.89 toks/s, output: 94.62 toks/s]

Processed prompts:   0%|          | 0/1 [00:00<?, ?it/s, est. speed input: 0.00 toks/s, output: 0.00 toks/s]
Processed prompts: 100%|██████████| 1/1 [10:26<00:00, 626.10s/it, est. speed input: 0.63 toks/s, output: 51.71 toks/s]
Processed prompts: 100%|██████████| 1/1 [10:26<00:00, 626.10s/it, est. speed input: 0.63 toks/s, output: 51.71 toks/s]

Processed prompts:   0%|          | 0/1 [00:00<?, ?it/s, est. speed input: 0.00 toks/s, output: 0.00 toks/s]
Processed prompts: 100%|██████████| 1/1 [00:13<00:00, 13.30s/it, est. speed input: 337.86 toks/s, output: 93.64 toks/s]
Processed prompts: 100%|██████████| 1/1 [00:13<00:00, 13.30s/it, est. speed input: 337.86 toks/s, output: 93.64 toks/s]

Processed prompts:   0%|          | 0/1 [00:00<?, ?it/s, est. speed input: 0.00 toks/s, output: 0.00 toks/s]
Processed prompts: 100%|██████████| 1/1 [00:14<00:00, 14.62s/it, est. speed input: 50.89 toks/s, output: 95.69 toks/s]
Processed prompts: 100%|██████████| 1/1 [00:14<00:00, 14.62s/it, est. speed input: 50.89 toks/s, output: 95.69 toks/s]

Processed prompts:   0%|          | 0/1 [00:00<?, ?it/s, est. speed input: 0.00 toks/s, output: 0.00 toks/s]
Processed prompts: 100%|██████████| 1/1 [00:02<00:00,  2.39s/it, est. speed input: 204.22 toks/s, output: 94.38 toks/s]
Processed prompts: 100%|██████████| 1/1 [00:02<00:00,  2.39s/it, est. speed input: 204.22 toks/s, output: 94.38 toks/s]

Processed prompts:   0%|          | 0/1 [00:00<?, ?it/s, est. speed input: 0.00 toks/s, output: 0.00 toks/s]
Processed prompts: 100%|██████████| 1/1 [00:08<00:00,  8.87s/it, est. speed input: 75.51 toks/s, output: 95.69 toks/s]
Processed prompts: 100%|██████████| 1/1 [00:08<00:00,  8.87s/it, est. speed input: 75.51 toks/s, output: 95.69 toks/s]

Processed prompts:   0%|          | 0/1 [00:00<?, ?it/s, est. speed input: 0.00 toks/s, output: 0.00 toks/s]
Processed prompts: 100%|██████████| 1/1 [00:08<00:00,  8.68s/it, est. speed input: 44.91 toks/s, output: 95.93 toks/s]
Processed prompts: 100%|██████████| 1/1 [00:08<00:00,  8.68s/it, est. speed input: 44.91 toks/s, output: 95.93 toks/s]

Processed prompts:   0%|          | 0/1 [00:00<?, ?it/s, est. speed input: 0.00 toks/s, output: 0.00 toks/s]
Processed prompts: 100%|██████████| 1/1 [00:04<00:00,  4.13s/it, est. speed input: 654.79 toks/s, output: 91.53 toks/s]
Processed prompts: 100%|██████████| 1/1 [00:04<00:00,  4.13s/it, est. speed input: 654.79 toks/s, output: 91.53 toks/s]

Processed prompts:   0%|          | 0/1 [00:00<?, ?it/s, est. speed input: 0.00 toks/s, output: 0.00 toks/s]
Processed prompts: 100%|██████████| 1/1 [00:03<00:00,  3.26s/it, est. speed input: 248.57 toks/s, output: 94.21 toks/s]
Processed prompts: 100%|██████████| 1/1 [00:03<00:00,  3.26s/it, est. speed input: 248.57 toks/s, output: 94.21 toks/s]

Processed prompts:   0%|          | 0/1 [00:00<?, ?it/s, est. speed input: 0.00 toks/s, output: 0.00 toks/s]
Processed prompts: 100%|██████████| 1/1 [00:03<00:00,  3.77s/it, est. speed input: 584.50 toks/s, output: 91.88 toks/s]
Processed prompts: 100%|██████████| 1/1 [00:03<00:00,  3.77s/it, est. speed input: 584.50 toks/s, output: 91.88 toks/s]

Processed prompts:   0%|          | 0/1 [00:00<?, ?it/s, est. speed input: 0.00 toks/s, output: 0.00 toks/s]
Processed prompts: 100%|██████████| 1/1 [00:04<00:00,  4.93s/it, est. speed input: 1032.68 toks/s, output: 89.08 toks/s]
Processed prompts: 100%|██████████| 1/1 [00:04<00:00,  4.93s/it, est. speed input: 1032.68 toks/s, output: 89.08 toks/s]

Processed prompts:   0%|          | 0/1 [00:00<?, ?it/s, est. speed input: 0.00 toks/s, output: 0.00 toks/s]
Processed prompts: 100%|██████████| 1/1 [00:03<00:00,  3.24s/it, est. speed input: 271.96 toks/s, output: 94.15 toks/s]
Processed prompts: 100%|██████████| 1/1 [00:03<00:00,  3.24s/it, est. speed input: 271.96 toks/s, output: 94.15 toks/s]

Processed prompts:   0%|          | 0/1 [00:00<?, ?it/s, est. speed input: 0.00 toks/s, output: 0.00 toks/s]
Processed prompts: 100%|██████████| 1/1 [00:21<00:00, 21.27s/it, est. speed input: 18.71 toks/s, output: 96.12 toks/s]
Processed prompts: 100%|██████████| 1/1 [00:21<00:00, 21.27s/it, est. speed input: 18.71 toks/s, output: 96.12 toks/s]

Processed prompts:   0%|          | 0/1 [00:00<?, ?it/s, est. speed input: 0.00 toks/s, output: 0.00 toks/s]
Processed prompts: 100%|██████████| 1/1 [00:06<00:00,  6.00s/it, est. speed input: 2383.80 toks/s, output: 36.49 toks/s]
Processed prompts: 100%|██████████| 1/1 [00:06<00:00,  6.00s/it, est. speed input: 2383.80 toks/s, output: 36.49 toks/s]
[rank0]:[W610 09:52:43.697873668 ProcessGroupNCCL.cpp:1250] Warning: WARNING: process group has NOT been destroyed before we destruct ProcessGroupNCCL. On normal program exit, the application should call destroy_process_group to ensure that any pending NCCL operations have finished in this process. In rare cases this process can exit before this point and block the progress of another member of the process group. This constraint has always been present,  but this warning has only been added since PyTorch 2.4 (function operator())
/jet/home/byler/miniconda3/envs/s1/lib/python3.10/multiprocessing/resource_tracker.py:224: UserWarning: resource_tracker: There appear to be 1 leaked shared_memory objects to clean up at shutdown
  warnings.warn('resource_tracker: There appear to be %d '

+ cd /ocean/projects/cis240145p/byler/PSCCode/momask_baseline
+ echo 'Generating motions...'
+ conda run -n momask python generate_motions.py --start 900 --end 1000
slurmstepd: error: *** JOB 32771426 ON v034 CANCELLED AT 2025-06-10T16:55:41 DUE TO TIME LIMIT ***
slurmstepd: error: *** JOB 32771429 ON v017 CANCELLED AT 2025-06-10T17:08:07 DUE TO TIME LIMIT ***
slurmstepd: error: *** JOB 32771432 ON v005 CANCELLED AT 2025-06-10T17:31:50 DUE TO TIME LIMIT ***
slurmstepd: error: *** JOB 32771435 ON v002 CANCELLED AT 2025-06-10T20:56:09 DUE TO TIME LIMIT ***
