[youtube] Extracting URL: https://www.youtube.com/watch?v=E1pOTwapYHc&pp=ygUTaG93IHRvIGhhcnZlc3QgY29ybg%3D%3D
[youtube] E1pOTwapYHc: Downloading webpage
[youtube] E1pOTwapYHc: Downloading tv client config
[youtube] E1pOTwapYHc: Downloading player e63b9241
[youtube] E1pOTwapYHc: Downloading tv player API JSON
[youtube] Extracting URL: https://www.youtube.com/watch?v=zZOS7cMTokM&pp=ygUTaG93IHRvIGhhcnZlc3QgY29ybg%3D%3D
[youtube] zZOS7cMTokM: Downloading webpage
[youtube] zZOS7cMTokM: Downloading tv client config
[youtube] zZOS7cMTokM: Downloading tv player API JSON
[youtube] Extracting URL: https://www.youtube.com/watch?v=Y7Lx-Nw-06s&t=41s&pp=ygUWaG93IHRvIGRyaXZlIGEgdHJhY3Rvcg%3D%3D
[youtube] Y7Lx-Nw-06s: Downloading webpage
[youtube] Y7Lx-Nw-06s: Downloading tv client config
[youtube] Y7Lx-Nw-06s: Downloading tv player API JSON
[youtube] Extracting URL: https://youtu.be/Y7Lx-Nw-06s?si=JVnzdIHowbMMzzhb
[youtube] Y7Lx-Nw-06s: Downloading webpage
[youtube] Y7Lx-Nw-06s: Downloading tv client config
[youtube] Y7Lx-Nw-06s: Downloading tv player API JSON
[youtube] Extracting URL: https://www.youtube.com/watch?v=Bx1e8cI93Ys&pp=ygURaG93IHRvIHBsYW50IGNvcm4%3D
[youtube] Bx1e8cI93Ys: Downloading webpage
[youtube] Bx1e8cI93Ys: Downloading tv client config
[youtube] Bx1e8cI93Ys: Downloading tv player API JSON
[youtube] Extracting URL: https://www.youtube.com/watch?v=SzXM9BW_5pk&pp=ygURaG93IHRvIHBsYW50IGNvcm4%3D
[youtube] SzXM9BW_5pk: Downloading webpage
[youtube] SzXM9BW_5pk: Downloading tv client config
[youtube] SzXM9BW_5pk: Downloading tv player API JSON
[youtube] Extracting URL: https://www.youtube.com/watch?v=m8fyAL-FcV8&pp=ygUZaG93IHRvIHBsYW50IHN0cmF3YmVycmllcw%3D%3D
[youtube] m8fyAL-FcV8: Downloading webpage
[youtube] m8fyAL-FcV8: Downloading tv client config
[youtube] m8fyAL-FcV8: Downloading tv player API JSON
[youtube] Extracting URL: https://www.youtube.com/watch?v=N7O6QPogoRA&pp=ygUVaG93IHRvIHBsYW50IHRvbWF0b2Vz
[youtube] N7O6QPogoRA: Downloading webpage
[youtube] N7O6QPogoRA: Downloading tv client config
[youtube] N7O6QPogoRA: Downloading tv player API JSON
[youtube] Extracting URL: https://www.youtube.com/watch?v=GsxSw5OALO8&pp=ygUVaG93IHRvIHBsYW50IHRvbWF0b2Vz
[youtube] GsxSw5OALO8: Downloading webpage
[youtube] GsxSw5OALO8: Downloading tv client config
[youtube] GsxSw5OALO8: Downloading tv player API JSON
[youtube] Extracting URL: https://www.youtube.com/watch?v=zyjFXYv7uQw&pp=ygUVaG93IHRvIHBsYW50IHRvbWF0b2Vz
[youtube] zyjFXYv7uQw: Downloading webpage
[youtube] zyjFXYv7uQw: Downloading tv client config
[youtube] zyjFXYv7uQw: Downloading tv player API JSON
[youtube] Extracting URL: https://www.youtube.com/watch?v=EEFPSE41CuQ&pp=ygUfaG93IHRvIHVzZSBwZXN0aWNpZGVzIG9uIHBsYW50cw%3D%3D
[youtube] EEFPSE41CuQ: Downloading webpage
[youtube] EEFPSE41CuQ: Downloading tv client config
[youtube] EEFPSE41CuQ: Downloading tv player API JSON
[youtube] Extracting URL: https://www.youtube.com/watch?v=c4VUZfgDGmY&pp=ygUZaG93IHRvIGhhbmQgaGFydmVzdCB3aGVhdA%3D%3D
[youtube] c4VUZfgDGmY: Downloading webpage
[youtube] c4VUZfgDGmY: Downloading tv client config
[youtube] c4VUZfgDGmY: Downloading tv player API JSON
[youtube] Extracting URL: https://www.youtube.com/watch?v=udb6Ed9_LRk&t=21s&pp=ygUVdHVybiB3aGVhdCBpbnRvIGZsb3Vy
[youtube] udb6Ed9_LRk: Downloading webpage
[youtube] udb6Ed9_LRk: Downloading tv client config
[youtube] udb6Ed9_LRk: Downloading tv player API JSON
[youtube] Extracting URL: https://www.youtube.com/watch?v=Cgy3OcsXW1o&pp=ygUPZHJpdmluZyBjb21iaW5l
[youtube] Cgy3OcsXW1o: Downloading webpage
[youtube] Cgy3OcsXW1o: Downloading tv client config
[youtube] Cgy3OcsXW1o: Downloading tv player API JSON
[youtube] Extracting URL: https://www.youtube.com/watch?v=OG9YtcNb_As&pp=ygUNd2FzaGluZyB3aGVhdA%3D%3D
[youtube] OG9YtcNb_As: Downloading webpage
[youtube] OG9YtcNb_As: Downloading tv client config
[youtube] OG9YtcNb_As: Downloading tv player API JSON
[youtube] Extracting URL: https://www.youtube.com/watch?v=llnmeGL5EzY&pp=ygUaaG93IHRvIGNoYW5nZSB0cmFjdG9yIHRpcmU%3D
[youtube] llnmeGL5EzY: Downloading webpage
[youtube] llnmeGL5EzY: Downloading tv client config
[youtube] llnmeGL5EzY: Downloading tv player API JSON
[youtube] Extracting URL: https://www.youtube.com/watch?v=FM2T_2cB590&pp=ygUPZ2FyZGVuaW5nIGd1aWRl
[youtube] FM2T_2cB590: Downloading webpage
[youtube] FM2T_2cB590: Downloading tv client config
[youtube] FM2T_2cB590: Downloading tv player API JSON
[youtube] Extracting URL: https://www.youtube.com/watch?v=nn19K7VB0VM&pp=ygUSaG93IHRvIHdlZWQgZ2FyZGVu
[youtube] nn19K7VB0VM: Downloading webpage
[youtube] nn19K7VB0VM: Downloading tv client config
[youtube] nn19K7VB0VM: Downloading tv player API JSON
[youtube] Extracting URL: https://www.youtube.com/watch?v=PeF1Vzbo4vg&pp=ygUSaG93IHRvIHdlZWQgZ2FyZGVu
[youtube] PeF1Vzbo4vg: Downloading webpage
[youtube] PeF1Vzbo4vg: Downloading tv client config
[youtube] PeF1Vzbo4vg: Downloading tv player API JSON
[youtube] Extracting URL: https://www.youtube.com/watch?v=A11SHsRWptY&pp=ygUUaG93IHRvIGdyb3cgcHVtcGtpbnM%3D
[youtube] A11SHsRWptY: Downloading webpage
[youtube] A11SHsRWptY: Downloading tv client config
[youtube] A11SHsRWptY: Downloading tv player API JSON
[youtube] Extracting URL: https://www.youtube.com/watch?v=3hYJRD-PWXc&pp=ygUUaG93IHRvIGdyb3cgcHVtcGtpbnM%3D
[youtube] 3hYJRD-PWXc: Downloading webpage
[youtube] 3hYJRD-PWXc: Downloading tv client config
[youtube] 3hYJRD-PWXc: Downloading tv player API JSON
[youtube] Extracting URL: https://www.youtube.com/watch?v=e2pJO_dSbnA&pp=ygUVaG93IHRvIHBsYW50IHBvdGF0b2Vz
[youtube] e2pJO_dSbnA: Downloading webpage
[youtube] e2pJO_dSbnA: Downloading tv client config
[youtube] e2pJO_dSbnA: Downloading tv player API JSON
[youtube] Extracting URL: https://www.youtube.com/watch?v=6-hf0L5CaWE&pp=ygUOdHJhY3RvciByZXBhaXI%3D
[youtube] 6-hf0L5CaWE: Downloading webpage
[youtube] 6-hf0L5CaWE: Downloading tv client config
[youtube] 6-hf0L5CaWE: Downloading tv player API JSON
[youtube] Extracting URL: https://www.youtube.com/watch?v=c10odzuN2HQ&pp=ygUOdHJhY3RvciByZXBhaXI%3D
[youtube] c10odzuN2HQ: Downloading webpage
[youtube] c10odzuN2HQ: Downloading tv client config
[youtube] c10odzuN2HQ: Downloading tv player API JSON
[youtube] Extracting URL: https://www.youtube.com/watch?v=kYqahodYpvM&pp=ygUPY3JvcCBoYXJ2ZXN0aW5n
[youtube] kYqahodYpvM: Downloading webpage
[youtube] kYqahodYpvM: Downloading tv client config
[youtube] kYqahodYpvM: Downloading tv player API JSON
[youtube] Extracting URL: https://www.youtube.com/watch?v=NpLyAvlowtA&pp=ygUPY3JvcCBoYXJ2ZXN0aW5n
[youtube] NpLyAvlowtA: Downloading webpage
[youtube] NpLyAvlowtA: Downloading tv client config
[youtube] NpLyAvlowtA: Downloading tv player API JSON
[youtube] Extracting URL: https://www.youtube.com/watch?v=MNGjWVerCFo&pp=ygUSdHJhY3RvciBoYXJ2ZXN0aW5n
[youtube] MNGjWVerCFo: Downloading webpage
[youtube] MNGjWVerCFo: Downloading tv client config
[youtube] MNGjWVerCFo: Downloading tv player API JSON
[youtube] Extracting URL: https://www.youtube.com/watch?v=BUskYTgO4GM&pp=ygUYcmVtb3ZlIGtlcm5lbHMgZnJvbSBjb3Ju
[youtube] BUskYTgO4GM: Downloading webpage
[youtube] BUskYTgO4GM: Downloading tv client config
[youtube] BUskYTgO4GM: Downloading tv player API JSON
[youtube] Extracting URL: https://www.youtube.com/watch?v=TcmCO_0iVE0&rco=1
[youtube] TcmCO_0iVE0: Downloading webpage
[youtube] TcmCO_0iVE0: Downloading tv client config
[youtube] TcmCO_0iVE0: Downloading tv player API JSON

