+ cd /ocean/projects/cis240145p/byler/PSCCode
+ cd video_processing
+ cd rawvideos
+ TOTAL_DOWNLOADED=0
+ for URL_LIST in "${FILES[@]}"
++ basename ../videos.txt .txt
+ BASENAME=videos
+ LOG_FILE=videos_downloaded.log
+ echo ''
+ echo 'Processing: ../videos.txt'
+ echo 'Log file: videos_downloaded.log'
+ touch videos_downloaded.log
+ grep -vxFf videos_downloaded.log ../videos.txt
+ '[' -s temp_remaining_videos.txt ']'
+ echo '✅ Finished processing ../videos.txt or hit limit.'
+ rm -f current_batch_videos.txt temp_remaining_videos.txt
+ for URL_LIST in "${FILES[@]}"
++ basename ../videos_s1.txt .txt
+ BASENAME=videos_s1
+ LOG_FILE=videos_s1_downloaded.log
+ echo ''
+ echo 'Processing: ../videos_s1.txt'
+ echo 'Log file: videos_s1_downloaded.log'
+ touch videos_s1_downloaded.log
+ grep -vxFf videos_s1_downloaded.log ../videos_s1.txt
+ '[' -s temp_remaining_videos_s1.txt ']'
+ '[' 0 -ge 3 ']'
+ echo 'Starting new batch for ../videos_s1.txt...'
+ REMAINING=3
+ CURRENT_BATCH_SIZE=3
+ head -n 3 temp_remaining_videos_s1.txt
+ conda run -n whisper yt-dlp --merge-output-format mp4 --cookies ../cookies.txt -o '%(id)s.%(ext)s' -a current_batch_videos_s1.txt
+ cat current_batch_videos_s1.txt
+ sed -i 1,3d temp_remaining_videos_s1.txt
+ TOTAL_DOWNLOADED=3
+ echo 'Batch complete (3 / 3 downloaded).'
+ sleep 300
+ '[' -s temp_remaining_videos_s1.txt ']'
+ '[' 3 -ge 3 ']'
+ echo '🚫 Reached max download limit of 3 videos. Stopping.'
+ break 2
+ echo ''
+ echo '🎉 Script complete. Total videos downloaded: 3'
+ echo 'Beginning transcription...'
+ cd ..
+ conda run -n whisper python identify_videos.py
+ conda run -n whisper python masswhisper.py
  File "/ocean/projects/cis240145p/byler/PSCCode/video_processing/masswhisper.py", line 43
    file = open("transcripts/" + str(id) + ".txt", "w")
TabError: inconsistent use of tabs and spaces in indentation

ERROR conda.cli.main_run:execute(125): `conda run python masswhisper.py` failed. (See above for error)
