+ cd /ocean/projects/cis240145p/byler
+ cd batchdata/rawvideos/
+ conda run -n whisper yt-dlp -a ../videos.txt -x --audio-format mp3 -k --cookies ../cookies.txt
WARNING: [youtube] E1pOTwapYHc: nsig extraction failed: Some formats may be missing
         Install PhantomJS to workaround the issue. Please download it from https://phantomjs.org/download.html
         n = LfKezFdeAE9je8 ; player = https://www.youtube.com/s/player/e63b9241/player_ias.vflset/en_US/base.js
WARNING: [youtube] E1pOTwapYHc: nsig extraction failed: Some formats may be missing
         Install PhantomJS to workaround the issue. Please download it from https://phantomjs.org/download.html
         n = stBScHQvCT3g17 ; player = https://www.youtube.com/s/player/e63b9241/player_ias.vflset/en_US/base.js
WARNING: [youtube] E1pOTwapYHc: nsig extraction failed: Some formats may be missing
         Install PhantomJS to workaround the issue. Please download it from https://phantomjs.org/download.html
         n = eNJ5DZ2rMA-Jic ; player = https://www.youtube.com/s/player/e63b9241/player_ias.vflset/en_US/base.js
WARNING: [youtube] E1pOTwapYHc: nsig extraction failed: Some formats may be missing
         Install PhantomJS to workaround the issue. Please download it from https://phantomjs.org/download.html
         n = 9vfI26TvW903yg ; player = https://www.youtube.com/s/player/e63b9241/player_ias.vflset/en_US/base.js
WARNING: Only images are available for download. use --list-formats to see them
ERROR: [youtube] E1pOTwapYHc: Requested format is not available. Use --list-formats for a list of available formats
WARNING: [youtube] zZOS7cMTokM: nsig extraction failed: Some formats may be missing
         Install PhantomJS to workaround the issue. Please download it from https://phantomjs.org/download.html
         n = Ecpr_6rMySdprq ; player = https://www.youtube.com/s/player/e63b9241/player_ias.vflset/en_US/base.js
WARNING: [youtube] zZOS7cMTokM: nsig extraction failed: Some formats may be missing
         Install PhantomJS to workaround the issue. Please download it from https://phantomjs.org/download.html
         n = Itt2366Dxe8tub ; player = https://www.youtube.com/s/player/e63b9241/player_ias.vflset/en_US/base.js
WARNING: [youtube] zZOS7cMTokM: nsig extraction failed: Some formats may be missing
         Install PhantomJS to workaround the issue. Please download it from https://phantomjs.org/download.html
         n = sfKycIbphEC5Q4 ; player = https://www.youtube.com/s/player/e63b9241/player_ias.vflset/en_US/base.js
WARNING: [youtube] zZOS7cMTokM: nsig extraction failed: Some formats may be missing
         Install PhantomJS to workaround the issue. Please download it from https://phantomjs.org/download.html
         n = xf7mQM2ZYRJp0j ; player = https://www.youtube.com/s/player/e63b9241/player_ias.vflset/en_US/base.js
WARNING: Only images are available for download. use --list-formats to see them
ERROR: [youtube] zZOS7cMTokM: Requested format is not available. Use --list-formats for a list of available formats
WARNING: [youtube] Y7Lx-Nw-06s: nsig extraction failed: Some formats may be missing
         Install PhantomJS to workaround the issue. Please download it from https://phantomjs.org/download.html
         n = XD6j73EgOcf7vD ; player = https://www.youtube.com/s/player/e63b9241/player_ias.vflset/en_US/base.js
WARNING: [youtube] Y7Lx-Nw-06s: nsig extraction failed: Some formats may be missing
         Install PhantomJS to workaround the issue. Please download it from https://phantomjs.org/download.html
         n = 5FFmerJI49yB_g ; player = https://www.youtube.com/s/player/e63b9241/player_ias.vflset/en_US/base.js
WARNING: [youtube] Y7Lx-Nw-06s: nsig extraction failed: Some formats may be missing
         Install PhantomJS to workaround the issue. Please download it from https://phantomjs.org/download.html
         n = gb0mn6hzu8-iWc ; player = https://www.youtube.com/s/player/e63b9241/player_ias.vflset/en_US/base.js
WARNING: [youtube] Y7Lx-Nw-06s: nsig extraction failed: Some formats may be missing
         Install PhantomJS to workaround the issue. Please download it from https://phantomjs.org/download.html
         n = BBx5B85pe_2tqL ; player = https://www.youtube.com/s/player/e63b9241/player_ias.vflset/en_US/base.js
WARNING: Only images are available for download. use --list-formats to see them
ERROR: [youtube] Y7Lx-Nw-06s: Requested format is not available. Use --list-formats for a list of available formats
WARNING: [youtube] Y7Lx-Nw-06s: nsig extraction failed: Some formats may be missing
         Install PhantomJS to workaround the issue. Please download it from https://phantomjs.org/download.html
         n = IO6J-JhqPLHVIV ; player = https://www.youtube.com/s/player/e63b9241/player_ias.vflset/en_US/base.js
WARNING: [youtube] Y7Lx-Nw-06s: nsig extraction failed: Some formats may be missing
         Install PhantomJS to workaround the issue. Please download it from https://phantomjs.org/download.html
         n = 9ypn8TP5YLbkN9 ; player = https://www.youtube.com/s/player/e63b9241/player_ias.vflset/en_US/base.js
WARNING: [youtube] Y7Lx-Nw-06s: nsig extraction failed: Some formats may be missing
         Install PhantomJS to workaround the issue. Please download it from https://phantomjs.org/download.html
         n = Dl25bZaQxqpvNS ; player = https://www.youtube.com/s/player/e63b9241/player_ias.vflset/en_US/base.js
WARNING: [youtube] Y7Lx-Nw-06s: nsig extraction failed: Some formats may be missing
         Install PhantomJS to workaround the issue. Please download it from https://phantomjs.org/download.html
         n = UhOM0s1RJxPoD6 ; player = https://www.youtube.com/s/player/e63b9241/player_ias.vflset/en_US/base.js
WARNING: Only images are available for download. use --list-formats to see them
ERROR: [youtube] Y7Lx-Nw-06s: Requested format is not available. Use --list-formats for a list of available formats
WARNING: [youtube] Bx1e8cI93Ys: nsig extraction failed: Some formats may be missing
         Install PhantomJS to workaround the issue. Please download it from https://phantomjs.org/download.html
         n = z_QrVwDnwBF0ih ; player = https://www.youtube.com/s/player/e63b9241/player_ias.vflset/en_US/base.js
WARNING: [youtube] Bx1e8cI93Ys: nsig extraction failed: Some formats may be missing
         Install PhantomJS to workaround the issue. Please download it from https://phantomjs.org/download.html
         n = 0m9Kp7FyNV446Z ; player = https://www.youtube.com/s/player/e63b9241/player_ias.vflset/en_US/base.js
WARNING: [youtube] Bx1e8cI93Ys: nsig extraction failed: Some formats may be missing
         Install PhantomJS to workaround the issue. Please download it from https://phantomjs.org/download.html
         n = PZHdFqqXU548Mw ; player = https://www.youtube.com/s/player/e63b9241/player_ias.vflset/en_US/base.js
WARNING: [youtube] Bx1e8cI93Ys: nsig extraction failed: Some formats may be missing
         Install PhantomJS to workaround the issue. Please download it from https://phantomjs.org/download.html
         n = ZNMLgpHhoSbOyB ; player = https://www.youtube.com/s/player/e63b9241/player_ias.vflset/en_US/base.js
WARNING: Only images are available for download. use --list-formats to see them
ERROR: [youtube] Bx1e8cI93Ys: Requested format is not available. Use --list-formats for a list of available formats
WARNING: [youtube] SzXM9BW_5pk: nsig extraction failed: Some formats may be missing
         Install PhantomJS to workaround the issue. Please download it from https://phantomjs.org/download.html
         n = fk-kMuudgmlloO ; player = https://www.youtube.com/s/player/e63b9241/player_ias.vflset/en_US/base.js
WARNING: [youtube] SzXM9BW_5pk: nsig extraction failed: Some formats may be missing
         Install PhantomJS to workaround the issue. Please download it from https://phantomjs.org/download.html
         n = xBAZCIGRrFANpX ; player = https://www.youtube.com/s/player/e63b9241/player_ias.vflset/en_US/base.js
WARNING: [youtube] SzXM9BW_5pk: nsig extraction failed: Some formats may be missing
         Install PhantomJS to workaround the issue. Please download it from https://phantomjs.org/download.html
         n = pbMKesNxQkHEGi ; player = https://www.youtube.com/s/player/e63b9241/player_ias.vflset/en_US/base.js
WARNING: [youtube] SzXM9BW_5pk: nsig extraction failed: Some formats may be missing
         Install PhantomJS to workaround the issue. Please download it from https://phantomjs.org/download.html
         n = 55hKMc1E-o6qwh ; player = https://www.youtube.com/s/player/e63b9241/player_ias.vflset/en_US/base.js
WARNING: Only images are available for download. use --list-formats to see them
ERROR: [youtube] SzXM9BW_5pk: Requested format is not available. Use --list-formats for a list of available formats
WARNING: [youtube] m8fyAL-FcV8: nsig extraction failed: Some formats may be missing
         Install PhantomJS to workaround the issue. Please download it from https://phantomjs.org/download.html
         n = oY4GWahD06S9wo ; player = https://www.youtube.com/s/player/e63b9241/player_ias.vflset/en_US/base.js
WARNING: [youtube] m8fyAL-FcV8: nsig extraction failed: Some formats may be missing
         Install PhantomJS to workaround the issue. Please download it from https://phantomjs.org/download.html
         n = PxyFjn9gLUb-Bm ; player = https://www.youtube.com/s/player/e63b9241/player_ias.vflset/en_US/base.js
WARNING: [youtube] m8fyAL-FcV8: nsig extraction failed: Some formats may be missing
         Install PhantomJS to workaround the issue. Please download it from https://phantomjs.org/download.html
         n = XTsj7wIjus4gCa ; player = https://www.youtube.com/s/player/e63b9241/player_ias.vflset/en_US/base.js
WARNING: [youtube] m8fyAL-FcV8: nsig extraction failed: Some formats may be missing
         Install PhantomJS to workaround the issue. Please download it from https://phantomjs.org/download.html
         n = lBiGuI5FoddGyW ; player = https://www.youtube.com/s/player/e63b9241/player_ias.vflset/en_US/base.js
WARNING: Only images are available for download. use --list-formats to see them
ERROR: [youtube] m8fyAL-FcV8: Requested format is not available. Use --list-formats for a list of available formats
WARNING: [youtube] N7O6QPogoRA: nsig extraction failed: Some formats may be missing
         Install PhantomJS to workaround the issue. Please download it from https://phantomjs.org/download.html
         n = Sq03WDpfkRs9aL ; player = https://www.youtube.com/s/player/e63b9241/player_ias.vflset/en_US/base.js
WARNING: [youtube] N7O6QPogoRA: nsig extraction failed: Some formats may be missing
         Install PhantomJS to workaround the issue. Please download it from https://phantomjs.org/download.html
         n = FCuEHvRzRM-P9T ; player = https://www.youtube.com/s/player/e63b9241/player_ias.vflset/en_US/base.js
WARNING: [youtube] N7O6QPogoRA: nsig extraction failed: Some formats may be missing
         Install PhantomJS to workaround the issue. Please download it from https://phantomjs.org/download.html
         n = tZPpTbBJ-nIWoq ; player = https://www.youtube.com/s/player/e63b9241/player_ias.vflset/en_US/base.js
WARNING: [youtube] N7O6QPogoRA: nsig extraction failed: Some formats may be missing
         Install PhantomJS to workaround the issue. Please download it from https://phantomjs.org/download.html
         n = gl6o33t6oQhjjG ; player = https://www.youtube.com/s/player/e63b9241/player_ias.vflset/en_US/base.js
WARNING: Only images are available for download. use --list-formats to see them
ERROR: [youtube] N7O6QPogoRA: Requested format is not available. Use --list-formats for a list of available formats
WARNING: [youtube] GsxSw5OALO8: nsig extraction failed: Some formats may be missing
         Install PhantomJS to workaround the issue. Please download it from https://phantomjs.org/download.html
         n = WLEmmlKy_A9Pu9 ; player = https://www.youtube.com/s/player/e63b9241/player_ias.vflset/en_US/base.js
WARNING: [youtube] GsxSw5OALO8: nsig extraction failed: Some formats may be missing
         Install PhantomJS to workaround the issue. Please download it from https://phantomjs.org/download.html
         n = MVc9Olf6f4eMyM ; player = https://www.youtube.com/s/player/e63b9241/player_ias.vflset/en_US/base.js
WARNING: [youtube] GsxSw5OALO8: nsig extraction failed: Some formats may be missing
         Install PhantomJS to workaround the issue. Please download it from https://phantomjs.org/download.html
         n = LnF8d1iVXCQ4MB ; player = https://www.youtube.com/s/player/e63b9241/player_ias.vflset/en_US/base.js
WARNING: [youtube] GsxSw5OALO8: nsig extraction failed: Some formats may be missing
         Install PhantomJS to workaround the issue. Please download it from https://phantomjs.org/download.html
         n = svxpb0Mf7XnHNx ; player = https://www.youtube.com/s/player/e63b9241/player_ias.vflset/en_US/base.js
WARNING: Only images are available for download. use --list-formats to see them
ERROR: [youtube] GsxSw5OALO8: Requested format is not available. Use --list-formats for a list of available formats
WARNING: [youtube] zyjFXYv7uQw: nsig extraction failed: Some formats may be missing
         Install PhantomJS to workaround the issue. Please download it from https://phantomjs.org/download.html
         n = _Op83IDHrSU-wO ; player = https://www.youtube.com/s/player/e63b9241/player_ias.vflset/en_US/base.js
WARNING: [youtube] zyjFXYv7uQw: nsig extraction failed: Some formats may be missing
         Install PhantomJS to workaround the issue. Please download it from https://phantomjs.org/download.html
         n = iVyuAYgcgNSZ1p ; player = https://www.youtube.com/s/player/e63b9241/player_ias.vflset/en_US/base.js
WARNING: [youtube] zyjFXYv7uQw: nsig extraction failed: Some formats may be missing
         Install PhantomJS to workaround the issue. Please download it from https://phantomjs.org/download.html
         n = HElC6futRB1E2C ; player = https://www.youtube.com/s/player/e63b9241/player_ias.vflset/en_US/base.js
WARNING: [youtube] zyjFXYv7uQw: nsig extraction failed: Some formats may be missing
         Install PhantomJS to workaround the issue. Please download it from https://phantomjs.org/download.html
         n = h3s0KhXRA8b39y ; player = https://www.youtube.com/s/player/e63b9241/player_ias.vflset/en_US/base.js
WARNING: Only images are available for download. use --list-formats to see them
ERROR: [youtube] zyjFXYv7uQw: Requested format is not available. Use --list-formats for a list of available formats
WARNING: [youtube] EEFPSE41CuQ: nsig extraction failed: Some formats may be missing
         Install PhantomJS to workaround the issue. Please download it from https://phantomjs.org/download.html
         n = eqtoH5w9u179Zr ; player = https://www.youtube.com/s/player/e63b9241/player_ias.vflset/en_US/base.js
WARNING: [youtube] EEFPSE41CuQ: nsig extraction failed: Some formats may be missing
         Install PhantomJS to workaround the issue. Please download it from https://phantomjs.org/download.html
         n = akoPjgyzDFP_qk ; player = https://www.youtube.com/s/player/e63b9241/player_ias.vflset/en_US/base.js
WARNING: [youtube] EEFPSE41CuQ: nsig extraction failed: Some formats may be missing
         Install PhantomJS to workaround the issue. Please download it from https://phantomjs.org/download.html
         n = zrM4ViWlPqEn46 ; player = https://www.youtube.com/s/player/e63b9241/player_ias.vflset/en_US/base.js
WARNING: [youtube] EEFPSE41CuQ: nsig extraction failed: Some formats may be missing
         Install PhantomJS to workaround the issue. Please download it from https://phantomjs.org/download.html
         n = CgDnOMcqlo3vhg ; player = https://www.youtube.com/s/player/e63b9241/player_ias.vflset/en_US/base.js
WARNING: Only images are available for download. use --list-formats to see them
ERROR: [youtube] EEFPSE41CuQ: Requested format is not available. Use --list-formats for a list of available formats
WARNING: [youtube] c4VUZfgDGmY: nsig extraction failed: Some formats may be missing
         Install PhantomJS to workaround the issue. Please download it from https://phantomjs.org/download.html
         n = x0bDLioE9pSVUX ; player = https://www.youtube.com/s/player/e63b9241/player_ias.vflset/en_US/base.js
WARNING: [youtube] c4VUZfgDGmY: nsig extraction failed: Some formats may be missing
         Install PhantomJS to workaround the issue. Please download it from https://phantomjs.org/download.html
         n = CzQ5rdP3Pkman6 ; player = https://www.youtube.com/s/player/e63b9241/player_ias.vflset/en_US/base.js
WARNING: [youtube] c4VUZfgDGmY: nsig extraction failed: Some formats may be missing
         Install PhantomJS to workaround the issue. Please download it from https://phantomjs.org/download.html
         n = zRJo97FOg-6YRV ; player = https://www.youtube.com/s/player/e63b9241/player_ias.vflset/en_US/base.js
WARNING: [youtube] c4VUZfgDGmY: nsig extraction failed: Some formats may be missing
         Install PhantomJS to workaround the issue. Please download it from https://phantomjs.org/download.html
         n = 1tK0WsfJoIkvlO ; player = https://www.youtube.com/s/player/e63b9241/player_ias.vflset/en_US/base.js
WARNING: Only images are available for download. use --list-formats to see them
ERROR: [youtube] c4VUZfgDGmY: Requested format is not available. Use --list-formats for a list of available formats
WARNING: [youtube] udb6Ed9_LRk: nsig extraction failed: Some formats may be missing
         Install PhantomJS to workaround the issue. Please download it from https://phantomjs.org/download.html
         n = 46grbfmrkESlp- ; player = https://www.youtube.com/s/player/e63b9241/player_ias.vflset/en_US/base.js
WARNING: [youtube] udb6Ed9_LRk: nsig extraction failed: Some formats may be missing
         Install PhantomJS to workaround the issue. Please download it from https://phantomjs.org/download.html
         n = MY1Bt5WfcbePVv ; player = https://www.youtube.com/s/player/e63b9241/player_ias.vflset/en_US/base.js
WARNING: [youtube] udb6Ed9_LRk: nsig extraction failed: Some formats may be missing
         Install PhantomJS to workaround the issue. Please download it from https://phantomjs.org/download.html
         n = JyyB6OpGld1K6c ; player = https://www.youtube.com/s/player/e63b9241/player_ias.vflset/en_US/base.js
WARNING: [youtube] udb6Ed9_LRk: nsig extraction failed: Some formats may be missing
         Install PhantomJS to workaround the issue. Please download it from https://phantomjs.org/download.html
         n = QQH1D4IPKkLn82 ; player = https://www.youtube.com/s/player/e63b9241/player_ias.vflset/en_US/base.js
WARNING: Only images are available for download. use --list-formats to see them
ERROR: [youtube] udb6Ed9_LRk: Requested format is not available. Use --list-formats for a list of available formats
WARNING: [youtube] Cgy3OcsXW1o: nsig extraction failed: Some formats may be missing
         Install PhantomJS to workaround the issue. Please download it from https://phantomjs.org/download.html
         n = Dojd_a1xuHOFLF ; player = https://www.youtube.com/s/player/e63b9241/player_ias.vflset/en_US/base.js
WARNING: [youtube] Cgy3OcsXW1o: nsig extraction failed: Some formats may be missing
         Install PhantomJS to workaround the issue. Please download it from https://phantomjs.org/download.html
         n = nPIF4N-KmZZ62S ; player = https://www.youtube.com/s/player/e63b9241/player_ias.vflset/en_US/base.js
WARNING: [youtube] Cgy3OcsXW1o: nsig extraction failed: Some formats may be missing
         Install PhantomJS to workaround the issue. Please download it from https://phantomjs.org/download.html
         n = 70O2MiFdzBxaXe ; player = https://www.youtube.com/s/player/e63b9241/player_ias.vflset/en_US/base.js
WARNING: [youtube] Cgy3OcsXW1o: nsig extraction failed: Some formats may be missing
         Install PhantomJS to workaround the issue. Please download it from https://phantomjs.org/download.html
         n = p7KObnl955j6Tz ; player = https://www.youtube.com/s/player/e63b9241/player_ias.vflset/en_US/base.js
WARNING: Only images are available for download. use --list-formats to see them
ERROR: [youtube] Cgy3OcsXW1o: Requested format is not available. Use --list-formats for a list of available formats
WARNING: [youtube] OG9YtcNb_As: nsig extraction failed: Some formats may be missing
         Install PhantomJS to workaround the issue. Please download it from https://phantomjs.org/download.html
         n = VVW2L7V10uny6A ; player = https://www.youtube.com/s/player/e63b9241/player_ias.vflset/en_US/base.js
WARNING: [youtube] OG9YtcNb_As: nsig extraction failed: Some formats may be missing
         Install PhantomJS to workaround the issue. Please download it from https://phantomjs.org/download.html
         n = QVOril6xqthxl0 ; player = https://www.youtube.com/s/player/e63b9241/player_ias.vflset/en_US/base.js
WARNING: [youtube] OG9YtcNb_As: nsig extraction failed: Some formats may be missing
         Install PhantomJS to workaround the issue. Please download it from https://phantomjs.org/download.html
         n = lkpjInpc-_ZfEj ; player = https://www.youtube.com/s/player/e63b9241/player_ias.vflset/en_US/base.js
WARNING: [youtube] OG9YtcNb_As: nsig extraction failed: Some formats may be missing
         Install PhantomJS to workaround the issue. Please download it from https://phantomjs.org/download.html
         n = NuC4co8sGnb-g- ; player = https://www.youtube.com/s/player/e63b9241/player_ias.vflset/en_US/base.js
WARNING: Only images are available for download. use --list-formats to see them
ERROR: [youtube] OG9YtcNb_As: Requested format is not available. Use --list-formats for a list of available formats
WARNING: [youtube] llnmeGL5EzY: nsig extraction failed: Some formats may be missing
         Install PhantomJS to workaround the issue. Please download it from https://phantomjs.org/download.html
         n = LoAvFd41t1xaZA ; player = https://www.youtube.com/s/player/e63b9241/player_ias.vflset/en_US/base.js
WARNING: [youtube] llnmeGL5EzY: nsig extraction failed: Some formats may be missing
         Install PhantomJS to workaround the issue. Please download it from https://phantomjs.org/download.html
         n = 6WMgXG8a0oS6_h ; player = https://www.youtube.com/s/player/e63b9241/player_ias.vflset/en_US/base.js
WARNING: [youtube] llnmeGL5EzY: nsig extraction failed: Some formats may be missing
         Install PhantomJS to workaround the issue. Please download it from https://phantomjs.org/download.html
         n = FExShiaMluCWqE ; player = https://www.youtube.com/s/player/e63b9241/player_ias.vflset/en_US/base.js
WARNING: [youtube] llnmeGL5EzY: nsig extraction failed: Some formats may be missing
         Install PhantomJS to workaround the issue. Please download it from https://phantomjs.org/download.html
         n = 98i28RSdyglkxm ; player = https://www.youtube.com/s/player/e63b9241/player_ias.vflset/en_US/base.js
WARNING: Only images are available for download. use --list-formats to see them
ERROR: [youtube] llnmeGL5EzY: Requested format is not available. Use --list-formats for a list of available formats
WARNING: [youtube] FM2T_2cB590: nsig extraction failed: Some formats may be missing
         Install PhantomJS to workaround the issue. Please download it from https://phantomjs.org/download.html
         n = HsJnwIZ7rrrPcH ; player = https://www.youtube.com/s/player/e63b9241/player_ias.vflset/en_US/base.js
WARNING: [youtube] FM2T_2cB590: nsig extraction failed: Some formats may be missing
         Install PhantomJS to workaround the issue. Please download it from https://phantomjs.org/download.html
         n = TSRIZlcM_rO7qx ; player = https://www.youtube.com/s/player/e63b9241/player_ias.vflset/en_US/base.js
WARNING: [youtube] FM2T_2cB590: nsig extraction failed: Some formats may be missing
         Install PhantomJS to workaround the issue. Please download it from https://phantomjs.org/download.html
         n = nX1oQyXDHwkxJ7 ; player = https://www.youtube.com/s/player/e63b9241/player_ias.vflset/en_US/base.js
WARNING: [youtube] FM2T_2cB590: nsig extraction failed: Some formats may be missing
         Install PhantomJS to workaround the issue. Please download it from https://phantomjs.org/download.html
         n = Vy5SKcMRQpJFkI ; player = https://www.youtube.com/s/player/e63b9241/player_ias.vflset/en_US/base.js
WARNING: Only images are available for download. use --list-formats to see them
ERROR: [youtube] FM2T_2cB590: Requested format is not available. Use --list-formats for a list of available formats
WARNING: [youtube] nn19K7VB0VM: nsig extraction failed: Some formats may be missing
         Install PhantomJS to workaround the issue. Please download it from https://phantomjs.org/download.html
         n = 64p6HhElwhc-r3 ; player = https://www.youtube.com/s/player/e63b9241/player_ias.vflset/en_US/base.js
WARNING: [youtube] nn19K7VB0VM: nsig extraction failed: Some formats may be missing
         Install PhantomJS to workaround the issue. Please download it from https://phantomjs.org/download.html
         n = NHk6BiW0ApZb56 ; player = https://www.youtube.com/s/player/e63b9241/player_ias.vflset/en_US/base.js
WARNING: [youtube] nn19K7VB0VM: nsig extraction failed: Some formats may be missing
         Install PhantomJS to workaround the issue. Please download it from https://phantomjs.org/download.html
         n = hQsvLYP2vGdxbR ; player = https://www.youtube.com/s/player/e63b9241/player_ias.vflset/en_US/base.js
WARNING: [youtube] nn19K7VB0VM: nsig extraction failed: Some formats may be missing
         Install PhantomJS to workaround the issue. Please download it from https://phantomjs.org/download.html
         n = L26eu_r63cRqfy ; player = https://www.youtube.com/s/player/e63b9241/player_ias.vflset/en_US/base.js
WARNING: Only images are available for download. use --list-formats to see them
ERROR: [youtube] nn19K7VB0VM: Requested format is not available. Use --list-formats for a list of available formats
WARNING: [youtube] PeF1Vzbo4vg: nsig extraction failed: Some formats may be missing
         Install PhantomJS to workaround the issue. Please download it from https://phantomjs.org/download.html
         n = MBJKVAjvROBhHw ; player = https://www.youtube.com/s/player/e63b9241/player_ias.vflset/en_US/base.js
WARNING: [youtube] PeF1Vzbo4vg: nsig extraction failed: Some formats may be missing
         Install PhantomJS to workaround the issue. Please download it from https://phantomjs.org/download.html
         n = OuH8cRFrIzo8p1 ; player = https://www.youtube.com/s/player/e63b9241/player_ias.vflset/en_US/base.js
WARNING: [youtube] PeF1Vzbo4vg: nsig extraction failed: Some formats may be missing
         Install PhantomJS to workaround the issue. Please download it from https://phantomjs.org/download.html
         n = iC25ExnsW6XL0R ; player = https://www.youtube.com/s/player/e63b9241/player_ias.vflset/en_US/base.js
WARNING: [youtube] PeF1Vzbo4vg: nsig extraction failed: Some formats may be missing
         Install PhantomJS to workaround the issue. Please download it from https://phantomjs.org/download.html
         n = sQp5mK5phdm0ma ; player = https://www.youtube.com/s/player/e63b9241/player_ias.vflset/en_US/base.js
WARNING: Only images are available for download. use --list-formats to see them
ERROR: [youtube] PeF1Vzbo4vg: Requested format is not available. Use --list-formats for a list of available formats
WARNING: [youtube] A11SHsRWptY: nsig extraction failed: Some formats may be missing
         Install PhantomJS to workaround the issue. Please download it from https://phantomjs.org/download.html
         n = LMZ-LV1yqa_1cx ; player = https://www.youtube.com/s/player/e63b9241/player_ias.vflset/en_US/base.js
WARNING: [youtube] A11SHsRWptY: nsig extraction failed: Some formats may be missing
         Install PhantomJS to workaround the issue. Please download it from https://phantomjs.org/download.html
         n = RH5Uz0fFP_XNpT ; player = https://www.youtube.com/s/player/e63b9241/player_ias.vflset/en_US/base.js
WARNING: [youtube] A11SHsRWptY: nsig extraction failed: Some formats may be missing
         Install PhantomJS to workaround the issue. Please download it from https://phantomjs.org/download.html
         n = -dQlQh8tUTeqUA ; player = https://www.youtube.com/s/player/e63b9241/player_ias.vflset/en_US/base.js
WARNING: [youtube] A11SHsRWptY: nsig extraction failed: Some formats may be missing
         Install PhantomJS to workaround the issue. Please download it from https://phantomjs.org/download.html
         n = qMTePV2JOZDNS5 ; player = https://www.youtube.com/s/player/e63b9241/player_ias.vflset/en_US/base.js
WARNING: Only images are available for download. use --list-formats to see them
ERROR: [youtube] A11SHsRWptY: Requested format is not available. Use --list-formats for a list of available formats
WARNING: [youtube] 3hYJRD-PWXc: nsig extraction failed: Some formats may be missing
         Install PhantomJS to workaround the issue. Please download it from https://phantomjs.org/download.html
         n = bOTDYQf1PwWIYJ ; player = https://www.youtube.com/s/player/e63b9241/player_ias.vflset/en_US/base.js
WARNING: [youtube] 3hYJRD-PWXc: nsig extraction failed: Some formats may be missing
         Install PhantomJS to workaround the issue. Please download it from https://phantomjs.org/download.html
         n = yMqkWAC8RNv2M2 ; player = https://www.youtube.com/s/player/e63b9241/player_ias.vflset/en_US/base.js
WARNING: [youtube] 3hYJRD-PWXc: nsig extraction failed: Some formats may be missing
         Install PhantomJS to workaround the issue. Please download it from https://phantomjs.org/download.html
         n = IJ_dsc0cQPcMKv ; player = https://www.youtube.com/s/player/e63b9241/player_ias.vflset/en_US/base.js
WARNING: [youtube] 3hYJRD-PWXc: nsig extraction failed: Some formats may be missing
         Install PhantomJS to workaround the issue. Please download it from https://phantomjs.org/download.html
         n = QDYT0DjFFqPc5B ; player = https://www.youtube.com/s/player/e63b9241/player_ias.vflset/en_US/base.js
WARNING: Only images are available for download. use --list-formats to see them
ERROR: [youtube] 3hYJRD-PWXc: Requested format is not available. Use --list-formats for a list of available formats
WARNING: [youtube] e2pJO_dSbnA: nsig extraction failed: Some formats may be missing
         Install PhantomJS to workaround the issue. Please download it from https://phantomjs.org/download.html
         n = iLMMuatmjvuynj ; player = https://www.youtube.com/s/player/e63b9241/player_ias.vflset/en_US/base.js
WARNING: [youtube] e2pJO_dSbnA: nsig extraction failed: Some formats may be missing
         Install PhantomJS to workaround the issue. Please download it from https://phantomjs.org/download.html
         n = 07yzm6t_Ee6gU6 ; player = https://www.youtube.com/s/player/e63b9241/player_ias.vflset/en_US/base.js
WARNING: [youtube] e2pJO_dSbnA: nsig extraction failed: Some formats may be missing
         Install PhantomJS to workaround the issue. Please download it from https://phantomjs.org/download.html
         n = PoWkiDxUNyiTSq ; player = https://www.youtube.com/s/player/e63b9241/player_ias.vflset/en_US/base.js
WARNING: [youtube] e2pJO_dSbnA: nsig extraction failed: Some formats may be missing
         Install PhantomJS to workaround the issue. Please download it from https://phantomjs.org/download.html
         n = tTGQ5xeQU-yJWm ; player = https://www.youtube.com/s/player/e63b9241/player_ias.vflset/en_US/base.js
WARNING: Only images are available for download. use --list-formats to see them
ERROR: [youtube] e2pJO_dSbnA: Requested format is not available. Use --list-formats for a list of available formats
WARNING: [youtube] 6-hf0L5CaWE: nsig extraction failed: Some formats may be missing
         Install PhantomJS to workaround the issue. Please download it from https://phantomjs.org/download.html
         n = OweCCYE4Dh3Cd1 ; player = https://www.youtube.com/s/player/e63b9241/player_ias.vflset/en_US/base.js
WARNING: [youtube] 6-hf0L5CaWE: nsig extraction failed: Some formats may be missing
         Install PhantomJS to workaround the issue. Please download it from https://phantomjs.org/download.html
         n = irTVBAIKFPQjTy ; player = https://www.youtube.com/s/player/e63b9241/player_ias.vflset/en_US/base.js
WARNING: [youtube] 6-hf0L5CaWE: nsig extraction failed: Some formats may be missing
         Install PhantomJS to workaround the issue. Please download it from https://phantomjs.org/download.html
         n = lMdMofAVNZdqKd ; player = https://www.youtube.com/s/player/e63b9241/player_ias.vflset/en_US/base.js
WARNING: [youtube] 6-hf0L5CaWE: nsig extraction failed: Some formats may be missing
         Install PhantomJS to workaround the issue. Please download it from https://phantomjs.org/download.html
         n = atqWu6BfBfDwSr ; player = https://www.youtube.com/s/player/e63b9241/player_ias.vflset/en_US/base.js
WARNING: Only images are available for download. use --list-formats to see them
ERROR: [youtube] 6-hf0L5CaWE: Requested format is not available. Use --list-formats for a list of available formats
WARNING: [youtube] c10odzuN2HQ: nsig extraction failed: Some formats may be missing
         Install PhantomJS to workaround the issue. Please download it from https://phantomjs.org/download.html
         n = kv6B_IIdRu_BwE ; player = https://www.youtube.com/s/player/e63b9241/player_ias.vflset/en_US/base.js
WARNING: [youtube] c10odzuN2HQ: nsig extraction failed: Some formats may be missing
         Install PhantomJS to workaround the issue. Please download it from https://phantomjs.org/download.html
         n = sbFLjVBUiJIlS1 ; player = https://www.youtube.com/s/player/e63b9241/player_ias.vflset/en_US/base.js
WARNING: [youtube] c10odzuN2HQ: nsig extraction failed: Some formats may be missing
         Install PhantomJS to workaround the issue. Please download it from https://phantomjs.org/download.html
         n = YVaS_L1Q4s7BkW ; player = https://www.youtube.com/s/player/e63b9241/player_ias.vflset/en_US/base.js
WARNING: [youtube] c10odzuN2HQ: nsig extraction failed: Some formats may be missing
         Install PhantomJS to workaround the issue. Please download it from https://phantomjs.org/download.html
         n = YYKZB9nUyXMvFA ; player = https://www.youtube.com/s/player/e63b9241/player_ias.vflset/en_US/base.js
WARNING: Only images are available for download. use --list-formats to see them
ERROR: [youtube] c10odzuN2HQ: Requested format is not available. Use --list-formats for a list of available formats
WARNING: [youtube] kYqahodYpvM: nsig extraction failed: Some formats may be missing
         Install PhantomJS to workaround the issue. Please download it from https://phantomjs.org/download.html
         n = _LviT7EVSj5rye ; player = https://www.youtube.com/s/player/e63b9241/player_ias.vflset/en_US/base.js
WARNING: [youtube] kYqahodYpvM: nsig extraction failed: Some formats may be missing
         Install PhantomJS to workaround the issue. Please download it from https://phantomjs.org/download.html
         n = 93JNxKcLPqO4lR ; player = https://www.youtube.com/s/player/e63b9241/player_ias.vflset/en_US/base.js
WARNING: [youtube] kYqahodYpvM: nsig extraction failed: Some formats may be missing
         Install PhantomJS to workaround the issue. Please download it from https://phantomjs.org/download.html
         n = qvfmg_oSaIhZLQ ; player = https://www.youtube.com/s/player/e63b9241/player_ias.vflset/en_US/base.js
WARNING: [youtube] kYqahodYpvM: nsig extraction failed: Some formats may be missing
         Install PhantomJS to workaround the issue. Please download it from https://phantomjs.org/download.html
         n = UWI7A0H7SkZPfL ; player = https://www.youtube.com/s/player/e63b9241/player_ias.vflset/en_US/base.js
WARNING: Only images are available for download. use --list-formats to see them
ERROR: [youtube] kYqahodYpvM: Requested format is not available. Use --list-formats for a list of available formats
WARNING: [youtube] NpLyAvlowtA: nsig extraction failed: Some formats may be missing
         Install PhantomJS to workaround the issue. Please download it from https://phantomjs.org/download.html
         n = Ur7rNJHX5jSK74 ; player = https://www.youtube.com/s/player/e63b9241/player_ias.vflset/en_US/base.js
WARNING: [youtube] NpLyAvlowtA: nsig extraction failed: Some formats may be missing
         Install PhantomJS to workaround the issue. Please download it from https://phantomjs.org/download.html
         n = gHSSV_fHnxfAJl ; player = https://www.youtube.com/s/player/e63b9241/player_ias.vflset/en_US/base.js
WARNING: [youtube] NpLyAvlowtA: nsig extraction failed: Some formats may be missing
         Install PhantomJS to workaround the issue. Please download it from https://phantomjs.org/download.html
         n = 7cUkPZTfUNiX5Y ; player = https://www.youtube.com/s/player/e63b9241/player_ias.vflset/en_US/base.js
WARNING: [youtube] NpLyAvlowtA: nsig extraction failed: Some formats may be missing
         Install PhantomJS to workaround the issue. Please download it from https://phantomjs.org/download.html
         n = xjbHHAww4zJ85u ; player = https://www.youtube.com/s/player/e63b9241/player_ias.vflset/en_US/base.js
WARNING: Only images are available for download. use --list-formats to see them
ERROR: [youtube] NpLyAvlowtA: Requested format is not available. Use --list-formats for a list of available formats
WARNING: [youtube] MNGjWVerCFo: nsig extraction failed: Some formats may be missing
         Install PhantomJS to workaround the issue. Please download it from https://phantomjs.org/download.html
         n = nyEbvwBa3xY8CU ; player = https://www.youtube.com/s/player/e63b9241/player_ias.vflset/en_US/base.js
WARNING: [youtube] MNGjWVerCFo: nsig extraction failed: Some formats may be missing
         Install PhantomJS to workaround the issue. Please download it from https://phantomjs.org/download.html
         n = kra5sUKaM-Dlhk ; player = https://www.youtube.com/s/player/e63b9241/player_ias.vflset/en_US/base.js
WARNING: [youtube] MNGjWVerCFo: nsig extraction failed: Some formats may be missing
         Install PhantomJS to workaround the issue. Please download it from https://phantomjs.org/download.html
         n = bNNWV2iGpqgWt3 ; player = https://www.youtube.com/s/player/e63b9241/player_ias.vflset/en_US/base.js
WARNING: [youtube] MNGjWVerCFo: nsig extraction failed: Some formats may be missing
         Install PhantomJS to workaround the issue. Please download it from https://phantomjs.org/download.html
         n = RWvpPJwfbhQB2y ; player = https://www.youtube.com/s/player/e63b9241/player_ias.vflset/en_US/base.js
WARNING: Only images are available for download. use --list-formats to see them
ERROR: [youtube] MNGjWVerCFo: Requested format is not available. Use --list-formats for a list of available formats
WARNING: [youtube] BUskYTgO4GM: nsig extraction failed: Some formats may be missing
         Install PhantomJS to workaround the issue. Please download it from https://phantomjs.org/download.html
         n = JOB5dDDERc6DEc ; player = https://www.youtube.com/s/player/e63b9241/player_ias.vflset/en_US/base.js
WARNING: [youtube] BUskYTgO4GM: nsig extraction failed: Some formats may be missing
         Install PhantomJS to workaround the issue. Please download it from https://phantomjs.org/download.html
         n = myArPXkbXEDOC6 ; player = https://www.youtube.com/s/player/e63b9241/player_ias.vflset/en_US/base.js
WARNING: [youtube] BUskYTgO4GM: nsig extraction failed: Some formats may be missing
         Install PhantomJS to workaround the issue. Please download it from https://phantomjs.org/download.html
         n = ZL8DdDKiwKdrKC ; player = https://www.youtube.com/s/player/e63b9241/player_ias.vflset/en_US/base.js
WARNING: [youtube] BUskYTgO4GM: nsig extraction failed: Some formats may be missing
         Install PhantomJS to workaround the issue. Please download it from https://phantomjs.org/download.html
         n = GzBEmb7i09ruCT ; player = https://www.youtube.com/s/player/e63b9241/player_ias.vflset/en_US/base.js
WARNING: Only images are available for download. use --list-formats to see them
ERROR: [youtube] BUskYTgO4GM: Requested format is not available. Use --list-formats for a list of available formats
WARNING: [youtube] TcmCO_0iVE0: nsig extraction failed: Some formats may be missing
         Install PhantomJS to workaround the issue. Please download it from https://phantomjs.org/download.html
         n = cyY8cxU-Z5WgFq ; player = https://www.youtube.com/s/player/e63b9241/player_ias.vflset/en_US/base.js
WARNING: [youtube] TcmCO_0iVE0: nsig extraction failed: Some formats may be missing
         Install PhantomJS to workaround the issue. Please download it from https://phantomjs.org/download.html
         n = DwEHLAjviby5jR ; player = https://www.youtube.com/s/player/e63b9241/player_ias.vflset/en_US/base.js
WARNING: [youtube] TcmCO_0iVE0: nsig extraction failed: Some formats may be missing
         Install PhantomJS to workaround the issue. Please download it from https://phantomjs.org/download.html
         n = RzzRh-gQNWe5UM ; player = https://www.youtube.com/s/player/e63b9241/player_ias.vflset/en_US/base.js
WARNING: [youtube] TcmCO_0iVE0: nsig extraction failed: Some formats may be missing
         Install PhantomJS to workaround the issue. Please download it from https://phantomjs.org/download.html
         n = MbMgkurcQH0eac ; player = https://www.youtube.com/s/player/e63b9241/player_ias.vflset/en_US/base.js
WARNING: Only images are available for download. use --list-formats to see them
ERROR: [youtube] TcmCO_0iVE0: Requested format is not available. Use --list-formats for a list of available formats

ERROR conda.cli.main_run:execute(125): `conda run yt-dlp -a ../videos.txt -x --audio-format mp3 -k --cookies ../cookies.txt` failed. (See above for error)
+ cd ..
+ conda run -n whisper python masswhisper.py
