+ cd /ocean/projects/cis240145p/byler/PSCCode
+ cd video_processing
+ cd rawvideos
+ echo 'YT-DLP LOG'
+ TOTAL_DOWNLOADED=0
+ for URL_LIST in "${FILES[@]}"
++ basename ../output/video_downloading/videos.txt .txt
+ BASENAME=videos
+ LOG_FILE=videos_downloaded.log
+ echo ''
+ echo 'Processing: ../output/video_downloading/videos.txt'
+ echo 'Log file: videos_downloaded.log'
+ touch videos_downloaded.log
+ grep -vxFf videos_downloaded.log ../output/video_downloading/videos.txt
+ '[' -s temp_remaining_videos.txt ']'
+ echo '✅ Finished processing ../output/video_downloading/videos.txt or hit limit.'
+ rm -f current_batch_videos.txt temp_remaining_videos.txt
+ for URL_LIST in "${FILES[@]}"
++ basename ../output/video_downloading/videos_s1_1.txt .txt
+ BASENAME=videos_s1_1
+ LOG_FILE=videos_s1_1_downloaded.log
+ echo ''
+ echo 'Processing: ../output/video_downloading/videos_s1_1.txt'
+ echo 'Log file: videos_s1_1_downloaded.log'
+ touch videos_s1_1_downloaded.log
+ grep -vxFf videos_s1_1_downloaded.log ../output/video_downloading/videos_s1_1.txt
+ '[' -s temp_remaining_videos_s1_1.txt ']'
+ '[' 0 -ge 500 ']'
+ echo 'Starting new batch for ../output/video_downloading/videos_s1_1.txt...'
+ REMAINING=500
+ CURRENT_BATCH_SIZE=15
+ head -n 15 temp_remaining_videos_s1_1.txt
+ conda run -n whisper yt-dlp --merge-output-format mp4 --cookies ../cookies.txt -o '%(id)s.%(ext)s' -a current_batch_videos_s1_1.txt
/var/spool/slurm/d/job32596639/slurm_script: line 51: conda: command not found
+ cat current_batch_videos_s1_1.txt
+ sed -i 1,15d temp_remaining_videos_s1_1.txt
+ TOTAL_DOWNLOADED=15
+ echo 'Batch complete (15 / 500 downloaded).'
+ sleep 300
slurmstepd: error: *** JOB 32596639 ON v030 CANCELLED AT 2025-05-28T15:11:30 DUE TO TIME LIMIT ***
